---------------------------------------------------------------
[ 2020-08-17T18:31:48+08:00 ] 127.0.0.1 GET www.huaxiang.com/xcx/login/login.html
[运行时间：0.186961s] [吞吐率：5.35req/s] [内存消耗：1,580.49kb] [文件加载：47]
[ info ] [ LANG ] D:\phpStudy\PHPTutorial\WWW\newxcx\huaxiang\thinkphp\lang\zh-cn.php
[ info ] [ ROUTE ] array (
  'type' => 'module',
  'module' => 
  array (
    0 => 'xcx',
    1 => 'login',
    2 => 'login',
  ),
)
[ info ] [ HEADER ] array (
  'accept-language' => 'zh-CN,zh;q=0.9',
  'accept-encoding' => 'gzip, deflate',
  'accept' => 'text/html,application/xhtml+xml,application/xml;q=0.9,image/webp,image/apng,*/*;q=0.8,application/signed-exchange;v=b3',
  'user-agent' => 'Mozilla/5.0 (Windows NT 10.0; Win64; x64) AppleWebKit/537.36 (KHTML, like Gecko) Chrome/78.0.3904.70 Safari/537.36',
  'upgrade-insecure-requests' => '1',
  'connection' => 'close',
  'host' => 'www.huaxiang.com',
)
[ info ] [ PARAM ] array (
  '/xcx/login/login_html' => '',
)
[ info ] [ RUN ] app\xcx\controller\Login->login[ D:\phpStudy\PHPTutorial\WWW\newxcx\huaxiang\application\xcx\controller\Login.php ]
[ info ] [ VIEW ] D:\phpStudy\PHPTutorial\WWW\newxcx\huaxiang\public/../application/xcx\view\login\login.html [ array (
) ]
[ info ] [ LOG ] INIT File
---------------------------------------------------------------
[ 2020-08-17T18:32:01+08:00 ] 127.0.0.1 GET www.huaxiang.com/api/cate/getlines
[运行时间：0.119342s] [吞吐率：8.38req/s] [内存消耗：2,265.65kb] [文件加载：51]
[ info ] [ LANG ] D:\phpStudy\PHPTutorial\WWW\newxcx\huaxiang\thinkphp\lang\zh-cn.php
[ info ] [ ROUTE ] array (
  'type' => 'module',
  'module' => 
  array (
    0 => 'api',
    1 => 'cate',
    2 => 'getlines',
  ),
)
[ info ] [ HEADER ] array (
  'accept-language' => 'zh-CN,zh;q=0.9',
  'accept-encoding' => 'gzip, deflate',
  'accept' => 'text/html,application/xhtml+xml,application/xml;q=0.9,image/webp,image/apng,*/*;q=0.8,application/signed-exchange;v=b3',
  'user-agent' => 'Mozilla/5.0 (Windows NT 10.0; Win64; x64) AppleWebKit/537.36 (KHTML, like Gecko) Chrome/78.0.3904.70 Safari/537.36',
  'upgrade-insecure-requests' => '1',
  'connection' => 'close',
  'host' => 'www.huaxiang.com',
)
[ info ] [ PARAM ] array (
  '/api/cate/getlines' => '',
)
[ info ] [ RUN ] app\api\controller\Cate->getlines[ D:\phpStudy\PHPTutorial\WWW\newxcx\huaxiang\application\api\controller\Cate.php ]
[ info ] [ DB ] INIT mysql
[ info ] [ LOG ] INIT File
[ sql ] [ DB ] CONNECT:[ UseTime:0.010230s ] mysql:host=127.0.0.1;port=3306;dbname=xcxnew;charset=utf8mb4
[ sql ] [ SQL ] SHOW COLUMNS FROM `tk_stop` [ RunTime:0.039820s ]
[ sql ] [ SQL ] SELECT * FROM `tk_stop` WHERE  `city` = '墨尔本' [ RunTime:0.001781s ]
---------------------------------------------------------------
[ 2020-08-17T18:32:41+08:00 ] 127.0.0.1 GET www.huaxiang.com/api/cate/getlines
[运行时间：0.122529s] [吞吐率：8.16req/s] [内存消耗：2,171.20kb] [文件加载：51]
[ info ] [ LANG ] D:\phpStudy\PHPTutorial\WWW\newxcx\huaxiang\thinkphp\lang\zh-cn.php
[ info ] [ ROUTE ] array (
  'type' => 'module',
  'module' => 
  array (
    0 => 'api',
    1 => 'cate',
    2 => 'getlines',
  ),
)
[ info ] [ HEADER ] array (
  'accept-language' => 'zh-CN,zh;q=0.9',
  'accept-encoding' => 'gzip, deflate',
  'accept' => 'text/html,application/xhtml+xml,application/xml;q=0.9,image/webp,image/apng,*/*;q=0.8,application/signed-exchange;v=b3',
  'user-agent' => 'Mozilla/5.0 (Windows NT 10.0; Win64; x64) AppleWebKit/537.36 (KHTML, like Gecko) Chrome/78.0.3904.70 Safari/537.36',
  'upgrade-insecure-requests' => '1',
  'cache-control' => 'max-age=0',
  'connection' => 'close',
  'host' => 'www.huaxiang.com',
)
[ info ] [ PARAM ] array (
  '/api/cate/getlines' => '',
)
[ info ] [ RUN ] app\api\controller\Cate->getlines[ D:\phpStudy\PHPTutorial\WWW\newxcx\huaxiang\application\api\controller\Cate.php ]
[ info ] [ DB ] INIT mysql
[ info ] [ LOG ] INIT File
[ sql ] [ DB ] CONNECT:[ UseTime:0.001741s ] mysql:host=127.0.0.1;port=3306;dbname=xcxnew;charset=utf8mb4
[ sql ] [ SQL ] SHOW COLUMNS FROM `tk_stop` [ RunTime:0.019463s ]
[ sql ] [ SQL ] SELECT * FROM `tk_stop` WHERE  `city` = '墨尔本' GROUP BY `line` [ RunTime:0.037352s ]
---------------------------------------------------------------
[ 2020-08-17T18:35:13+08:00 ] 127.0.0.1 GET www.huaxiang.com/api/cate/getlines
[运行时间：0.146186s] [吞吐率：6.84req/s] [内存消耗：2,143.36kb] [文件加载：52]
[ info ] [ LANG ] D:\phpStudy\PHPTutorial\WWW\newxcx\huaxiang\thinkphp\lang\zh-cn.php
[ info ] [ ROUTE ] array (
  'type' => 'module',
  'module' => 
  array (
    0 => 'api',
    1 => 'cate',
    2 => 'getlines',
  ),
)
[ info ] [ HEADER ] array (
  'accept-language' => 'zh-CN,zh;q=0.9',
  'accept-encoding' => 'gzip, deflate',
  'accept' => 'text/html,application/xhtml+xml,application/xml;q=0.9,image/webp,image/apng,*/*;q=0.8,application/signed-exchange;v=b3',
  'user-agent' => 'Mozilla/5.0 (Windows NT 10.0; Win64; x64) AppleWebKit/537.36 (KHTML, like Gecko) Chrome/78.0.3904.70 Safari/537.36',
  'upgrade-insecure-requests' => '1',
  'cache-control' => 'max-age=0',
  'connection' => 'close',
  'host' => 'www.huaxiang.com',
)
[ info ] [ PARAM ] array (
  '/api/cate/getlines' => '',
)
[ info ] [ RUN ] app\api\controller\Cate->getlines[ D:\phpStudy\PHPTutorial\WWW\newxcx\huaxiang\application\api\controller\Cate.php ]
[ info ] [ DB ] INIT mysql
[ info ] [ LOG ] INIT File
[ sql ] [ DB ] CONNECT:[ UseTime:0.006348s ] mysql:host=127.0.0.1;port=3306;dbname=xcxnew;charset=utf8mb4
[ sql ] [ SQL ] SHOW COLUMNS FROM `tk_stop` [ RunTime:0.032450s ]
[ sql ] [ SQL ] SELECT * FROM `tk_stop` WHERE  `city` = '墨尔本' GROUP BY `line` [ RunTime:0.020681s ]
---------------------------------------------------------------
[ 2020-08-17T18:35:48+08:00 ] 127.0.0.1 GET www.huaxiang.com/api/cate/getlines
[运行时间：0.103396s] [吞吐率：9.67req/s] [内存消耗：2,139.73kb] [文件加载：52]
[ info ] [ LANG ] D:\phpStudy\PHPTutorial\WWW\newxcx\huaxiang\thinkphp\lang\zh-cn.php
[ info ] [ ROUTE ] array (
  'type' => 'module',
  'module' => 
  array (
    0 => 'api',
    1 => 'cate',
    2 => 'getlines',
  ),
)
[ info ] [ HEADER ] array (
  'accept-language' => 'zh-CN,zh;q=0.9',
  'accept-encoding' => 'gzip, deflate',
  'accept' => 'text/html,application/xhtml+xml,application/xml;q=0.9,image/webp,image/apng,*/*;q=0.8,application/signed-exchange;v=b3',
  'user-agent' => 'Mozilla/5.0 (Windows NT 10.0; Win64; x64) AppleWebKit/537.36 (KHTML, like Gecko) Chrome/78.0.3904.70 Safari/537.36',
  'upgrade-insecure-requests' => '1',
  'cache-control' => 'max-age=0',
  'connection' => 'close',
  'host' => 'www.huaxiang.com',
)
[ info ] [ PARAM ] array (
  '/api/cate/getlines' => '',
)
[ info ] [ RUN ] app\api\controller\Cate->getlines[ D:\phpStudy\PHPTutorial\WWW\newxcx\huaxiang\application\api\controller\Cate.php ]
[ info ] [ DB ] INIT mysql
[ info ] [ LOG ] INIT File
[ sql ] [ DB ] CONNECT:[ UseTime:0.003236s ] mysql:host=127.0.0.1;port=3306;dbname=xcxnew;charset=utf8mb4
[ sql ] [ SQL ] SHOW COLUMNS FROM `tk_stop` [ RunTime:0.015818s ]
[ sql ] [ SQL ] SELECT `line` FROM `tk_stop` WHERE  `city` = '墨尔本' GROUP BY `line` [ RunTime:0.010838s ]
---------------------------------------------------------------
[ 2020-08-17T18:43:33+08:00 ] 127.0.0.1 GET www.huaxiang.com/api/cate/getlines?city=bulisiban
[运行时间：0.097286s] [吞吐率：10.28req/s] [内存消耗：2,139.16kb] [文件加载：52]
[ info ] [ LANG ] D:\phpStudy\PHPTutorial\WWW\newxcx\huaxiang\thinkphp\lang\zh-cn.php
[ info ] [ ROUTE ] array (
  'type' => 'module',
  'module' => 
  array (
    0 => 'api',
    1 => 'cate',
    2 => 'getlines',
  ),
)
[ info ] [ HEADER ] array (
  'accept-language' => 'zh-CN,zh;q=0.9',
  'accept-encoding' => 'gzip, deflate',
  'accept' => 'text/html,application/xhtml+xml,application/xml;q=0.9,image/webp,image/apng,*/*;q=0.8,application/signed-exchange;v=b3',
  'user-agent' => 'Mozilla/5.0 (Windows NT 10.0; Win64; x64) AppleWebKit/537.36 (KHTML, like Gecko) Chrome/78.0.3904.70 Safari/537.36',
  'upgrade-insecure-requests' => '1',
  'connection' => 'close',
  'host' => 'www.huaxiang.com',
)
[ info ] [ PARAM ] array (
  '/api/cate/getlines' => '',
  'city' => 'bulisiban',
)
[ info ] [ RUN ] app\api\controller\Cate->getlines[ D:\phpStudy\PHPTutorial\WWW\newxcx\huaxiang\application\api\controller\Cate.php ]
[ info ] [ DB ] INIT mysql
[ info ] [ LOG ] INIT File
[ sql ] [ DB ] CONNECT:[ UseTime:0.003765s ] mysql:host=127.0.0.1;port=3306;dbname=xcxnew;charset=utf8mb4
[ sql ] [ SQL ] SHOW COLUMNS FROM `tk_stop` [ RunTime:0.014195s ]
[ sql ] [ SQL ] SELECT `line` FROM `tk_stop` WHERE  `city` = 'bulisiban' GROUP BY `line` [ RunTime:0.005979s ]
---------------------------------------------------------------
[ 2020-08-17T18:44:29+08:00 ] 127.0.0.1 GET www.huaxiang.com/api/cate/getlines
[运行时间：0.100086s] [吞吐率：9.99req/s] [内存消耗：2,139.38kb] [文件加载：52]
[ info ] [ LANG ] D:\phpStudy\PHPTutorial\WWW\newxcx\huaxiang\thinkphp\lang\zh-cn.php
[ info ] [ ROUTE ] array (
  'type' => 'module',
  'module' => 
  array (
    0 => 'api',
    1 => 'cate',
    2 => 'getlines',
  ),
)
[ info ] [ HEADER ] array (
  'accept-language' => 'zh-CN,zh;q=0.9',
  'accept-encoding' => 'gzip, deflate',
  'accept' => 'text/html,application/xhtml+xml,application/xml;q=0.9,image/webp,image/apng,*/*;q=0.8,application/signed-exchange;v=b3',
  'user-agent' => 'Mozilla/5.0 (Windows NT 10.0; Win64; x64) AppleWebKit/537.36 (KHTML, like Gecko) Chrome/78.0.3904.70 Safari/537.36',
  'upgrade-insecure-requests' => '1',
  'connection' => 'close',
  'host' => 'www.huaxiang.com',
)
[ info ] [ PARAM ] array (
  '/api/cate/getlines' => '',
)
[ info ] [ RUN ] app\api\controller\Cate->getlines[ D:\phpStudy\PHPTutorial\WWW\newxcx\huaxiang\application\api\controller\Cate.php ]
[ info ] [ DB ] INIT mysql
[ info ] [ LOG ] INIT File
[ sql ] [ DB ] CONNECT:[ UseTime:0.001533s ] mysql:host=127.0.0.1;port=3306;dbname=xcxnew;charset=utf8mb4
[ sql ] [ SQL ] SHOW COLUMNS FROM `tk_stop` [ RunTime:0.014840s ]
[ sql ] [ SQL ] SELECT `line` FROM `tk_stop` WHERE  `city` = '墨尔本' GROUP BY `line` [ RunTime:0.011479s ]
---------------------------------------------------------------
[ 2020-08-17T18:47:11+08:00 ] 127.0.0.1 GET www.huaxiang.com/api/cate/getStop
[运行时间：0.583512s] [吞吐率：1.71req/s] [内存消耗：2,188.36kb] [文件加载：57]
[ info ] [ LANG ] D:\phpStudy\PHPTutorial\WWW\newxcx\huaxiang\thinkphp\lang\zh-cn.php
[ info ] [ ROUTE ] array (
  'type' => 'module',
  'module' => 
  array (
    0 => 'api',
    1 => 'cate',
    2 => 'getStop',
  ),
)
[ info ] [ HEADER ] array (
  'accept-language' => 'zh-CN,zh;q=0.9',
  'accept-encoding' => 'gzip, deflate',
  'accept' => 'text/html,application/xhtml+xml,application/xml;q=0.9,image/webp,image/apng,*/*;q=0.8,application/signed-exchange;v=b3',
  'user-agent' => 'Mozilla/5.0 (Windows NT 10.0; Win64; x64) AppleWebKit/537.36 (KHTML, like Gecko) Chrome/78.0.3904.70 Safari/537.36',
  'upgrade-insecure-requests' => '1',
  'connection' => 'close',
  'host' => 'www.huaxiang.com',
)
[ info ] [ PARAM ] array (
  '/api/cate/getStop' => '',
)
[ info ] [ RUN ] app\api\controller\Cate->getStop[ D:\phpStudy\PHPTutorial\WWW\newxcx\huaxiang\application\api\controller\Cate.php ]
[ info ] [ DB ] INIT mysql
[ info ] [ LOG ] INIT File
[ sql ] [ DB ] CONNECT:[ UseTime:0.001238s ] mysql:host=127.0.0.1;port=3306;dbname=xcxnew;charset=utf8mb4
[ sql ] [ SQL ] SHOW COLUMNS FROM `tk_stop` [ RunTime:0.013581s ]
[ error ] [10501]SQLSTATE[42S22]: Column not found: 1054 Unknown column 'asc' in 'order clause'[D:\phpStudy\PHPTutorial\WWW\newxcx\huaxiang\thinkphp\library\think\db\Connection.php:385]
---------------------------------------------------------------
[ 2020-08-17T18:47:48+08:00 ] 127.0.0.1 GET www.huaxiang.com/api/cate/getStop
[运行时间：0.088791s] [吞吐率：11.26req/s] [内存消耗：2,141.17kb] [文件加载：52]
[ info ] [ LANG ] D:\phpStudy\PHPTutorial\WWW\newxcx\huaxiang\thinkphp\lang\zh-cn.php
[ info ] [ ROUTE ] array (
  'type' => 'module',
  'module' => 
  array (
    0 => 'api',
    1 => 'cate',
    2 => 'getStop',
  ),
)
[ info ] [ HEADER ] array (
  'accept-language' => 'zh-CN,zh;q=0.9',
  'accept-encoding' => 'gzip, deflate',
  'accept' => 'text/html,application/xhtml+xml,application/xml;q=0.9,image/webp,image/apng,*/*;q=0.8,application/signed-exchange;v=b3',
  'user-agent' => 'Mozilla/5.0 (Windows NT 10.0; Win64; x64) AppleWebKit/537.36 (KHTML, like Gecko) Chrome/78.0.3904.70 Safari/537.36',
  'upgrade-insecure-requests' => '1',
  'cache-control' => 'max-age=0',
  'connection' => 'close',
  'host' => 'www.huaxiang.com',
)
[ info ] [ PARAM ] array (
  '/api/cate/getStop' => '',
)
[ info ] [ RUN ] app\api\controller\Cate->getStop[ D:\phpStudy\PHPTutorial\WWW\newxcx\huaxiang\application\api\controller\Cate.php ]
[ info ] [ DB ] INIT mysql
[ info ] [ LOG ] INIT File
[ sql ] [ DB ] CONNECT:[ UseTime:0.001145s ] mysql:host=127.0.0.1;port=3306;dbname=xcxnew;charset=utf8mb4
[ sql ] [ SQL ] SHOW COLUMNS FROM `tk_stop` [ RunTime:0.014452s ]
[ sql ] [ SQL ] SELECT `stop`,`area` FROM `tk_stop` WHERE  `line` IS NULL ORDER BY `sorder` ASC [ RunTime:0.000697s ]
---------------------------------------------------------------
[ 2020-08-17T18:48:40+08:00 ] 127.0.0.1 GET www.huaxiang.com/api/cate/getStop?line=Alamein
[运行时间：0.082468s] [吞吐率：12.13req/s] [内存消耗：2,144.54kb] [文件加载：52]
[ info ] [ LANG ] D:\phpStudy\PHPTutorial\WWW\newxcx\huaxiang\thinkphp\lang\zh-cn.php
[ info ] [ ROUTE ] array (
  'type' => 'module',
  'module' => 
  array (
    0 => 'api',
    1 => 'cate',
    2 => 'getStop',
  ),
)
[ info ] [ HEADER ] array (
  'accept-language' => 'zh-CN,zh;q=0.9',
  'accept-encoding' => 'gzip, deflate',
  'accept' => 'text/html,application/xhtml+xml,application/xml;q=0.9,image/webp,image/apng,*/*;q=0.8,application/signed-exchange;v=b3',
  'user-agent' => 'Mozilla/5.0 (Windows NT 10.0; Win64; x64) AppleWebKit/537.36 (KHTML, like Gecko) Chrome/78.0.3904.70 Safari/537.36',
  'upgrade-insecure-requests' => '1',
  'connection' => 'close',
  'host' => 'www.huaxiang.com',
)
[ info ] [ PARAM ] array (
  '/api/cate/getStop' => '',
  'line' => 'Alamein',
)
[ info ] [ RUN ] app\api\controller\Cate->getStop[ D:\phpStudy\PHPTutorial\WWW\newxcx\huaxiang\application\api\controller\Cate.php ]
[ info ] [ DB ] INIT mysql
[ info ] [ LOG ] INIT File
[ sql ] [ DB ] CONNECT:[ UseTime:0.003617s ] mysql:host=127.0.0.1;port=3306;dbname=xcxnew;charset=utf8mb4
[ sql ] [ SQL ] SHOW COLUMNS FROM `tk_stop` [ RunTime:0.018839s ]
[ sql ] [ SQL ] SELECT `stop`,`area` FROM `tk_stop` WHERE  `line` = 'Alamein' ORDER BY `sorder` ASC [ RunTime:0.001172s ]
