---------------------------------------------------------------
[ 2020-07-02T18:54:32+08:00 ] 127.0.0.1 POST www.huaxiang.com/xcx/index/unread.html
[运行时间：0.139371s] [吞吐率：7.18req/s] [内存消耗：2,706.01kb] [文件加载：55]
[ info ] [ LANG ] D:\phpStudy\PHPTutorial\WWW\newxcx\huaxiang\thinkphp\lang\zh-cn.php
[ info ] [ ROUTE ] array (
  'type' => 'module',
  'module' => 
  array (
    0 => 'xcx',
    1 => 'index',
    2 => 'unread',
  ),
)
[ info ] [ HEADER ] array (
  'host' => 'www.huaxiang.com',
  'connection' => 'keep-alive',
  'content-length' => '0',
  'accept' => 'application/json, text/javascript, */*; q=0.01',
  'origin' => 'http://www.huaxiang.com',
  'x-requested-with' => 'XMLHttpRequest',
  'user-agent' => 'Mozilla/5.0 (Windows NT 10.0; Win64; x64) AppleWebKit/537.36 (KHTML, like Gecko) Chrome/78.0.3904.70 Safari/537.36',
  'referer' => 'http://www.huaxiang.com/xcx/index/index.html',
  'accept-encoding' => 'gzip, deflate',
  'accept-language' => 'zh-CN,zh;q=0.9',
  'cookie' => 'PHPSESSID=6mno9t503fc015km23nc37di36',
)
[ info ] [ PARAM ] array (
  '/xcx/index/unread_html' => '',
)
[ info ] [ SESSION ] INIT array (
  'id' => '',
  'var_session_id' => '',
  'prefix' => 'think',
  'type' => '',
  'auto_start' => true,
)
[ info ] [ RUN ] app\xcx\controller\Index->unread[ D:\phpStudy\PHPTutorial\WWW\newxcx\huaxiang\application\xcx\controller\Index.php ]
[ info ] [ DB ] INIT mysql
[ info ] [ LOG ] INIT File
[ sql ] [ DB ] CONNECT:[ UseTime:0.001022s ] mysql:host=127.0.0.1;port=3306;dbname=xcxnew;charset=utf8mb4
[ sql ] [ SQL ] SHOW COLUMNS FROM `xcx_msg_person` [ RunTime:0.013874s ]
[ sql ] [ SQL ] SELECT `mp_id` FROM `xcx_msg_person` WHERE  (  (mp_u_id = 1 and mp_utype = 2 and mp_isable = 1) or (mp_ul_id = 1 and mp_ultype = 2 and  mp_isable = 1) or (mp_u_id = 1 and mp_utype = 1 and mp_isable = 1) or (mp_ul_id = 1 and mp_ultype = 1 and  mp_isable = 1) ) [ RunTime:0.000488s ]
[ sql ] [ SQL ] SHOW COLUMNS FROM `super_admin` [ RunTime:0.013854s ]
[ sql ] [ SQL ] SELECT `ad_wechat` FROM `super_admin` WHERE  `ad_id` = 1 LIMIT 1 [ RunTime:0.000740s ]
[ sql ] [ SQL ] SHOW COLUMNS FROM `xcx_msg_content` [ RunTime:0.017812s ]
[ sql ] [ SQL ] SELECT COUNT(xcx_msg_id) AS tp_count FROM `xcx_msg_content` WHERE  `xcx_msg_mp_id` = 17  AND `xcx_msg_isread` = 2  AND `xcx_msg_isable` = 1  AND (  ( xcx_msg_uid != 1 and xcx_msg_u_type = 1 ) or ( xcx_msg_uid != 1 and  xcx_msg_u_type = 2 ) ) LIMIT 1 [ RunTime:0.000663s ]
[ sql ] [ SQL ] SELECT `ad_wechat` FROM `super_admin` WHERE  `ad_id` = 1 LIMIT 1 [ RunTime:0.000466s ]
[ sql ] [ SQL ] SELECT COUNT(xcx_msg_id) AS tp_count FROM `xcx_msg_content` WHERE  `xcx_msg_mp_id` = 18  AND `xcx_msg_isread` = 2  AND `xcx_msg_isable` = 1  AND (  ( xcx_msg_uid != 1 and xcx_msg_u_type = 1 ) or ( xcx_msg_uid != 1 and  xcx_msg_u_type = 2 ) ) LIMIT 1 [ RunTime:0.000481s ]
[ sql ] [ SQL ] SELECT `ad_wechat` FROM `super_admin` WHERE  `ad_id` = 1 LIMIT 1 [ RunTime:0.000425s ]
[ sql ] [ SQL ] SELECT COUNT(xcx_msg_id) AS tp_count FROM `xcx_msg_content` WHERE  `xcx_msg_mp_id` = 19  AND `xcx_msg_isread` = 2  AND `xcx_msg_isable` = 1  AND (  ( xcx_msg_uid != 1 and xcx_msg_u_type = 1 ) or ( xcx_msg_uid != 1 and  xcx_msg_u_type = 2 ) ) LIMIT 1 [ RunTime:0.000465s ]
[ sql ] [ SQL ] SELECT `ad_wechat` FROM `super_admin` WHERE  `ad_id` = 1 LIMIT 1 [ RunTime:0.000417s ]
[ sql ] [ SQL ] SELECT COUNT(xcx_msg_id) AS tp_count FROM `xcx_msg_content` WHERE  `xcx_msg_mp_id` = 20  AND `xcx_msg_isread` = 2  AND `xcx_msg_isable` = 1  AND (  ( xcx_msg_uid != 1 and xcx_msg_u_type = 1 ) or ( xcx_msg_uid != 1 and  xcx_msg_u_type = 2 ) ) LIMIT 1 [ RunTime:0.000480s ]
---------------------------------------------------------------
[ 2020-07-02T18:54:48+08:00 ] 127.0.0.1 POST www.huaxiang.com/xcx/index/unread.html
[运行时间：0.114331s] [吞吐率：8.75req/s] [内存消耗：2,705.99kb] [文件加载：55]
[ info ] [ LANG ] D:\phpStudy\PHPTutorial\WWW\newxcx\huaxiang\thinkphp\lang\zh-cn.php
[ info ] [ ROUTE ] array (
  'type' => 'module',
  'module' => 
  array (
    0 => 'xcx',
    1 => 'index',
    2 => 'unread',
  ),
)
[ info ] [ HEADER ] array (
  'host' => 'www.huaxiang.com',
  'connection' => 'keep-alive',
  'content-length' => '0',
  'accept' => 'application/json, text/javascript, */*; q=0.01',
  'origin' => 'http://www.huaxiang.com',
  'x-requested-with' => 'XMLHttpRequest',
  'user-agent' => 'Mozilla/5.0 (Windows NT 10.0; Win64; x64) AppleWebKit/537.36 (KHTML, like Gecko) Chrome/78.0.3904.70 Safari/537.36',
  'referer' => 'http://www.huaxiang.com/xcx/index/index.html',
  'accept-encoding' => 'gzip, deflate',
  'accept-language' => 'zh-CN,zh;q=0.9',
  'cookie' => 'PHPSESSID=6mno9t503fc015km23nc37di36',
)
[ info ] [ PARAM ] array (
  '/xcx/index/unread_html' => '',
)
[ info ] [ SESSION ] INIT array (
  'id' => '',
  'var_session_id' => '',
  'prefix' => 'think',
  'type' => '',
  'auto_start' => true,
)
[ info ] [ RUN ] app\xcx\controller\Index->unread[ D:\phpStudy\PHPTutorial\WWW\newxcx\huaxiang\application\xcx\controller\Index.php ]
[ info ] [ DB ] INIT mysql
[ info ] [ LOG ] INIT File
[ sql ] [ DB ] CONNECT:[ UseTime:0.001049s ] mysql:host=127.0.0.1;port=3306;dbname=xcxnew;charset=utf8mb4
[ sql ] [ SQL ] SHOW COLUMNS FROM `xcx_msg_person` [ RunTime:0.014162s ]
[ sql ] [ SQL ] SELECT `mp_id` FROM `xcx_msg_person` WHERE  (  (mp_u_id = 1 and mp_utype = 2 and mp_isable = 1) or (mp_ul_id = 1 and mp_ultype = 2 and  mp_isable = 1) or (mp_u_id = 1 and mp_utype = 1 and mp_isable = 1) or (mp_ul_id = 1 and mp_ultype = 1 and  mp_isable = 1) ) [ RunTime:0.000640s ]
[ sql ] [ SQL ] SHOW COLUMNS FROM `super_admin` [ RunTime:0.015264s ]
[ sql ] [ SQL ] SELECT `ad_wechat` FROM `super_admin` WHERE  `ad_id` = 1 LIMIT 1 [ RunTime:0.000491s ]
[ sql ] [ SQL ] SHOW COLUMNS FROM `xcx_msg_content` [ RunTime:0.013680s ]
[ sql ] [ SQL ] SELECT COUNT(xcx_msg_id) AS tp_count FROM `xcx_msg_content` WHERE  `xcx_msg_mp_id` = 17  AND `xcx_msg_isread` = 2  AND `xcx_msg_isable` = 1  AND (  ( xcx_msg_uid != 1 and xcx_msg_u_type = 1 ) or ( xcx_msg_uid != 1 and  xcx_msg_u_type = 2 ) ) LIMIT 1 [ RunTime:0.000518s ]
[ sql ] [ SQL ] SELECT `ad_wechat` FROM `super_admin` WHERE  `ad_id` = 1 LIMIT 1 [ RunTime:0.000378s ]
[ sql ] [ SQL ] SELECT COUNT(xcx_msg_id) AS tp_count FROM `xcx_msg_content` WHERE  `xcx_msg_mp_id` = 18  AND `xcx_msg_isread` = 2  AND `xcx_msg_isable` = 1  AND (  ( xcx_msg_uid != 1 and xcx_msg_u_type = 1 ) or ( xcx_msg_uid != 1 and  xcx_msg_u_type = 2 ) ) LIMIT 1 [ RunTime:0.000417s ]
[ sql ] [ SQL ] SELECT `ad_wechat` FROM `super_admin` WHERE  `ad_id` = 1 LIMIT 1 [ RunTime:0.000348s ]
[ sql ] [ SQL ] SELECT COUNT(xcx_msg_id) AS tp_count FROM `xcx_msg_content` WHERE  `xcx_msg_mp_id` = 19  AND `xcx_msg_isread` = 2  AND `xcx_msg_isable` = 1  AND (  ( xcx_msg_uid != 1 and xcx_msg_u_type = 1 ) or ( xcx_msg_uid != 1 and  xcx_msg_u_type = 2 ) ) LIMIT 1 [ RunTime:0.000398s ]
[ sql ] [ SQL ] SELECT `ad_wechat` FROM `super_admin` WHERE  `ad_id` = 1 LIMIT 1 [ RunTime:0.000368s ]
[ sql ] [ SQL ] SELECT COUNT(xcx_msg_id) AS tp_count FROM `xcx_msg_content` WHERE  `xcx_msg_mp_id` = 20  AND `xcx_msg_isread` = 2  AND `xcx_msg_isable` = 1  AND (  ( xcx_msg_uid != 1 and xcx_msg_u_type = 1 ) or ( xcx_msg_uid != 1 and  xcx_msg_u_type = 2 ) ) LIMIT 1 [ RunTime:0.000400s ]
