---------------------------------------------------------------
[ 2020-07-10T17:59:59+08:00 ] 127.0.0.1 POST www.huaxiang.com/xcx/index/unread.html
[运行时间：0.169122s] [吞吐率：5.91req/s] [内存消耗：2,712.32kb] [文件加载：55]
[ info ] [ LANG ] D:\phpStudy\PHPTutorial\WWW\newxcx\huaxiang\thinkphp\lang\zh-cn.php
[ info ] [ ROUTE ] array (
  'type' => 'module',
  'module' => 
  array (
    0 => 'xcx',
    1 => 'index',
    2 => 'unread',
  ),
)
[ info ] [ HEADER ] array (
  'host' => 'www.huaxiang.com',
  'connection' => 'keep-alive',
  'content-length' => '0',
  'accept' => 'application/json, text/javascript, */*; q=0.01',
  'origin' => 'http://www.huaxiang.com',
  'x-requested-with' => 'XMLHttpRequest',
  'user-agent' => 'Mozilla/5.0 (Windows NT 10.0; Win64; x64) AppleWebKit/537.36 (KHTML, like Gecko) Chrome/78.0.3904.70 Safari/537.36',
  'referer' => 'http://www.huaxiang.com/xcx/index/index.html',
  'accept-encoding' => 'gzip, deflate',
  'accept-language' => 'zh-CN,zh;q=0.9',
  'cookie' => 'PHPSESSID=qaeh787bi44439isjvbvk4dk34',
)
[ info ] [ PARAM ] array (
  '/xcx/index/unread_html' => '',
)
[ info ] [ SESSION ] INIT array (
  'id' => '',
  'var_session_id' => '',
  'prefix' => 'think',
  'type' => '',
  'auto_start' => true,
)
[ info ] [ RUN ] app\xcx\controller\Index->unread[ D:\phpStudy\PHPTutorial\WWW\newxcx\huaxiang\application\xcx\controller\Index.php ]
[ info ] [ DB ] INIT mysql
[ info ] [ LOG ] INIT File
[ sql ] [ DB ] CONNECT:[ UseTime:0.001159s ] mysql:host=127.0.0.1;port=3306;dbname=xcxnew;charset=utf8mb4
[ sql ] [ SQL ] SHOW COLUMNS FROM `xcx_msg_person` [ RunTime:0.016516s ]
[ sql ] [ SQL ] SELECT `mp_id` FROM `xcx_msg_person` WHERE  (  (mp_u_id = 1 and mp_utype = 2 and mp_isable = 1) or (mp_ul_id = 1 and mp_ultype = 2 and  mp_isable = 1) or (mp_u_id = 1 and mp_utype = 1 and mp_isable = 1) or (mp_ul_id = 1 and mp_ultype = 1 and  mp_isable = 1) ) [ RunTime:0.000567s ]
[ sql ] [ SQL ] SHOW COLUMNS FROM `super_admin` [ RunTime:0.018710s ]
[ sql ] [ SQL ] SELECT `ad_wechat` FROM `super_admin` WHERE  `ad_id` = 1 LIMIT 1 [ RunTime:0.000759s ]
[ sql ] [ SQL ] SHOW COLUMNS FROM `xcx_msg_content` [ RunTime:0.016464s ]
[ sql ] [ SQL ] SELECT COUNT(xcx_msg_id) AS tp_count FROM `xcx_msg_content` WHERE  `xcx_msg_mp_id` = 17  AND `xcx_msg_isread` = 2  AND `xcx_msg_isable` = 1  AND (  ( xcx_msg_uid != 1 and xcx_msg_u_type = 1 ) or ( xcx_msg_uid != 1 and  xcx_msg_u_type = 2 ) ) LIMIT 1 [ RunTime:0.000835s ]
[ sql ] [ SQL ] SELECT `ad_wechat` FROM `super_admin` WHERE  `ad_id` = 1 LIMIT 1 [ RunTime:0.000471s ]
[ sql ] [ SQL ] SELECT COUNT(xcx_msg_id) AS tp_count FROM `xcx_msg_content` WHERE  `xcx_msg_mp_id` = 18  AND `xcx_msg_isread` = 2  AND `xcx_msg_isable` = 1  AND (  ( xcx_msg_uid != 1 and xcx_msg_u_type = 1 ) or ( xcx_msg_uid != 1 and  xcx_msg_u_type = 2 ) ) LIMIT 1 [ RunTime:0.000463s ]
[ sql ] [ SQL ] SELECT `ad_wechat` FROM `super_admin` WHERE  `ad_id` = 1 LIMIT 1 [ RunTime:0.000417s ]
[ sql ] [ SQL ] SELECT COUNT(xcx_msg_id) AS tp_count FROM `xcx_msg_content` WHERE  `xcx_msg_mp_id` = 19  AND `xcx_msg_isread` = 2  AND `xcx_msg_isable` = 1  AND (  ( xcx_msg_uid != 1 and xcx_msg_u_type = 1 ) or ( xcx_msg_uid != 1 and  xcx_msg_u_type = 2 ) ) LIMIT 1 [ RunTime:0.000454s ]
[ sql ] [ SQL ] SELECT `ad_wechat` FROM `super_admin` WHERE  `ad_id` = 1 LIMIT 1 [ RunTime:0.000399s ]
[ sql ] [ SQL ] SELECT COUNT(xcx_msg_id) AS tp_count FROM `xcx_msg_content` WHERE  `xcx_msg_mp_id` = 20  AND `xcx_msg_isread` = 2  AND `xcx_msg_isable` = 1  AND (  ( xcx_msg_uid != 1 and xcx_msg_u_type = 1 ) or ( xcx_msg_uid != 1 and  xcx_msg_u_type = 2 ) ) LIMIT 1 [ RunTime:0.000457s ]
---------------------------------------------------------------
[ 2020-07-10T18:00:18+08:00 ] 127.0.0.1 POST www.huaxiang.com/xcx/index/unread.html
[运行时间：0.146425s] [吞吐率：6.83req/s] [内存消耗：2,712.30kb] [文件加载：55]
[ info ] [ LANG ] D:\phpStudy\PHPTutorial\WWW\newxcx\huaxiang\thinkphp\lang\zh-cn.php
[ info ] [ ROUTE ] array (
  'type' => 'module',
  'module' => 
  array (
    0 => 'xcx',
    1 => 'index',
    2 => 'unread',
  ),
)
[ info ] [ HEADER ] array (
  'host' => 'www.huaxiang.com',
  'connection' => 'keep-alive',
  'content-length' => '0',
  'accept' => 'application/json, text/javascript, */*; q=0.01',
  'origin' => 'http://www.huaxiang.com',
  'x-requested-with' => 'XMLHttpRequest',
  'user-agent' => 'Mozilla/5.0 (Windows NT 10.0; Win64; x64) AppleWebKit/537.36 (KHTML, like Gecko) Chrome/78.0.3904.70 Safari/537.36',
  'referer' => 'http://www.huaxiang.com/xcx/index/index.html',
  'accept-encoding' => 'gzip, deflate',
  'accept-language' => 'zh-CN,zh;q=0.9',
  'cookie' => 'PHPSESSID=qaeh787bi44439isjvbvk4dk34',
)
[ info ] [ PARAM ] array (
  '/xcx/index/unread_html' => '',
)
[ info ] [ SESSION ] INIT array (
  'id' => '',
  'var_session_id' => '',
  'prefix' => 'think',
  'type' => '',
  'auto_start' => true,
)
[ info ] [ RUN ] app\xcx\controller\Index->unread[ D:\phpStudy\PHPTutorial\WWW\newxcx\huaxiang\application\xcx\controller\Index.php ]
[ info ] [ DB ] INIT mysql
[ info ] [ LOG ] INIT File
[ sql ] [ DB ] CONNECT:[ UseTime:0.001245s ] mysql:host=127.0.0.1;port=3306;dbname=xcxnew;charset=utf8mb4
[ sql ] [ SQL ] SHOW COLUMNS FROM `xcx_msg_person` [ RunTime:0.017148s ]
[ sql ] [ SQL ] SELECT `mp_id` FROM `xcx_msg_person` WHERE  (  (mp_u_id = 1 and mp_utype = 2 and mp_isable = 1) or (mp_ul_id = 1 and mp_ultype = 2 and  mp_isable = 1) or (mp_u_id = 1 and mp_utype = 1 and mp_isable = 1) or (mp_ul_id = 1 and mp_ultype = 1 and  mp_isable = 1) ) [ RunTime:0.000687s ]
[ sql ] [ SQL ] SHOW COLUMNS FROM `super_admin` [ RunTime:0.016238s ]
[ sql ] [ SQL ] SELECT `ad_wechat` FROM `super_admin` WHERE  `ad_id` = 1 LIMIT 1 [ RunTime:0.000505s ]
[ sql ] [ SQL ] SHOW COLUMNS FROM `xcx_msg_content` [ RunTime:0.033690s ]
[ sql ] [ SQL ] SELECT COUNT(xcx_msg_id) AS tp_count FROM `xcx_msg_content` WHERE  `xcx_msg_mp_id` = 17  AND `xcx_msg_isread` = 2  AND `xcx_msg_isable` = 1  AND (  ( xcx_msg_uid != 1 and xcx_msg_u_type = 1 ) or ( xcx_msg_uid != 1 and  xcx_msg_u_type = 2 ) ) LIMIT 1 [ RunTime:0.000702s ]
[ sql ] [ SQL ] SELECT `ad_wechat` FROM `super_admin` WHERE  `ad_id` = 1 LIMIT 1 [ RunTime:0.000584s ]
[ sql ] [ SQL ] SELECT COUNT(xcx_msg_id) AS tp_count FROM `xcx_msg_content` WHERE  `xcx_msg_mp_id` = 18  AND `xcx_msg_isread` = 2  AND `xcx_msg_isable` = 1  AND (  ( xcx_msg_uid != 1 and xcx_msg_u_type = 1 ) or ( xcx_msg_uid != 1 and  xcx_msg_u_type = 2 ) ) LIMIT 1 [ RunTime:0.000576s ]
[ sql ] [ SQL ] SELECT `ad_wechat` FROM `super_admin` WHERE  `ad_id` = 1 LIMIT 1 [ RunTime:0.000722s ]
[ sql ] [ SQL ] SELECT COUNT(xcx_msg_id) AS tp_count FROM `xcx_msg_content` WHERE  `xcx_msg_mp_id` = 19  AND `xcx_msg_isread` = 2  AND `xcx_msg_isable` = 1  AND (  ( xcx_msg_uid != 1 and xcx_msg_u_type = 1 ) or ( xcx_msg_uid != 1 and  xcx_msg_u_type = 2 ) ) LIMIT 1 [ RunTime:0.000682s ]
[ sql ] [ SQL ] SELECT `ad_wechat` FROM `super_admin` WHERE  `ad_id` = 1 LIMIT 1 [ RunTime:0.000618s ]
[ sql ] [ SQL ] SELECT COUNT(xcx_msg_id) AS tp_count FROM `xcx_msg_content` WHERE  `xcx_msg_mp_id` = 20  AND `xcx_msg_isread` = 2  AND `xcx_msg_isable` = 1  AND (  ( xcx_msg_uid != 1 and xcx_msg_u_type = 1 ) or ( xcx_msg_uid != 1 and  xcx_msg_u_type = 2 ) ) LIMIT 1 [ RunTime:0.000738s ]
---------------------------------------------------------------
[ 2020-07-10T18:00:35+08:00 ] 127.0.0.1 POST www.huaxiang.com/xcx/index/unread.html
[运行时间：0.123131s] [吞吐率：8.12req/s] [内存消耗：2,712.30kb] [文件加载：55]
[ info ] [ LANG ] D:\phpStudy\PHPTutorial\WWW\newxcx\huaxiang\thinkphp\lang\zh-cn.php
[ info ] [ ROUTE ] array (
  'type' => 'module',
  'module' => 
  array (
    0 => 'xcx',
    1 => 'index',
    2 => 'unread',
  ),
)
[ info ] [ HEADER ] array (
  'host' => 'www.huaxiang.com',
  'connection' => 'keep-alive',
  'content-length' => '0',
  'accept' => 'application/json, text/javascript, */*; q=0.01',
  'origin' => 'http://www.huaxiang.com',
  'x-requested-with' => 'XMLHttpRequest',
  'user-agent' => 'Mozilla/5.0 (Windows NT 10.0; Win64; x64) AppleWebKit/537.36 (KHTML, like Gecko) Chrome/78.0.3904.70 Safari/537.36',
  'referer' => 'http://www.huaxiang.com/xcx/index/index.html',
  'accept-encoding' => 'gzip, deflate',
  'accept-language' => 'zh-CN,zh;q=0.9',
  'cookie' => 'PHPSESSID=qaeh787bi44439isjvbvk4dk34',
)
[ info ] [ PARAM ] array (
  '/xcx/index/unread_html' => '',
)
[ info ] [ SESSION ] INIT array (
  'id' => '',
  'var_session_id' => '',
  'prefix' => 'think',
  'type' => '',
  'auto_start' => true,
)
[ info ] [ RUN ] app\xcx\controller\Index->unread[ D:\phpStudy\PHPTutorial\WWW\newxcx\huaxiang\application\xcx\controller\Index.php ]
[ info ] [ DB ] INIT mysql
[ info ] [ LOG ] INIT File
[ sql ] [ DB ] CONNECT:[ UseTime:0.001196s ] mysql:host=127.0.0.1;port=3306;dbname=xcxnew;charset=utf8mb4
[ sql ] [ SQL ] SHOW COLUMNS FROM `xcx_msg_person` [ RunTime:0.015357s ]
[ sql ] [ SQL ] SELECT `mp_id` FROM `xcx_msg_person` WHERE  (  (mp_u_id = 1 and mp_utype = 2 and mp_isable = 1) or (mp_ul_id = 1 and mp_ultype = 2 and  mp_isable = 1) or (mp_u_id = 1 and mp_utype = 1 and mp_isable = 1) or (mp_ul_id = 1 and mp_ultype = 1 and  mp_isable = 1) ) [ RunTime:0.000690s ]
[ sql ] [ SQL ] SHOW COLUMNS FROM `super_admin` [ RunTime:0.017586s ]
[ sql ] [ SQL ] SELECT `ad_wechat` FROM `super_admin` WHERE  `ad_id` = 1 LIMIT 1 [ RunTime:0.000729s ]
[ sql ] [ SQL ] SHOW COLUMNS FROM `xcx_msg_content` [ RunTime:0.019214s ]
[ sql ] [ SQL ] SELECT COUNT(xcx_msg_id) AS tp_count FROM `xcx_msg_content` WHERE  `xcx_msg_mp_id` = 17  AND `xcx_msg_isread` = 2  AND `xcx_msg_isable` = 1  AND (  ( xcx_msg_uid != 1 and xcx_msg_u_type = 1 ) or ( xcx_msg_uid != 1 and  xcx_msg_u_type = 2 ) ) LIMIT 1 [ RunTime:0.000659s ]
[ sql ] [ SQL ] SELECT `ad_wechat` FROM `super_admin` WHERE  `ad_id` = 1 LIMIT 1 [ RunTime:0.000432s ]
[ sql ] [ SQL ] SELECT COUNT(xcx_msg_id) AS tp_count FROM `xcx_msg_content` WHERE  `xcx_msg_mp_id` = 18  AND `xcx_msg_isread` = 2  AND `xcx_msg_isable` = 1  AND (  ( xcx_msg_uid != 1 and xcx_msg_u_type = 1 ) or ( xcx_msg_uid != 1 and  xcx_msg_u_type = 2 ) ) LIMIT 1 [ RunTime:0.000455s ]
[ sql ] [ SQL ] SELECT `ad_wechat` FROM `super_admin` WHERE  `ad_id` = 1 LIMIT 1 [ RunTime:0.000418s ]
[ sql ] [ SQL ] SELECT COUNT(xcx_msg_id) AS tp_count FROM `xcx_msg_content` WHERE  `xcx_msg_mp_id` = 19  AND `xcx_msg_isread` = 2  AND `xcx_msg_isable` = 1  AND (  ( xcx_msg_uid != 1 and xcx_msg_u_type = 1 ) or ( xcx_msg_uid != 1 and  xcx_msg_u_type = 2 ) ) LIMIT 1 [ RunTime:0.000469s ]
[ sql ] [ SQL ] SELECT `ad_wechat` FROM `super_admin` WHERE  `ad_id` = 1 LIMIT 1 [ RunTime:0.000408s ]
[ sql ] [ SQL ] SELECT COUNT(xcx_msg_id) AS tp_count FROM `xcx_msg_content` WHERE  `xcx_msg_mp_id` = 20  AND `xcx_msg_isread` = 2  AND `xcx_msg_isable` = 1  AND (  ( xcx_msg_uid != 1 and xcx_msg_u_type = 1 ) or ( xcx_msg_uid != 1 and  xcx_msg_u_type = 2 ) ) LIMIT 1 [ RunTime:0.000466s ]
---------------------------------------------------------------
[ 2020-07-10T18:00:49+08:00 ] 127.0.0.1 POST www.huaxiang.com/xcx/index/unread.html
[运行时间：0.127971s] [吞吐率：7.81req/s] [内存消耗：2,712.30kb] [文件加载：55]
[ info ] [ LANG ] D:\phpStudy\PHPTutorial\WWW\newxcx\huaxiang\thinkphp\lang\zh-cn.php
[ info ] [ ROUTE ] array (
  'type' => 'module',
  'module' => 
  array (
    0 => 'xcx',
    1 => 'index',
    2 => 'unread',
  ),
)
[ info ] [ HEADER ] array (
  'host' => 'www.huaxiang.com',
  'connection' => 'keep-alive',
  'content-length' => '0',
  'accept' => 'application/json, text/javascript, */*; q=0.01',
  'origin' => 'http://www.huaxiang.com',
  'x-requested-with' => 'XMLHttpRequest',
  'user-agent' => 'Mozilla/5.0 (Windows NT 10.0; Win64; x64) AppleWebKit/537.36 (KHTML, like Gecko) Chrome/78.0.3904.70 Safari/537.36',
  'referer' => 'http://www.huaxiang.com/xcx/index/index.html',
  'accept-encoding' => 'gzip, deflate',
  'accept-language' => 'zh-CN,zh;q=0.9',
  'cookie' => 'PHPSESSID=qaeh787bi44439isjvbvk4dk34',
)
[ info ] [ PARAM ] array (
  '/xcx/index/unread_html' => '',
)
[ info ] [ SESSION ] INIT array (
  'id' => '',
  'var_session_id' => '',
  'prefix' => 'think',
  'type' => '',
  'auto_start' => true,
)
[ info ] [ RUN ] app\xcx\controller\Index->unread[ D:\phpStudy\PHPTutorial\WWW\newxcx\huaxiang\application\xcx\controller\Index.php ]
[ info ] [ DB ] INIT mysql
[ info ] [ LOG ] INIT File
[ sql ] [ DB ] CONNECT:[ UseTime:0.001228s ] mysql:host=127.0.0.1;port=3306;dbname=xcxnew;charset=utf8mb4
[ sql ] [ SQL ] SHOW COLUMNS FROM `xcx_msg_person` [ RunTime:0.014566s ]
[ sql ] [ SQL ] SELECT `mp_id` FROM `xcx_msg_person` WHERE  (  (mp_u_id = 1 and mp_utype = 2 and mp_isable = 1) or (mp_ul_id = 1 and mp_ultype = 2 and  mp_isable = 1) or (mp_u_id = 1 and mp_utype = 1 and mp_isable = 1) or (mp_ul_id = 1 and mp_ultype = 1 and  mp_isable = 1) ) [ RunTime:0.000589s ]
[ sql ] [ SQL ] SHOW COLUMNS FROM `super_admin` [ RunTime:0.016209s ]
[ sql ] [ SQL ] SELECT `ad_wechat` FROM `super_admin` WHERE  `ad_id` = 1 LIMIT 1 [ RunTime:0.000717s ]
[ sql ] [ SQL ] SHOW COLUMNS FROM `xcx_msg_content` [ RunTime:0.018336s ]
[ sql ] [ SQL ] SELECT COUNT(xcx_msg_id) AS tp_count FROM `xcx_msg_content` WHERE  `xcx_msg_mp_id` = 17  AND `xcx_msg_isread` = 2  AND `xcx_msg_isable` = 1  AND (  ( xcx_msg_uid != 1 and xcx_msg_u_type = 1 ) or ( xcx_msg_uid != 1 and  xcx_msg_u_type = 2 ) ) LIMIT 1 [ RunTime:0.000617s ]
[ sql ] [ SQL ] SELECT `ad_wechat` FROM `super_admin` WHERE  `ad_id` = 1 LIMIT 1 [ RunTime:0.000427s ]
[ sql ] [ SQL ] SELECT COUNT(xcx_msg_id) AS tp_count FROM `xcx_msg_content` WHERE  `xcx_msg_mp_id` = 18  AND `xcx_msg_isread` = 2  AND `xcx_msg_isable` = 1  AND (  ( xcx_msg_uid != 1 and xcx_msg_u_type = 1 ) or ( xcx_msg_uid != 1 and  xcx_msg_u_type = 2 ) ) LIMIT 1 [ RunTime:0.000787s ]
[ sql ] [ SQL ] SELECT `ad_wechat` FROM `super_admin` WHERE  `ad_id` = 1 LIMIT 1 [ RunTime:0.000458s ]
[ sql ] [ SQL ] SELECT COUNT(xcx_msg_id) AS tp_count FROM `xcx_msg_content` WHERE  `xcx_msg_mp_id` = 19  AND `xcx_msg_isread` = 2  AND `xcx_msg_isable` = 1  AND (  ( xcx_msg_uid != 1 and xcx_msg_u_type = 1 ) or ( xcx_msg_uid != 1 and  xcx_msg_u_type = 2 ) ) LIMIT 1 [ RunTime:0.000581s ]
[ sql ] [ SQL ] SELECT `ad_wechat` FROM `super_admin` WHERE  `ad_id` = 1 LIMIT 1 [ RunTime:0.000422s ]
[ sql ] [ SQL ] SELECT COUNT(xcx_msg_id) AS tp_count FROM `xcx_msg_content` WHERE  `xcx_msg_mp_id` = 20  AND `xcx_msg_isread` = 2  AND `xcx_msg_isable` = 1  AND (  ( xcx_msg_uid != 1 and xcx_msg_u_type = 1 ) or ( xcx_msg_uid != 1 and  xcx_msg_u_type = 2 ) ) LIMIT 1 [ RunTime:0.000451s ]
---------------------------------------------------------------
[ 2020-07-10T18:01:03+08:00 ] 127.0.0.1 POST www.huaxiang.com/xcx/index/unread.html
[运行时间：0.125099s] [吞吐率：7.99req/s] [内存消耗：2,712.30kb] [文件加载：55]
[ info ] [ LANG ] D:\phpStudy\PHPTutorial\WWW\newxcx\huaxiang\thinkphp\lang\zh-cn.php
[ info ] [ ROUTE ] array (
  'type' => 'module',
  'module' => 
  array (
    0 => 'xcx',
    1 => 'index',
    2 => 'unread',
  ),
)
[ info ] [ HEADER ] array (
  'host' => 'www.huaxiang.com',
  'connection' => 'keep-alive',
  'content-length' => '0',
  'accept' => 'application/json, text/javascript, */*; q=0.01',
  'origin' => 'http://www.huaxiang.com',
  'x-requested-with' => 'XMLHttpRequest',
  'user-agent' => 'Mozilla/5.0 (Windows NT 10.0; Win64; x64) AppleWebKit/537.36 (KHTML, like Gecko) Chrome/78.0.3904.70 Safari/537.36',
  'referer' => 'http://www.huaxiang.com/xcx/index/index.html',
  'accept-encoding' => 'gzip, deflate',
  'accept-language' => 'zh-CN,zh;q=0.9',
  'cookie' => 'PHPSESSID=qaeh787bi44439isjvbvk4dk34',
)
[ info ] [ PARAM ] array (
  '/xcx/index/unread_html' => '',
)
[ info ] [ SESSION ] INIT array (
  'id' => '',
  'var_session_id' => '',
  'prefix' => 'think',
  'type' => '',
  'auto_start' => true,
)
[ info ] [ RUN ] app\xcx\controller\Index->unread[ D:\phpStudy\PHPTutorial\WWW\newxcx\huaxiang\application\xcx\controller\Index.php ]
[ info ] [ DB ] INIT mysql
[ info ] [ LOG ] INIT File
[ sql ] [ DB ] CONNECT:[ UseTime:0.001144s ] mysql:host=127.0.0.1;port=3306;dbname=xcxnew;charset=utf8mb4
[ sql ] [ SQL ] SHOW COLUMNS FROM `xcx_msg_person` [ RunTime:0.016554s ]
[ sql ] [ SQL ] SELECT `mp_id` FROM `xcx_msg_person` WHERE  (  (mp_u_id = 1 and mp_utype = 2 and mp_isable = 1) or (mp_ul_id = 1 and mp_ultype = 2 and  mp_isable = 1) or (mp_u_id = 1 and mp_utype = 1 and mp_isable = 1) or (mp_ul_id = 1 and mp_ultype = 1 and  mp_isable = 1) ) [ RunTime:0.000544s ]
[ sql ] [ SQL ] SHOW COLUMNS FROM `super_admin` [ RunTime:0.015079s ]
[ sql ] [ SQL ] SELECT `ad_wechat` FROM `super_admin` WHERE  `ad_id` = 1 LIMIT 1 [ RunTime:0.000750s ]
[ sql ] [ SQL ] SHOW COLUMNS FROM `xcx_msg_content` [ RunTime:0.019419s ]
[ sql ] [ SQL ] SELECT COUNT(xcx_msg_id) AS tp_count FROM `xcx_msg_content` WHERE  `xcx_msg_mp_id` = 17  AND `xcx_msg_isread` = 2  AND `xcx_msg_isable` = 1  AND (  ( xcx_msg_uid != 1 and xcx_msg_u_type = 1 ) or ( xcx_msg_uid != 1 and  xcx_msg_u_type = 2 ) ) LIMIT 1 [ RunTime:0.001038s ]
[ sql ] [ SQL ] SELECT `ad_wechat` FROM `super_admin` WHERE  `ad_id` = 1 LIMIT 1 [ RunTime:0.000588s ]
[ sql ] [ SQL ] SELECT COUNT(xcx_msg_id) AS tp_count FROM `xcx_msg_content` WHERE  `xcx_msg_mp_id` = 18  AND `xcx_msg_isread` = 2  AND `xcx_msg_isable` = 1  AND (  ( xcx_msg_uid != 1 and xcx_msg_u_type = 1 ) or ( xcx_msg_uid != 1 and  xcx_msg_u_type = 2 ) ) LIMIT 1 [ RunTime:0.000522s ]
[ sql ] [ SQL ] SELECT `ad_wechat` FROM `super_admin` WHERE  `ad_id` = 1 LIMIT 1 [ RunTime:0.000417s ]
[ sql ] [ SQL ] SELECT COUNT(xcx_msg_id) AS tp_count FROM `xcx_msg_content` WHERE  `xcx_msg_mp_id` = 19  AND `xcx_msg_isread` = 2  AND `xcx_msg_isable` = 1  AND (  ( xcx_msg_uid != 1 and xcx_msg_u_type = 1 ) or ( xcx_msg_uid != 1 and  xcx_msg_u_type = 2 ) ) LIMIT 1 [ RunTime:0.000487s ]
[ sql ] [ SQL ] SELECT `ad_wechat` FROM `super_admin` WHERE  `ad_id` = 1 LIMIT 1 [ RunTime:0.000425s ]
[ sql ] [ SQL ] SELECT COUNT(xcx_msg_id) AS tp_count FROM `xcx_msg_content` WHERE  `xcx_msg_mp_id` = 20  AND `xcx_msg_isread` = 2  AND `xcx_msg_isable` = 1  AND (  ( xcx_msg_uid != 1 and xcx_msg_u_type = 1 ) or ( xcx_msg_uid != 1 and  xcx_msg_u_type = 2 ) ) LIMIT 1 [ RunTime:0.000448s ]
---------------------------------------------------------------
[ 2020-07-10T18:01:17+08:00 ] 127.0.0.1 POST www.huaxiang.com/xcx/index/unread.html
[运行时间：0.129387s] [吞吐率：7.73req/s] [内存消耗：2,712.30kb] [文件加载：55]
[ info ] [ LANG ] D:\phpStudy\PHPTutorial\WWW\newxcx\huaxiang\thinkphp\lang\zh-cn.php
[ info ] [ ROUTE ] array (
  'type' => 'module',
  'module' => 
  array (
    0 => 'xcx',
    1 => 'index',
    2 => 'unread',
  ),
)
[ info ] [ HEADER ] array (
  'host' => 'www.huaxiang.com',
  'connection' => 'keep-alive',
  'content-length' => '0',
  'accept' => 'application/json, text/javascript, */*; q=0.01',
  'origin' => 'http://www.huaxiang.com',
  'x-requested-with' => 'XMLHttpRequest',
  'user-agent' => 'Mozilla/5.0 (Windows NT 10.0; Win64; x64) AppleWebKit/537.36 (KHTML, like Gecko) Chrome/78.0.3904.70 Safari/537.36',
  'referer' => 'http://www.huaxiang.com/xcx/index/index.html',
  'accept-encoding' => 'gzip, deflate',
  'accept-language' => 'zh-CN,zh;q=0.9',
  'cookie' => 'PHPSESSID=qaeh787bi44439isjvbvk4dk34',
)
[ info ] [ PARAM ] array (
  '/xcx/index/unread_html' => '',
)
[ info ] [ SESSION ] INIT array (
  'id' => '',
  'var_session_id' => '',
  'prefix' => 'think',
  'type' => '',
  'auto_start' => true,
)
[ info ] [ RUN ] app\xcx\controller\Index->unread[ D:\phpStudy\PHPTutorial\WWW\newxcx\huaxiang\application\xcx\controller\Index.php ]
[ info ] [ DB ] INIT mysql
[ info ] [ LOG ] INIT File
[ sql ] [ DB ] CONNECT:[ UseTime:0.001113s ] mysql:host=127.0.0.1;port=3306;dbname=xcxnew;charset=utf8mb4
[ sql ] [ SQL ] SHOW COLUMNS FROM `xcx_msg_person` [ RunTime:0.016314s ]
[ sql ] [ SQL ] SELECT `mp_id` FROM `xcx_msg_person` WHERE  (  (mp_u_id = 1 and mp_utype = 2 and mp_isable = 1) or (mp_ul_id = 1 and mp_ultype = 2 and  mp_isable = 1) or (mp_u_id = 1 and mp_utype = 1 and mp_isable = 1) or (mp_ul_id = 1 and mp_ultype = 1 and  mp_isable = 1) ) [ RunTime:0.000841s ]
[ sql ] [ SQL ] SHOW COLUMNS FROM `super_admin` [ RunTime:0.015136s ]
[ sql ] [ SQL ] SELECT `ad_wechat` FROM `super_admin` WHERE  `ad_id` = 1 LIMIT 1 [ RunTime:0.000603s ]
[ sql ] [ SQL ] SHOW COLUMNS FROM `xcx_msg_content` [ RunTime:0.015942s ]
[ sql ] [ SQL ] SELECT COUNT(xcx_msg_id) AS tp_count FROM `xcx_msg_content` WHERE  `xcx_msg_mp_id` = 17  AND `xcx_msg_isread` = 2  AND `xcx_msg_isable` = 1  AND (  ( xcx_msg_uid != 1 and xcx_msg_u_type = 1 ) or ( xcx_msg_uid != 1 and  xcx_msg_u_type = 2 ) ) LIMIT 1 [ RunTime:0.000746s ]
[ sql ] [ SQL ] SELECT `ad_wechat` FROM `super_admin` WHERE  `ad_id` = 1 LIMIT 1 [ RunTime:0.000528s ]
[ sql ] [ SQL ] SELECT COUNT(xcx_msg_id) AS tp_count FROM `xcx_msg_content` WHERE  `xcx_msg_mp_id` = 18  AND `xcx_msg_isread` = 2  AND `xcx_msg_isable` = 1  AND (  ( xcx_msg_uid != 1 and xcx_msg_u_type = 1 ) or ( xcx_msg_uid != 1 and  xcx_msg_u_type = 2 ) ) LIMIT 1 [ RunTime:0.000487s ]
[ sql ] [ SQL ] SELECT `ad_wechat` FROM `super_admin` WHERE  `ad_id` = 1 LIMIT 1 [ RunTime:0.000440s ]
[ sql ] [ SQL ] SELECT COUNT(xcx_msg_id) AS tp_count FROM `xcx_msg_content` WHERE  `xcx_msg_mp_id` = 19  AND `xcx_msg_isread` = 2  AND `xcx_msg_isable` = 1  AND (  ( xcx_msg_uid != 1 and xcx_msg_u_type = 1 ) or ( xcx_msg_uid != 1 and  xcx_msg_u_type = 2 ) ) LIMIT 1 [ RunTime:0.000474s ]
[ sql ] [ SQL ] SELECT `ad_wechat` FROM `super_admin` WHERE  `ad_id` = 1 LIMIT 1 [ RunTime:0.000867s ]
[ sql ] [ SQL ] SELECT COUNT(xcx_msg_id) AS tp_count FROM `xcx_msg_content` WHERE  `xcx_msg_mp_id` = 20  AND `xcx_msg_isread` = 2  AND `xcx_msg_isable` = 1  AND (  ( xcx_msg_uid != 1 and xcx_msg_u_type = 1 ) or ( xcx_msg_uid != 1 and  xcx_msg_u_type = 2 ) ) LIMIT 1 [ RunTime:0.000780s ]
---------------------------------------------------------------
[ 2020-07-10T18:01:32+08:00 ] 127.0.0.1 POST www.huaxiang.com/xcx/index/unread.html
[运行时间：0.118359s] [吞吐率：8.45req/s] [内存消耗：2,712.30kb] [文件加载：55]
[ info ] [ LANG ] D:\phpStudy\PHPTutorial\WWW\newxcx\huaxiang\thinkphp\lang\zh-cn.php
[ info ] [ ROUTE ] array (
  'type' => 'module',
  'module' => 
  array (
    0 => 'xcx',
    1 => 'index',
    2 => 'unread',
  ),
)
[ info ] [ HEADER ] array (
  'host' => 'www.huaxiang.com',
  'connection' => 'keep-alive',
  'content-length' => '0',
  'accept' => 'application/json, text/javascript, */*; q=0.01',
  'origin' => 'http://www.huaxiang.com',
  'x-requested-with' => 'XMLHttpRequest',
  'user-agent' => 'Mozilla/5.0 (Windows NT 10.0; Win64; x64) AppleWebKit/537.36 (KHTML, like Gecko) Chrome/78.0.3904.70 Safari/537.36',
  'referer' => 'http://www.huaxiang.com/xcx/index/index.html',
  'accept-encoding' => 'gzip, deflate',
  'accept-language' => 'zh-CN,zh;q=0.9',
  'cookie' => 'PHPSESSID=qaeh787bi44439isjvbvk4dk34',
)
[ info ] [ PARAM ] array (
  '/xcx/index/unread_html' => '',
)
[ info ] [ SESSION ] INIT array (
  'id' => '',
  'var_session_id' => '',
  'prefix' => 'think',
  'type' => '',
  'auto_start' => true,
)
[ info ] [ RUN ] app\xcx\controller\Index->unread[ D:\phpStudy\PHPTutorial\WWW\newxcx\huaxiang\application\xcx\controller\Index.php ]
[ info ] [ DB ] INIT mysql
[ info ] [ LOG ] INIT File
[ sql ] [ DB ] CONNECT:[ UseTime:0.001174s ] mysql:host=127.0.0.1;port=3306;dbname=xcxnew;charset=utf8mb4
[ sql ] [ SQL ] SHOW COLUMNS FROM `xcx_msg_person` [ RunTime:0.015011s ]
[ sql ] [ SQL ] SELECT `mp_id` FROM `xcx_msg_person` WHERE  (  (mp_u_id = 1 and mp_utype = 2 and mp_isable = 1) or (mp_ul_id = 1 and mp_ultype = 2 and  mp_isable = 1) or (mp_u_id = 1 and mp_utype = 1 and mp_isable = 1) or (mp_ul_id = 1 and mp_ultype = 1 and  mp_isable = 1) ) [ RunTime:0.000576s ]
[ sql ] [ SQL ] SHOW COLUMNS FROM `super_admin` [ RunTime:0.015255s ]
[ sql ] [ SQL ] SELECT `ad_wechat` FROM `super_admin` WHERE  `ad_id` = 1 LIMIT 1 [ RunTime:0.000683s ]
[ sql ] [ SQL ] SHOW COLUMNS FROM `xcx_msg_content` [ RunTime:0.013850s ]
[ sql ] [ SQL ] SELECT COUNT(xcx_msg_id) AS tp_count FROM `xcx_msg_content` WHERE  `xcx_msg_mp_id` = 17  AND `xcx_msg_isread` = 2  AND `xcx_msg_isable` = 1  AND (  ( xcx_msg_uid != 1 and xcx_msg_u_type = 1 ) or ( xcx_msg_uid != 1 and  xcx_msg_u_type = 2 ) ) LIMIT 1 [ RunTime:0.000553s ]
[ sql ] [ SQL ] SELECT `ad_wechat` FROM `super_admin` WHERE  `ad_id` = 1 LIMIT 1 [ RunTime:0.000417s ]
[ sql ] [ SQL ] SELECT COUNT(xcx_msg_id) AS tp_count FROM `xcx_msg_content` WHERE  `xcx_msg_mp_id` = 18  AND `xcx_msg_isread` = 2  AND `xcx_msg_isable` = 1  AND (  ( xcx_msg_uid != 1 and xcx_msg_u_type = 1 ) or ( xcx_msg_uid != 1 and  xcx_msg_u_type = 2 ) ) LIMIT 1 [ RunTime:0.000456s ]
[ sql ] [ SQL ] SELECT `ad_wechat` FROM `super_admin` WHERE  `ad_id` = 1 LIMIT 1 [ RunTime:0.000402s ]
[ sql ] [ SQL ] SELECT COUNT(xcx_msg_id) AS tp_count FROM `xcx_msg_content` WHERE  `xcx_msg_mp_id` = 19  AND `xcx_msg_isread` = 2  AND `xcx_msg_isable` = 1  AND (  ( xcx_msg_uid != 1 and xcx_msg_u_type = 1 ) or ( xcx_msg_uid != 1 and  xcx_msg_u_type = 2 ) ) LIMIT 1 [ RunTime:0.000450s ]
[ sql ] [ SQL ] SELECT `ad_wechat` FROM `super_admin` WHERE  `ad_id` = 1 LIMIT 1 [ RunTime:0.000769s ]
[ sql ] [ SQL ] SELECT COUNT(xcx_msg_id) AS tp_count FROM `xcx_msg_content` WHERE  `xcx_msg_mp_id` = 20  AND `xcx_msg_isread` = 2  AND `xcx_msg_isable` = 1  AND (  ( xcx_msg_uid != 1 and xcx_msg_u_type = 1 ) or ( xcx_msg_uid != 1 and  xcx_msg_u_type = 2 ) ) LIMIT 1 [ RunTime:0.000513s ]
---------------------------------------------------------------
[ 2020-07-10T18:01:45+08:00 ] 127.0.0.1 POST www.huaxiang.com/xcx/index/unread.html
[运行时间：0.121266s] [吞吐率：8.25req/s] [内存消耗：2,712.30kb] [文件加载：55]
[ info ] [ LANG ] D:\phpStudy\PHPTutorial\WWW\newxcx\huaxiang\thinkphp\lang\zh-cn.php
[ info ] [ ROUTE ] array (
  'type' => 'module',
  'module' => 
  array (
    0 => 'xcx',
    1 => 'index',
    2 => 'unread',
  ),
)
[ info ] [ HEADER ] array (
  'host' => 'www.huaxiang.com',
  'connection' => 'keep-alive',
  'content-length' => '0',
  'accept' => 'application/json, text/javascript, */*; q=0.01',
  'origin' => 'http://www.huaxiang.com',
  'x-requested-with' => 'XMLHttpRequest',
  'user-agent' => 'Mozilla/5.0 (Windows NT 10.0; Win64; x64) AppleWebKit/537.36 (KHTML, like Gecko) Chrome/78.0.3904.70 Safari/537.36',
  'referer' => 'http://www.huaxiang.com/xcx/index/index.html',
  'accept-encoding' => 'gzip, deflate',
  'accept-language' => 'zh-CN,zh;q=0.9',
  'cookie' => 'PHPSESSID=qaeh787bi44439isjvbvk4dk34',
)
[ info ] [ PARAM ] array (
  '/xcx/index/unread_html' => '',
)
[ info ] [ SESSION ] INIT array (
  'id' => '',
  'var_session_id' => '',
  'prefix' => 'think',
  'type' => '',
  'auto_start' => true,
)
[ info ] [ RUN ] app\xcx\controller\Index->unread[ D:\phpStudy\PHPTutorial\WWW\newxcx\huaxiang\application\xcx\controller\Index.php ]
[ info ] [ DB ] INIT mysql
[ info ] [ LOG ] INIT File
[ sql ] [ DB ] CONNECT:[ UseTime:0.001154s ] mysql:host=127.0.0.1;port=3306;dbname=xcxnew;charset=utf8mb4
[ sql ] [ SQL ] SHOW COLUMNS FROM `xcx_msg_person` [ RunTime:0.016877s ]
[ sql ] [ SQL ] SELECT `mp_id` FROM `xcx_msg_person` WHERE  (  (mp_u_id = 1 and mp_utype = 2 and mp_isable = 1) or (mp_ul_id = 1 and mp_ultype = 2 and  mp_isable = 1) or (mp_u_id = 1 and mp_utype = 1 and mp_isable = 1) or (mp_ul_id = 1 and mp_ultype = 1 and  mp_isable = 1) ) [ RunTime:0.000576s ]
[ sql ] [ SQL ] SHOW COLUMNS FROM `super_admin` [ RunTime:0.015483s ]
[ sql ] [ SQL ] SELECT `ad_wechat` FROM `super_admin` WHERE  `ad_id` = 1 LIMIT 1 [ RunTime:0.000610s ]
[ sql ] [ SQL ] SHOW COLUMNS FROM `xcx_msg_content` [ RunTime:0.014021s ]
[ sql ] [ SQL ] SELECT COUNT(xcx_msg_id) AS tp_count FROM `xcx_msg_content` WHERE  `xcx_msg_mp_id` = 17  AND `xcx_msg_isread` = 2  AND `xcx_msg_isable` = 1  AND (  ( xcx_msg_uid != 1 and xcx_msg_u_type = 1 ) or ( xcx_msg_uid != 1 and  xcx_msg_u_type = 2 ) ) LIMIT 1 [ RunTime:0.000754s ]
[ sql ] [ SQL ] SELECT `ad_wechat` FROM `super_admin` WHERE  `ad_id` = 1 LIMIT 1 [ RunTime:0.000826s ]
[ sql ] [ SQL ] SELECT COUNT(xcx_msg_id) AS tp_count FROM `xcx_msg_content` WHERE  `xcx_msg_mp_id` = 18  AND `xcx_msg_isread` = 2  AND `xcx_msg_isable` = 1  AND (  ( xcx_msg_uid != 1 and xcx_msg_u_type = 1 ) or ( xcx_msg_uid != 1 and  xcx_msg_u_type = 2 ) ) LIMIT 1 [ RunTime:0.000730s ]
[ sql ] [ SQL ] SELECT `ad_wechat` FROM `super_admin` WHERE  `ad_id` = 1 LIMIT 1 [ RunTime:0.000615s ]
[ sql ] [ SQL ] SELECT COUNT(xcx_msg_id) AS tp_count FROM `xcx_msg_content` WHERE  `xcx_msg_mp_id` = 19  AND `xcx_msg_isread` = 2  AND `xcx_msg_isable` = 1  AND (  ( xcx_msg_uid != 1 and xcx_msg_u_type = 1 ) or ( xcx_msg_uid != 1 and  xcx_msg_u_type = 2 ) ) LIMIT 1 [ RunTime:0.000691s ]
[ sql ] [ SQL ] SELECT `ad_wechat` FROM `super_admin` WHERE  `ad_id` = 1 LIMIT 1 [ RunTime:0.000713s ]
[ sql ] [ SQL ] SELECT COUNT(xcx_msg_id) AS tp_count FROM `xcx_msg_content` WHERE  `xcx_msg_mp_id` = 20  AND `xcx_msg_isread` = 2  AND `xcx_msg_isable` = 1  AND (  ( xcx_msg_uid != 1 and xcx_msg_u_type = 1 ) or ( xcx_msg_uid != 1 and  xcx_msg_u_type = 2 ) ) LIMIT 1 [ RunTime:0.000843s ]
---------------------------------------------------------------
[ 2020-07-10T18:01:59+08:00 ] 127.0.0.1 POST www.huaxiang.com/xcx/index/unread.html
[运行时间：0.123653s] [吞吐率：8.09req/s] [内存消耗：2,712.30kb] [文件加载：55]
[ info ] [ LANG ] D:\phpStudy\PHPTutorial\WWW\newxcx\huaxiang\thinkphp\lang\zh-cn.php
[ info ] [ ROUTE ] array (
  'type' => 'module',
  'module' => 
  array (
    0 => 'xcx',
    1 => 'index',
    2 => 'unread',
  ),
)
[ info ] [ HEADER ] array (
  'host' => 'www.huaxiang.com',
  'connection' => 'keep-alive',
  'content-length' => '0',
  'accept' => 'application/json, text/javascript, */*; q=0.01',
  'origin' => 'http://www.huaxiang.com',
  'x-requested-with' => 'XMLHttpRequest',
  'user-agent' => 'Mozilla/5.0 (Windows NT 10.0; Win64; x64) AppleWebKit/537.36 (KHTML, like Gecko) Chrome/78.0.3904.70 Safari/537.36',
  'referer' => 'http://www.huaxiang.com/xcx/index/index.html',
  'accept-encoding' => 'gzip, deflate',
  'accept-language' => 'zh-CN,zh;q=0.9',
  'cookie' => 'PHPSESSID=qaeh787bi44439isjvbvk4dk34',
)
[ info ] [ PARAM ] array (
  '/xcx/index/unread_html' => '',
)
[ info ] [ SESSION ] INIT array (
  'id' => '',
  'var_session_id' => '',
  'prefix' => 'think',
  'type' => '',
  'auto_start' => true,
)
[ info ] [ RUN ] app\xcx\controller\Index->unread[ D:\phpStudy\PHPTutorial\WWW\newxcx\huaxiang\application\xcx\controller\Index.php ]
[ info ] [ DB ] INIT mysql
[ info ] [ LOG ] INIT File
[ sql ] [ DB ] CONNECT:[ UseTime:0.001232s ] mysql:host=127.0.0.1;port=3306;dbname=xcxnew;charset=utf8mb4
[ sql ] [ SQL ] SHOW COLUMNS FROM `xcx_msg_person` [ RunTime:0.017191s ]
[ sql ] [ SQL ] SELECT `mp_id` FROM `xcx_msg_person` WHERE  (  (mp_u_id = 1 and mp_utype = 2 and mp_isable = 1) or (mp_ul_id = 1 and mp_ultype = 2 and  mp_isable = 1) or (mp_u_id = 1 and mp_utype = 1 and mp_isable = 1) or (mp_ul_id = 1 and mp_ultype = 1 and  mp_isable = 1) ) [ RunTime:0.000587s ]
[ sql ] [ SQL ] SHOW COLUMNS FROM `super_admin` [ RunTime:0.017046s ]
[ sql ] [ SQL ] SELECT `ad_wechat` FROM `super_admin` WHERE  `ad_id` = 1 LIMIT 1 [ RunTime:0.000694s ]
[ sql ] [ SQL ] SHOW COLUMNS FROM `xcx_msg_content` [ RunTime:0.014126s ]
[ sql ] [ SQL ] SELECT COUNT(xcx_msg_id) AS tp_count FROM `xcx_msg_content` WHERE  `xcx_msg_mp_id` = 17  AND `xcx_msg_isread` = 2  AND `xcx_msg_isable` = 1  AND (  ( xcx_msg_uid != 1 and xcx_msg_u_type = 1 ) or ( xcx_msg_uid != 1 and  xcx_msg_u_type = 2 ) ) LIMIT 1 [ RunTime:0.001281s ]
[ sql ] [ SQL ] SELECT `ad_wechat` FROM `super_admin` WHERE  `ad_id` = 1 LIMIT 1 [ RunTime:0.000709s ]
[ sql ] [ SQL ] SELECT COUNT(xcx_msg_id) AS tp_count FROM `xcx_msg_content` WHERE  `xcx_msg_mp_id` = 18  AND `xcx_msg_isread` = 2  AND `xcx_msg_isable` = 1  AND (  ( xcx_msg_uid != 1 and xcx_msg_u_type = 1 ) or ( xcx_msg_uid != 1 and  xcx_msg_u_type = 2 ) ) LIMIT 1 [ RunTime:0.000645s ]
[ sql ] [ SQL ] SELECT `ad_wechat` FROM `super_admin` WHERE  `ad_id` = 1 LIMIT 1 [ RunTime:0.000512s ]
[ sql ] [ SQL ] SELECT COUNT(xcx_msg_id) AS tp_count FROM `xcx_msg_content` WHERE  `xcx_msg_mp_id` = 19  AND `xcx_msg_isread` = 2  AND `xcx_msg_isable` = 1  AND (  ( xcx_msg_uid != 1 and xcx_msg_u_type = 1 ) or ( xcx_msg_uid != 1 and  xcx_msg_u_type = 2 ) ) LIMIT 1 [ RunTime:0.000534s ]
[ sql ] [ SQL ] SELECT `ad_wechat` FROM `super_admin` WHERE  `ad_id` = 1 LIMIT 1 [ RunTime:0.000515s ]
[ sql ] [ SQL ] SELECT COUNT(xcx_msg_id) AS tp_count FROM `xcx_msg_content` WHERE  `xcx_msg_mp_id` = 20  AND `xcx_msg_isread` = 2  AND `xcx_msg_isable` = 1  AND (  ( xcx_msg_uid != 1 and xcx_msg_u_type = 1 ) or ( xcx_msg_uid != 1 and  xcx_msg_u_type = 2 ) ) LIMIT 1 [ RunTime:0.000539s ]
---------------------------------------------------------------
[ 2020-07-10T18:02:13+08:00 ] 127.0.0.1 POST www.huaxiang.com/xcx/index/unread.html
[运行时间：0.541376s] [吞吐率：1.85req/s] [内存消耗：2,712.30kb] [文件加载：55]
[ info ] [ LANG ] D:\phpStudy\PHPTutorial\WWW\newxcx\huaxiang\thinkphp\lang\zh-cn.php
[ info ] [ ROUTE ] array (
  'type' => 'module',
  'module' => 
  array (
    0 => 'xcx',
    1 => 'index',
    2 => 'unread',
  ),
)
[ info ] [ HEADER ] array (
  'host' => 'www.huaxiang.com',
  'connection' => 'keep-alive',
  'content-length' => '0',
  'accept' => 'application/json, text/javascript, */*; q=0.01',
  'origin' => 'http://www.huaxiang.com',
  'x-requested-with' => 'XMLHttpRequest',
  'user-agent' => 'Mozilla/5.0 (Windows NT 10.0; Win64; x64) AppleWebKit/537.36 (KHTML, like Gecko) Chrome/78.0.3904.70 Safari/537.36',
  'referer' => 'http://www.huaxiang.com/xcx/index/index.html',
  'accept-encoding' => 'gzip, deflate',
  'accept-language' => 'zh-CN,zh;q=0.9',
  'cookie' => 'PHPSESSID=qaeh787bi44439isjvbvk4dk34',
)
[ info ] [ PARAM ] array (
  '/xcx/index/unread_html' => '',
)
[ info ] [ SESSION ] INIT array (
  'id' => '',
  'var_session_id' => '',
  'prefix' => 'think',
  'type' => '',
  'auto_start' => true,
)
[ info ] [ RUN ] app\xcx\controller\Index->unread[ D:\phpStudy\PHPTutorial\WWW\newxcx\huaxiang\application\xcx\controller\Index.php ]
[ info ] [ DB ] INIT mysql
[ info ] [ LOG ] INIT File
[ sql ] [ DB ] CONNECT:[ UseTime:0.001174s ] mysql:host=127.0.0.1;port=3306;dbname=xcxnew;charset=utf8mb4
[ sql ] [ SQL ] SHOW COLUMNS FROM `xcx_msg_person` [ RunTime:0.128493s ]
[ sql ] [ SQL ] SELECT `mp_id` FROM `xcx_msg_person` WHERE  (  (mp_u_id = 1 and mp_utype = 2 and mp_isable = 1) or (mp_ul_id = 1 and mp_ultype = 2 and  mp_isable = 1) or (mp_u_id = 1 and mp_utype = 1 and mp_isable = 1) or (mp_ul_id = 1 and mp_ultype = 1 and  mp_isable = 1) ) [ RunTime:0.001034s ]
[ sql ] [ SQL ] SHOW COLUMNS FROM `super_admin` [ RunTime:0.177195s ]
[ sql ] [ SQL ] SELECT `ad_wechat` FROM `super_admin` WHERE  `ad_id` = 1 LIMIT 1 [ RunTime:0.000782s ]
[ sql ] [ SQL ] SHOW COLUMNS FROM `xcx_msg_content` [ RunTime:0.166173s ]
[ sql ] [ SQL ] SELECT COUNT(xcx_msg_id) AS tp_count FROM `xcx_msg_content` WHERE  `xcx_msg_mp_id` = 17  AND `xcx_msg_isread` = 2  AND `xcx_msg_isable` = 1  AND (  ( xcx_msg_uid != 1 and xcx_msg_u_type = 1 ) or ( xcx_msg_uid != 1 and  xcx_msg_u_type = 2 ) ) LIMIT 1 [ RunTime:0.000663s ]
[ sql ] [ SQL ] SELECT `ad_wechat` FROM `super_admin` WHERE  `ad_id` = 1 LIMIT 1 [ RunTime:0.000435s ]
[ sql ] [ SQL ] SELECT COUNT(xcx_msg_id) AS tp_count FROM `xcx_msg_content` WHERE  `xcx_msg_mp_id` = 18  AND `xcx_msg_isread` = 2  AND `xcx_msg_isable` = 1  AND (  ( xcx_msg_uid != 1 and xcx_msg_u_type = 1 ) or ( xcx_msg_uid != 1 and  xcx_msg_u_type = 2 ) ) LIMIT 1 [ RunTime:0.000461s ]
[ sql ] [ SQL ] SELECT `ad_wechat` FROM `super_admin` WHERE  `ad_id` = 1 LIMIT 1 [ RunTime:0.000405s ]
[ sql ] [ SQL ] SELECT COUNT(xcx_msg_id) AS tp_count FROM `xcx_msg_content` WHERE  `xcx_msg_mp_id` = 19  AND `xcx_msg_isread` = 2  AND `xcx_msg_isable` = 1  AND (  ( xcx_msg_uid != 1 and xcx_msg_u_type = 1 ) or ( xcx_msg_uid != 1 and  xcx_msg_u_type = 2 ) ) LIMIT 1 [ RunTime:0.000470s ]
[ sql ] [ SQL ] SELECT `ad_wechat` FROM `super_admin` WHERE  `ad_id` = 1 LIMIT 1 [ RunTime:0.000466s ]
[ sql ] [ SQL ] SELECT COUNT(xcx_msg_id) AS tp_count FROM `xcx_msg_content` WHERE  `xcx_msg_mp_id` = 20  AND `xcx_msg_isread` = 2  AND `xcx_msg_isable` = 1  AND (  ( xcx_msg_uid != 1 and xcx_msg_u_type = 1 ) or ( xcx_msg_uid != 1 and  xcx_msg_u_type = 2 ) ) LIMIT 1 [ RunTime:0.000485s ]
---------------------------------------------------------------
[ 2020-07-10T18:03:09+08:00 ] 127.0.0.1 POST www.huaxiang.com/xcx/index/unread.html
[运行时间：0.134965s] [吞吐率：7.41req/s] [内存消耗：2,712.30kb] [文件加载：55]
[ info ] [ LANG ] D:\phpStudy\PHPTutorial\WWW\newxcx\huaxiang\thinkphp\lang\zh-cn.php
[ info ] [ ROUTE ] array (
  'type' => 'module',
  'module' => 
  array (
    0 => 'xcx',
    1 => 'index',
    2 => 'unread',
  ),
)
[ info ] [ HEADER ] array (
  'host' => 'www.huaxiang.com',
  'connection' => 'keep-alive',
  'content-length' => '0',
  'accept' => 'application/json, text/javascript, */*; q=0.01',
  'origin' => 'http://www.huaxiang.com',
  'x-requested-with' => 'XMLHttpRequest',
  'user-agent' => 'Mozilla/5.0 (Windows NT 10.0; Win64; x64) AppleWebKit/537.36 (KHTML, like Gecko) Chrome/78.0.3904.70 Safari/537.36',
  'referer' => 'http://www.huaxiang.com/xcx/index/index.html',
  'accept-encoding' => 'gzip, deflate',
  'accept-language' => 'zh-CN,zh;q=0.9',
  'cookie' => 'PHPSESSID=qaeh787bi44439isjvbvk4dk34',
)
[ info ] [ PARAM ] array (
  '/xcx/index/unread_html' => '',
)
[ info ] [ SESSION ] INIT array (
  'id' => '',
  'var_session_id' => '',
  'prefix' => 'think',
  'type' => '',
  'auto_start' => true,
)
[ info ] [ RUN ] app\xcx\controller\Index->unread[ D:\phpStudy\PHPTutorial\WWW\newxcx\huaxiang\application\xcx\controller\Index.php ]
[ info ] [ DB ] INIT mysql
[ info ] [ LOG ] INIT File
[ sql ] [ DB ] CONNECT:[ UseTime:0.001509s ] mysql:host=127.0.0.1;port=3306;dbname=xcxnew;charset=utf8mb4
[ sql ] [ SQL ] SHOW COLUMNS FROM `xcx_msg_person` [ RunTime:0.015536s ]
[ sql ] [ SQL ] SELECT `mp_id` FROM `xcx_msg_person` WHERE  (  (mp_u_id = 1 and mp_utype = 2 and mp_isable = 1) or (mp_ul_id = 1 and mp_ultype = 2 and  mp_isable = 1) or (mp_u_id = 1 and mp_utype = 1 and mp_isable = 1) or (mp_ul_id = 1 and mp_ultype = 1 and  mp_isable = 1) ) [ RunTime:0.000769s ]
[ sql ] [ SQL ] SHOW COLUMNS FROM `super_admin` [ RunTime:0.015810s ]
[ sql ] [ SQL ] SELECT `ad_wechat` FROM `super_admin` WHERE  `ad_id` = 1 LIMIT 1 [ RunTime:0.000806s ]
[ sql ] [ SQL ] SHOW COLUMNS FROM `xcx_msg_content` [ RunTime:0.018952s ]
[ sql ] [ SQL ] SELECT COUNT(xcx_msg_id) AS tp_count FROM `xcx_msg_content` WHERE  `xcx_msg_mp_id` = 17  AND `xcx_msg_isread` = 2  AND `xcx_msg_isable` = 1  AND (  ( xcx_msg_uid != 1 and xcx_msg_u_type = 1 ) or ( xcx_msg_uid != 1 and  xcx_msg_u_type = 2 ) ) LIMIT 1 [ RunTime:0.001059s ]
[ sql ] [ SQL ] SELECT `ad_wechat` FROM `super_admin` WHERE  `ad_id` = 1 LIMIT 1 [ RunTime:0.000503s ]
[ sql ] [ SQL ] SELECT COUNT(xcx_msg_id) AS tp_count FROM `xcx_msg_content` WHERE  `xcx_msg_mp_id` = 18  AND `xcx_msg_isread` = 2  AND `xcx_msg_isable` = 1  AND (  ( xcx_msg_uid != 1 and xcx_msg_u_type = 1 ) or ( xcx_msg_uid != 1 and  xcx_msg_u_type = 2 ) ) LIMIT 1 [ RunTime:0.000502s ]
[ sql ] [ SQL ] SELECT `ad_wechat` FROM `super_admin` WHERE  `ad_id` = 1 LIMIT 1 [ RunTime:0.000462s ]
[ sql ] [ SQL ] SELECT COUNT(xcx_msg_id) AS tp_count FROM `xcx_msg_content` WHERE  `xcx_msg_mp_id` = 19  AND `xcx_msg_isread` = 2  AND `xcx_msg_isable` = 1  AND (  ( xcx_msg_uid != 1 and xcx_msg_u_type = 1 ) or ( xcx_msg_uid != 1 and  xcx_msg_u_type = 2 ) ) LIMIT 1 [ RunTime:0.000816s ]
[ sql ] [ SQL ] SELECT `ad_wechat` FROM `super_admin` WHERE  `ad_id` = 1 LIMIT 1 [ RunTime:0.000769s ]
[ sql ] [ SQL ] SELECT COUNT(xcx_msg_id) AS tp_count FROM `xcx_msg_content` WHERE  `xcx_msg_mp_id` = 20  AND `xcx_msg_isread` = 2  AND `xcx_msg_isable` = 1  AND (  ( xcx_msg_uid != 1 and xcx_msg_u_type = 1 ) or ( xcx_msg_uid != 1 and  xcx_msg_u_type = 2 ) ) LIMIT 1 [ RunTime:0.000774s ]
