---------------------------------------------------------------
[ 2020-07-27T14:43:51+08:00 ] 127.0.0.1 POST www.huaxiang.com/xcx/index/unread.html
[运行时间：0.170902s] [吞吐率：5.85req/s] [内存消耗：2,715.33kb] [文件加载：55]
[ info ] [ LANG ] D:\phpStudy\PHPTutorial\WWW\newxcx\huaxiang\thinkphp\lang\zh-cn.php
[ info ] [ ROUTE ] array (
  'type' => 'module',
  'module' => 
  array (
    0 => 'xcx',
    1 => 'index',
    2 => 'unread',
  ),
)
[ info ] [ HEADER ] array (
  'host' => 'www.huaxiang.com',
  'connection' => 'keep-alive',
  'content-length' => '0',
  'accept' => 'application/json, text/javascript, */*; q=0.01',
  'origin' => 'http://www.huaxiang.com',
  'x-requested-with' => 'XMLHttpRequest',
  'user-agent' => 'Mozilla/5.0 (Windows NT 10.0; Win64; x64) AppleWebKit/537.36 (KHTML, like Gecko) Chrome/78.0.3904.70 Safari/537.36',
  'referer' => 'http://www.huaxiang.com/xcx/index/index.html',
  'accept-encoding' => 'gzip, deflate',
  'accept-language' => 'zh-CN,zh;q=0.9',
  'cookie' => 'PHPSESSID=9aecj2r98nsg4328t3afssfs34',
)
[ info ] [ PARAM ] array (
  '/xcx/index/unread_html' => '',
)
[ info ] [ SESSION ] INIT array (
  'id' => '',
  'var_session_id' => '',
  'prefix' => 'think',
  'type' => '',
  'auto_start' => true,
)
[ info ] [ RUN ] app\xcx\controller\Index->unread[ D:\phpStudy\PHPTutorial\WWW\newxcx\huaxiang\application\xcx\controller\Index.php ]
[ info ] [ DB ] INIT mysql
[ info ] [ LOG ] INIT File
[ sql ] [ DB ] CONNECT:[ UseTime:0.001368s ] mysql:host=127.0.0.1;port=3306;dbname=xcxnew;charset=utf8mb4
[ sql ] [ SQL ] SHOW COLUMNS FROM `xcx_msg_person` [ RunTime:0.013856s ]
[ sql ] [ SQL ] SELECT `mp_id` FROM `xcx_msg_person` WHERE  (  (mp_u_id = 1 and mp_utype = 2 and mp_isable = 1) or (mp_ul_id = 1 and mp_ultype = 2 and  mp_isable = 1) or (mp_u_id = 1 and mp_utype = 1 and mp_isable = 1) or (mp_ul_id = 1 and mp_ultype = 1 and  mp_isable = 1) ) [ RunTime:0.000731s ]
[ sql ] [ SQL ] SHOW COLUMNS FROM `super_admin` [ RunTime:0.014819s ]
[ sql ] [ SQL ] SELECT `ad_wechat` FROM `super_admin` WHERE  `ad_id` = 1 LIMIT 1 [ RunTime:0.000636s ]
[ sql ] [ SQL ] SHOW COLUMNS FROM `xcx_msg_content` [ RunTime:0.015321s ]
[ sql ] [ SQL ] SELECT COUNT(xcx_msg_id) AS tp_count FROM `xcx_msg_content` WHERE  `xcx_msg_mp_id` = 17  AND `xcx_msg_isread` = 2  AND `xcx_msg_isable` = 1  AND (  ( xcx_msg_uid != 1 and xcx_msg_u_type = 1 ) or ( xcx_msg_uid != 1 and  xcx_msg_u_type = 2 ) ) LIMIT 1 [ RunTime:0.000784s ]
[ sql ] [ SQL ] SELECT `ad_wechat` FROM `super_admin` WHERE  `ad_id` = 1 LIMIT 1 [ RunTime:0.000464s ]
[ sql ] [ SQL ] SELECT COUNT(xcx_msg_id) AS tp_count FROM `xcx_msg_content` WHERE  `xcx_msg_mp_id` = 18  AND `xcx_msg_isread` = 2  AND `xcx_msg_isable` = 1  AND (  ( xcx_msg_uid != 1 and xcx_msg_u_type = 1 ) or ( xcx_msg_uid != 1 and  xcx_msg_u_type = 2 ) ) LIMIT 1 [ RunTime:0.000523s ]
[ sql ] [ SQL ] SELECT `ad_wechat` FROM `super_admin` WHERE  `ad_id` = 1 LIMIT 1 [ RunTime:0.000557s ]
[ sql ] [ SQL ] SELECT COUNT(xcx_msg_id) AS tp_count FROM `xcx_msg_content` WHERE  `xcx_msg_mp_id` = 19  AND `xcx_msg_isread` = 2  AND `xcx_msg_isable` = 1  AND (  ( xcx_msg_uid != 1 and xcx_msg_u_type = 1 ) or ( xcx_msg_uid != 1 and  xcx_msg_u_type = 2 ) ) LIMIT 1 [ RunTime:0.000529s ]
[ sql ] [ SQL ] SELECT `ad_wechat` FROM `super_admin` WHERE  `ad_id` = 1 LIMIT 1 [ RunTime:0.000414s ]
[ sql ] [ SQL ] SELECT COUNT(xcx_msg_id) AS tp_count FROM `xcx_msg_content` WHERE  `xcx_msg_mp_id` = 20  AND `xcx_msg_isread` = 2  AND `xcx_msg_isable` = 1  AND (  ( xcx_msg_uid != 1 and xcx_msg_u_type = 1 ) or ( xcx_msg_uid != 1 and  xcx_msg_u_type = 2 ) ) LIMIT 1 [ RunTime:0.000514s ]
---------------------------------------------------------------
[ 2020-07-27T14:44:01+08:00 ] 127.0.0.1 POST www.huaxiang.com/xcx/index/unread.html
[运行时间：0.190121s] [吞吐率：5.26req/s] [内存消耗：2,715.31kb] [文件加载：55]
[ info ] [ LANG ] D:\phpStudy\PHPTutorial\WWW\newxcx\huaxiang\thinkphp\lang\zh-cn.php
[ info ] [ ROUTE ] array (
  'type' => 'module',
  'module' => 
  array (
    0 => 'xcx',
    1 => 'index',
    2 => 'unread',
  ),
)
[ info ] [ HEADER ] array (
  'host' => 'www.huaxiang.com',
  'connection' => 'keep-alive',
  'content-length' => '0',
  'accept' => 'application/json, text/javascript, */*; q=0.01',
  'origin' => 'http://www.huaxiang.com',
  'x-requested-with' => 'XMLHttpRequest',
  'user-agent' => 'Mozilla/5.0 (Windows NT 10.0; Win64; x64) AppleWebKit/537.36 (KHTML, like Gecko) Chrome/78.0.3904.70 Safari/537.36',
  'referer' => 'http://www.huaxiang.com/xcx/index/index.html',
  'accept-encoding' => 'gzip, deflate',
  'accept-language' => 'zh-CN,zh;q=0.9',
  'cookie' => 'PHPSESSID=9aecj2r98nsg4328t3afssfs34',
)
[ info ] [ PARAM ] array (
  '/xcx/index/unread_html' => '',
)
[ info ] [ SESSION ] INIT array (
  'id' => '',
  'var_session_id' => '',
  'prefix' => 'think',
  'type' => '',
  'auto_start' => true,
)
[ info ] [ RUN ] app\xcx\controller\Index->unread[ D:\phpStudy\PHPTutorial\WWW\newxcx\huaxiang\application\xcx\controller\Index.php ]
[ info ] [ DB ] INIT mysql
[ info ] [ LOG ] INIT File
[ sql ] [ DB ] CONNECT:[ UseTime:0.001639s ] mysql:host=127.0.0.1;port=3306;dbname=xcxnew;charset=utf8mb4
[ sql ] [ SQL ] SHOW COLUMNS FROM `xcx_msg_person` [ RunTime:0.019040s ]
[ sql ] [ SQL ] SELECT `mp_id` FROM `xcx_msg_person` WHERE  (  (mp_u_id = 1 and mp_utype = 2 and mp_isable = 1) or (mp_ul_id = 1 and mp_ultype = 2 and  mp_isable = 1) or (mp_u_id = 1 and mp_utype = 1 and mp_isable = 1) or (mp_ul_id = 1 and mp_ultype = 1 and  mp_isable = 1) ) [ RunTime:0.001090s ]
[ sql ] [ SQL ] SHOW COLUMNS FROM `super_admin` [ RunTime:0.022651s ]
[ sql ] [ SQL ] SELECT `ad_wechat` FROM `super_admin` WHERE  `ad_id` = 1 LIMIT 1 [ RunTime:0.001118s ]
[ sql ] [ SQL ] SHOW COLUMNS FROM `xcx_msg_content` [ RunTime:0.017534s ]
[ sql ] [ SQL ] SELECT COUNT(xcx_msg_id) AS tp_count FROM `xcx_msg_content` WHERE  `xcx_msg_mp_id` = 17  AND `xcx_msg_isread` = 2  AND `xcx_msg_isable` = 1  AND (  ( xcx_msg_uid != 1 and xcx_msg_u_type = 1 ) or ( xcx_msg_uid != 1 and  xcx_msg_u_type = 2 ) ) LIMIT 1 [ RunTime:0.001563s ]
[ sql ] [ SQL ] SELECT `ad_wechat` FROM `super_admin` WHERE  `ad_id` = 1 LIMIT 1 [ RunTime:0.000820s ]
[ sql ] [ SQL ] SELECT COUNT(xcx_msg_id) AS tp_count FROM `xcx_msg_content` WHERE  `xcx_msg_mp_id` = 18  AND `xcx_msg_isread` = 2  AND `xcx_msg_isable` = 1  AND (  ( xcx_msg_uid != 1 and xcx_msg_u_type = 1 ) or ( xcx_msg_uid != 1 and  xcx_msg_u_type = 2 ) ) LIMIT 1 [ RunTime:0.001022s ]
[ sql ] [ SQL ] SELECT `ad_wechat` FROM `super_admin` WHERE  `ad_id` = 1 LIMIT 1 [ RunTime:0.000595s ]
[ sql ] [ SQL ] SELECT COUNT(xcx_msg_id) AS tp_count FROM `xcx_msg_content` WHERE  `xcx_msg_mp_id` = 19  AND `xcx_msg_isread` = 2  AND `xcx_msg_isable` = 1  AND (  ( xcx_msg_uid != 1 and xcx_msg_u_type = 1 ) or ( xcx_msg_uid != 1 and  xcx_msg_u_type = 2 ) ) LIMIT 1 [ RunTime:0.000567s ]
[ sql ] [ SQL ] SELECT `ad_wechat` FROM `super_admin` WHERE  `ad_id` = 1 LIMIT 1 [ RunTime:0.000489s ]
[ sql ] [ SQL ] SELECT COUNT(xcx_msg_id) AS tp_count FROM `xcx_msg_content` WHERE  `xcx_msg_mp_id` = 20  AND `xcx_msg_isread` = 2  AND `xcx_msg_isable` = 1  AND (  ( xcx_msg_uid != 1 and xcx_msg_u_type = 1 ) or ( xcx_msg_uid != 1 and  xcx_msg_u_type = 2 ) ) LIMIT 1 [ RunTime:0.000563s ]
---------------------------------------------------------------
[ 2020-07-27T14:44:11+08:00 ] 127.0.0.1 POST www.huaxiang.com/xcx/index/unread.html
[运行时间：0.146311s] [吞吐率：6.83req/s] [内存消耗：2,715.31kb] [文件加载：55]
[ info ] [ LANG ] D:\phpStudy\PHPTutorial\WWW\newxcx\huaxiang\thinkphp\lang\zh-cn.php
[ info ] [ ROUTE ] array (
  'type' => 'module',
  'module' => 
  array (
    0 => 'xcx',
    1 => 'index',
    2 => 'unread',
  ),
)
[ info ] [ HEADER ] array (
  'host' => 'www.huaxiang.com',
  'connection' => 'keep-alive',
  'content-length' => '0',
  'accept' => 'application/json, text/javascript, */*; q=0.01',
  'origin' => 'http://www.huaxiang.com',
  'x-requested-with' => 'XMLHttpRequest',
  'user-agent' => 'Mozilla/5.0 (Windows NT 10.0; Win64; x64) AppleWebKit/537.36 (KHTML, like Gecko) Chrome/78.0.3904.70 Safari/537.36',
  'referer' => 'http://www.huaxiang.com/xcx/index/index.html',
  'accept-encoding' => 'gzip, deflate',
  'accept-language' => 'zh-CN,zh;q=0.9',
  'cookie' => 'PHPSESSID=9aecj2r98nsg4328t3afssfs34',
)
[ info ] [ PARAM ] array (
  '/xcx/index/unread_html' => '',
)
[ info ] [ SESSION ] INIT array (
  'id' => '',
  'var_session_id' => '',
  'prefix' => 'think',
  'type' => '',
  'auto_start' => true,
)
[ info ] [ RUN ] app\xcx\controller\Index->unread[ D:\phpStudy\PHPTutorial\WWW\newxcx\huaxiang\application\xcx\controller\Index.php ]
[ info ] [ DB ] INIT mysql
[ info ] [ LOG ] INIT File
[ sql ] [ DB ] CONNECT:[ UseTime:0.002166s ] mysql:host=127.0.0.1;port=3306;dbname=xcxnew;charset=utf8mb4
[ sql ] [ SQL ] SHOW COLUMNS FROM `xcx_msg_person` [ RunTime:0.020497s ]
[ sql ] [ SQL ] SELECT `mp_id` FROM `xcx_msg_person` WHERE  (  (mp_u_id = 1 and mp_utype = 2 and mp_isable = 1) or (mp_ul_id = 1 and mp_ultype = 2 and  mp_isable = 1) or (mp_u_id = 1 and mp_utype = 1 and mp_isable = 1) or (mp_ul_id = 1 and mp_ultype = 1 and  mp_isable = 1) ) [ RunTime:0.001027s ]
[ sql ] [ SQL ] SHOW COLUMNS FROM `super_admin` [ RunTime:0.015724s ]
[ sql ] [ SQL ] SELECT `ad_wechat` FROM `super_admin` WHERE  `ad_id` = 1 LIMIT 1 [ RunTime:0.000806s ]
[ sql ] [ SQL ] SHOW COLUMNS FROM `xcx_msg_content` [ RunTime:0.014607s ]
[ sql ] [ SQL ] SELECT COUNT(xcx_msg_id) AS tp_count FROM `xcx_msg_content` WHERE  `xcx_msg_mp_id` = 17  AND `xcx_msg_isread` = 2  AND `xcx_msg_isable` = 1  AND (  ( xcx_msg_uid != 1 and xcx_msg_u_type = 1 ) or ( xcx_msg_uid != 1 and  xcx_msg_u_type = 2 ) ) LIMIT 1 [ RunTime:0.000640s ]
[ sql ] [ SQL ] SELECT `ad_wechat` FROM `super_admin` WHERE  `ad_id` = 1 LIMIT 1 [ RunTime:0.000467s ]
[ sql ] [ SQL ] SELECT COUNT(xcx_msg_id) AS tp_count FROM `xcx_msg_content` WHERE  `xcx_msg_mp_id` = 18  AND `xcx_msg_isread` = 2  AND `xcx_msg_isable` = 1  AND (  ( xcx_msg_uid != 1 and xcx_msg_u_type = 1 ) or ( xcx_msg_uid != 1 and  xcx_msg_u_type = 2 ) ) LIMIT 1 [ RunTime:0.000469s ]
[ sql ] [ SQL ] SELECT `ad_wechat` FROM `super_admin` WHERE  `ad_id` = 1 LIMIT 1 [ RunTime:0.000439s ]
[ sql ] [ SQL ] SELECT COUNT(xcx_msg_id) AS tp_count FROM `xcx_msg_content` WHERE  `xcx_msg_mp_id` = 19  AND `xcx_msg_isread` = 2  AND `xcx_msg_isable` = 1  AND (  ( xcx_msg_uid != 1 and xcx_msg_u_type = 1 ) or ( xcx_msg_uid != 1 and  xcx_msg_u_type = 2 ) ) LIMIT 1 [ RunTime:0.000468s ]
[ sql ] [ SQL ] SELECT `ad_wechat` FROM `super_admin` WHERE  `ad_id` = 1 LIMIT 1 [ RunTime:0.000425s ]
[ sql ] [ SQL ] SELECT COUNT(xcx_msg_id) AS tp_count FROM `xcx_msg_content` WHERE  `xcx_msg_mp_id` = 20  AND `xcx_msg_isread` = 2  AND `xcx_msg_isable` = 1  AND (  ( xcx_msg_uid != 1 and xcx_msg_u_type = 1 ) or ( xcx_msg_uid != 1 and  xcx_msg_u_type = 2 ) ) LIMIT 1 [ RunTime:0.000548s ]
---------------------------------------------------------------
[ 2020-07-27T14:44:21+08:00 ] 127.0.0.1 POST www.huaxiang.com/xcx/index/unread.html
[运行时间：0.116749s] [吞吐率：8.57req/s] [内存消耗：2,715.31kb] [文件加载：55]
[ info ] [ LANG ] D:\phpStudy\PHPTutorial\WWW\newxcx\huaxiang\thinkphp\lang\zh-cn.php
[ info ] [ ROUTE ] array (
  'type' => 'module',
  'module' => 
  array (
    0 => 'xcx',
    1 => 'index',
    2 => 'unread',
  ),
)
[ info ] [ HEADER ] array (
  'host' => 'www.huaxiang.com',
  'connection' => 'keep-alive',
  'content-length' => '0',
  'accept' => 'application/json, text/javascript, */*; q=0.01',
  'origin' => 'http://www.huaxiang.com',
  'x-requested-with' => 'XMLHttpRequest',
  'user-agent' => 'Mozilla/5.0 (Windows NT 10.0; Win64; x64) AppleWebKit/537.36 (KHTML, like Gecko) Chrome/78.0.3904.70 Safari/537.36',
  'referer' => 'http://www.huaxiang.com/xcx/index/index.html',
  'accept-encoding' => 'gzip, deflate',
  'accept-language' => 'zh-CN,zh;q=0.9',
  'cookie' => 'PHPSESSID=9aecj2r98nsg4328t3afssfs34',
)
[ info ] [ PARAM ] array (
  '/xcx/index/unread_html' => '',
)
[ info ] [ SESSION ] INIT array (
  'id' => '',
  'var_session_id' => '',
  'prefix' => 'think',
  'type' => '',
  'auto_start' => true,
)
[ info ] [ RUN ] app\xcx\controller\Index->unread[ D:\phpStudy\PHPTutorial\WWW\newxcx\huaxiang\application\xcx\controller\Index.php ]
[ info ] [ DB ] INIT mysql
[ info ] [ LOG ] INIT File
[ sql ] [ DB ] CONNECT:[ UseTime:0.001542s ] mysql:host=127.0.0.1;port=3306;dbname=xcxnew;charset=utf8mb4
[ sql ] [ SQL ] SHOW COLUMNS FROM `xcx_msg_person` [ RunTime:0.013793s ]
[ sql ] [ SQL ] SELECT `mp_id` FROM `xcx_msg_person` WHERE  (  (mp_u_id = 1 and mp_utype = 2 and mp_isable = 1) or (mp_ul_id = 1 and mp_ultype = 2 and  mp_isable = 1) or (mp_u_id = 1 and mp_utype = 1 and mp_isable = 1) or (mp_ul_id = 1 and mp_ultype = 1 and  mp_isable = 1) ) [ RunTime:0.000974s ]
[ sql ] [ SQL ] SHOW COLUMNS FROM `super_admin` [ RunTime:0.015368s ]
[ sql ] [ SQL ] SELECT `ad_wechat` FROM `super_admin` WHERE  `ad_id` = 1 LIMIT 1 [ RunTime:0.000615s ]
[ sql ] [ SQL ] SHOW COLUMNS FROM `xcx_msg_content` [ RunTime:0.013393s ]
[ sql ] [ SQL ] SELECT COUNT(xcx_msg_id) AS tp_count FROM `xcx_msg_content` WHERE  `xcx_msg_mp_id` = 17  AND `xcx_msg_isread` = 2  AND `xcx_msg_isable` = 1  AND (  ( xcx_msg_uid != 1 and xcx_msg_u_type = 1 ) or ( xcx_msg_uid != 1 and  xcx_msg_u_type = 2 ) ) LIMIT 1 [ RunTime:0.001177s ]
[ sql ] [ SQL ] SELECT `ad_wechat` FROM `super_admin` WHERE  `ad_id` = 1 LIMIT 1 [ RunTime:0.000690s ]
[ sql ] [ SQL ] SELECT COUNT(xcx_msg_id) AS tp_count FROM `xcx_msg_content` WHERE  `xcx_msg_mp_id` = 18  AND `xcx_msg_isread` = 2  AND `xcx_msg_isable` = 1  AND (  ( xcx_msg_uid != 1 and xcx_msg_u_type = 1 ) or ( xcx_msg_uid != 1 and  xcx_msg_u_type = 2 ) ) LIMIT 1 [ RunTime:0.000589s ]
[ sql ] [ SQL ] SELECT `ad_wechat` FROM `super_admin` WHERE  `ad_id` = 1 LIMIT 1 [ RunTime:0.000516s ]
[ sql ] [ SQL ] SELECT COUNT(xcx_msg_id) AS tp_count FROM `xcx_msg_content` WHERE  `xcx_msg_mp_id` = 19  AND `xcx_msg_isread` = 2  AND `xcx_msg_isable` = 1  AND (  ( xcx_msg_uid != 1 and xcx_msg_u_type = 1 ) or ( xcx_msg_uid != 1 and  xcx_msg_u_type = 2 ) ) LIMIT 1 [ RunTime:0.000493s ]
[ sql ] [ SQL ] SELECT `ad_wechat` FROM `super_admin` WHERE  `ad_id` = 1 LIMIT 1 [ RunTime:0.000426s ]
[ sql ] [ SQL ] SELECT COUNT(xcx_msg_id) AS tp_count FROM `xcx_msg_content` WHERE  `xcx_msg_mp_id` = 20  AND `xcx_msg_isread` = 2  AND `xcx_msg_isable` = 1  AND (  ( xcx_msg_uid != 1 and xcx_msg_u_type = 1 ) or ( xcx_msg_uid != 1 and  xcx_msg_u_type = 2 ) ) LIMIT 1 [ RunTime:0.000501s ]
---------------------------------------------------------------
[ 2020-07-27T14:44:31+08:00 ] 127.0.0.1 POST www.huaxiang.com/xcx/index/unread.html
[运行时间：0.116042s] [吞吐率：8.62req/s] [内存消耗：2,715.31kb] [文件加载：55]
[ info ] [ LANG ] D:\phpStudy\PHPTutorial\WWW\newxcx\huaxiang\thinkphp\lang\zh-cn.php
[ info ] [ ROUTE ] array (
  'type' => 'module',
  'module' => 
  array (
    0 => 'xcx',
    1 => 'index',
    2 => 'unread',
  ),
)
[ info ] [ HEADER ] array (
  'host' => 'www.huaxiang.com',
  'connection' => 'keep-alive',
  'content-length' => '0',
  'accept' => 'application/json, text/javascript, */*; q=0.01',
  'origin' => 'http://www.huaxiang.com',
  'x-requested-with' => 'XMLHttpRequest',
  'user-agent' => 'Mozilla/5.0 (Windows NT 10.0; Win64; x64) AppleWebKit/537.36 (KHTML, like Gecko) Chrome/78.0.3904.70 Safari/537.36',
  'referer' => 'http://www.huaxiang.com/xcx/index/index.html',
  'accept-encoding' => 'gzip, deflate',
  'accept-language' => 'zh-CN,zh;q=0.9',
  'cookie' => 'PHPSESSID=9aecj2r98nsg4328t3afssfs34',
)
[ info ] [ PARAM ] array (
  '/xcx/index/unread_html' => '',
)
[ info ] [ SESSION ] INIT array (
  'id' => '',
  'var_session_id' => '',
  'prefix' => 'think',
  'type' => '',
  'auto_start' => true,
)
[ info ] [ RUN ] app\xcx\controller\Index->unread[ D:\phpStudy\PHPTutorial\WWW\newxcx\huaxiang\application\xcx\controller\Index.php ]
[ info ] [ DB ] INIT mysql
[ info ] [ LOG ] INIT File
[ sql ] [ DB ] CONNECT:[ UseTime:0.001535s ] mysql:host=127.0.0.1;port=3306;dbname=xcxnew;charset=utf8mb4
[ sql ] [ SQL ] SHOW COLUMNS FROM `xcx_msg_person` [ RunTime:0.014539s ]
[ sql ] [ SQL ] SELECT `mp_id` FROM `xcx_msg_person` WHERE  (  (mp_u_id = 1 and mp_utype = 2 and mp_isable = 1) or (mp_ul_id = 1 and mp_ultype = 2 and  mp_isable = 1) or (mp_u_id = 1 and mp_utype = 1 and mp_isable = 1) or (mp_ul_id = 1 and mp_ultype = 1 and  mp_isable = 1) ) [ RunTime:0.000796s ]
[ sql ] [ SQL ] SHOW COLUMNS FROM `super_admin` [ RunTime:0.013957s ]
[ sql ] [ SQL ] SELECT `ad_wechat` FROM `super_admin` WHERE  `ad_id` = 1 LIMIT 1 [ RunTime:0.000896s ]
[ sql ] [ SQL ] SHOW COLUMNS FROM `xcx_msg_content` [ RunTime:0.014159s ]
[ sql ] [ SQL ] SELECT COUNT(xcx_msg_id) AS tp_count FROM `xcx_msg_content` WHERE  `xcx_msg_mp_id` = 17  AND `xcx_msg_isread` = 2  AND `xcx_msg_isable` = 1  AND (  ( xcx_msg_uid != 1 and xcx_msg_u_type = 1 ) or ( xcx_msg_uid != 1 and  xcx_msg_u_type = 2 ) ) LIMIT 1 [ RunTime:0.000618s ]
[ sql ] [ SQL ] SELECT `ad_wechat` FROM `super_admin` WHERE  `ad_id` = 1 LIMIT 1 [ RunTime:0.000454s ]
[ sql ] [ SQL ] SELECT COUNT(xcx_msg_id) AS tp_count FROM `xcx_msg_content` WHERE  `xcx_msg_mp_id` = 18  AND `xcx_msg_isread` = 2  AND `xcx_msg_isable` = 1  AND (  ( xcx_msg_uid != 1 and xcx_msg_u_type = 1 ) or ( xcx_msg_uid != 1 and  xcx_msg_u_type = 2 ) ) LIMIT 1 [ RunTime:0.000757s ]
[ sql ] [ SQL ] SELECT `ad_wechat` FROM `super_admin` WHERE  `ad_id` = 1 LIMIT 1 [ RunTime:0.000658s ]
[ sql ] [ SQL ] SELECT COUNT(xcx_msg_id) AS tp_count FROM `xcx_msg_content` WHERE  `xcx_msg_mp_id` = 19  AND `xcx_msg_isread` = 2  AND `xcx_msg_isable` = 1  AND (  ( xcx_msg_uid != 1 and xcx_msg_u_type = 1 ) or ( xcx_msg_uid != 1 and  xcx_msg_u_type = 2 ) ) LIMIT 1 [ RunTime:0.000491s ]
[ sql ] [ SQL ] SELECT `ad_wechat` FROM `super_admin` WHERE  `ad_id` = 1 LIMIT 1 [ RunTime:0.000429s ]
[ sql ] [ SQL ] SELECT COUNT(xcx_msg_id) AS tp_count FROM `xcx_msg_content` WHERE  `xcx_msg_mp_id` = 20  AND `xcx_msg_isread` = 2  AND `xcx_msg_isable` = 1  AND (  ( xcx_msg_uid != 1 and xcx_msg_u_type = 1 ) or ( xcx_msg_uid != 1 and  xcx_msg_u_type = 2 ) ) LIMIT 1 [ RunTime:0.000537s ]
