---------------------------------------------------------------
[ 2020-07-30T18:54:35+08:00 ] 127.0.0.1 POST www.huaxiang.com/xcx/index/unread.html
[运行时间：0.140006s] [吞吐率：7.14req/s] [内存消耗：2,727.30kb] [文件加载：55]
[ info ] [ LANG ] D:\phpStudy\PHPTutorial\WWW\newxcx\huaxiang\thinkphp\lang\zh-cn.php
[ info ] [ ROUTE ] array (
  'type' => 'module',
  'module' => 
  array (
    0 => 'xcx',
    1 => 'index',
    2 => 'unread',
  ),
)
[ info ] [ HEADER ] array (
  'host' => 'www.huaxiang.com',
  'connection' => 'keep-alive',
  'content-length' => '0',
  'accept' => 'application/json, text/javascript, */*; q=0.01',
  'origin' => 'http://www.huaxiang.com',
  'x-requested-with' => 'XMLHttpRequest',
  'user-agent' => 'Mozilla/5.0 (Windows NT 10.0; Win64; x64) AppleWebKit/537.36 (KHTML, like Gecko) Chrome/78.0.3904.70 Safari/537.36',
  'referer' => 'http://www.huaxiang.com/xcx/index/index.html',
  'accept-encoding' => 'gzip, deflate',
  'accept-language' => 'zh-CN,zh;q=0.9',
  'cookie' => 'PHPSESSID=bqfe9nb9ubu89f43u8bm3jel42',
)
[ info ] [ PARAM ] array (
  '/xcx/index/unread_html' => '',
)
[ info ] [ SESSION ] INIT array (
  'id' => '',
  'var_session_id' => '',
  'prefix' => 'think',
  'type' => '',
  'auto_start' => true,
)
[ info ] [ RUN ] app\xcx\controller\Index->unread[ D:\phpStudy\PHPTutorial\WWW\newxcx\huaxiang\application\xcx\controller\Index.php ]
[ info ] [ DB ] INIT mysql
[ info ] [ LOG ] INIT File
[ sql ] [ DB ] CONNECT:[ UseTime:0.001105s ] mysql:host=127.0.0.1;port=3306;dbname=xcxnew;charset=utf8mb4
[ sql ] [ SQL ] SHOW COLUMNS FROM `xcx_msg_person` [ RunTime:0.013668s ]
[ sql ] [ SQL ] SELECT `mp_id` FROM `xcx_msg_person` WHERE  (  (mp_u_id = 1 and mp_utype = 2 and mp_isable = 1) or (mp_ul_id = 1 and mp_ultype = 2 and  mp_isable = 1) or (mp_u_id = 1 and mp_utype = 1 and mp_isable = 1) or (mp_ul_id = 1 and mp_ultype = 1 and  mp_isable = 1) ) [ RunTime:0.000494s ]
[ sql ] [ SQL ] SHOW COLUMNS FROM `super_admin` [ RunTime:0.019934s ]
[ sql ] [ SQL ] SELECT `ad_wechat` FROM `super_admin` WHERE  `ad_id` = 1 LIMIT 1 [ RunTime:0.000860s ]
[ sql ] [ SQL ] SHOW COLUMNS FROM `xcx_msg_content` [ RunTime:0.016138s ]
[ sql ] [ SQL ] SELECT COUNT(xcx_msg_id) AS tp_count FROM `xcx_msg_content` WHERE  `xcx_msg_mp_id` = 17  AND `xcx_msg_isread` = 2  AND `xcx_msg_isable` = 1  AND (  ( xcx_msg_uid != 1 and xcx_msg_u_type = 1 ) or ( xcx_msg_uid != 1 and  xcx_msg_u_type = 2 ) ) LIMIT 1 [ RunTime:0.000838s ]
[ sql ] [ SQL ] SELECT `ad_wechat` FROM `super_admin` WHERE  `ad_id` = 1 LIMIT 1 [ RunTime:0.000498s ]
[ sql ] [ SQL ] SELECT COUNT(xcx_msg_id) AS tp_count FROM `xcx_msg_content` WHERE  `xcx_msg_mp_id` = 18  AND `xcx_msg_isread` = 2  AND `xcx_msg_isable` = 1  AND (  ( xcx_msg_uid != 1 and xcx_msg_u_type = 1 ) or ( xcx_msg_uid != 1 and  xcx_msg_u_type = 2 ) ) LIMIT 1 [ RunTime:0.000439s ]
[ sql ] [ SQL ] SELECT `ad_wechat` FROM `super_admin` WHERE  `ad_id` = 1 LIMIT 1 [ RunTime:0.000552s ]
[ sql ] [ SQL ] SELECT COUNT(xcx_msg_id) AS tp_count FROM `xcx_msg_content` WHERE  `xcx_msg_mp_id` = 19  AND `xcx_msg_isread` = 2  AND `xcx_msg_isable` = 1  AND (  ( xcx_msg_uid != 1 and xcx_msg_u_type = 1 ) or ( xcx_msg_uid != 1 and  xcx_msg_u_type = 2 ) ) LIMIT 1 [ RunTime:0.000795s ]
[ sql ] [ SQL ] SELECT `ad_wechat` FROM `super_admin` WHERE  `ad_id` = 1 LIMIT 1 [ RunTime:0.000568s ]
[ sql ] [ SQL ] SELECT COUNT(xcx_msg_id) AS tp_count FROM `xcx_msg_content` WHERE  `xcx_msg_mp_id` = 20  AND `xcx_msg_isread` = 2  AND `xcx_msg_isable` = 1  AND (  ( xcx_msg_uid != 1 and xcx_msg_u_type = 1 ) or ( xcx_msg_uid != 1 and  xcx_msg_u_type = 2 ) ) LIMIT 1 [ RunTime:0.000573s ]
---------------------------------------------------------------
[ 2020-07-30T18:54:52+08:00 ] 127.0.0.1 POST www.huaxiang.com/xcx/index/unread.html
[运行时间：0.119467s] [吞吐率：8.37req/s] [内存消耗：2,727.38kb] [文件加载：55]
[ info ] [ LANG ] D:\phpStudy\PHPTutorial\WWW\newxcx\huaxiang\thinkphp\lang\zh-cn.php
[ info ] [ ROUTE ] array (
  'type' => 'module',
  'module' => 
  array (
    0 => 'xcx',
    1 => 'index',
    2 => 'unread',
  ),
)
[ info ] [ HEADER ] array (
  'host' => 'www.huaxiang.com',
  'connection' => 'keep-alive',
  'content-length' => '0',
  'accept' => 'application/json, text/javascript, */*; q=0.01',
  'origin' => 'http://www.huaxiang.com',
  'x-requested-with' => 'XMLHttpRequest',
  'user-agent' => 'Mozilla/5.0 (Windows NT 10.0; Win64; x64) AppleWebKit/537.36 (KHTML, like Gecko) Chrome/78.0.3904.70 Safari/537.36',
  'referer' => 'http://www.huaxiang.com/xcx/index/index.html',
  'accept-encoding' => 'gzip, deflate',
  'accept-language' => 'zh-CN,zh;q=0.9',
  'cookie' => 'PHPSESSID=bqfe9nb9ubu89f43u8bm3jel42',
)
[ info ] [ PARAM ] array (
  '/xcx/index/unread_html' => '',
)
[ info ] [ SESSION ] INIT array (
  'id' => '',
  'var_session_id' => '',
  'prefix' => 'think',
  'type' => '',
  'auto_start' => true,
)
[ info ] [ RUN ] app\xcx\controller\Index->unread[ D:\phpStudy\PHPTutorial\WWW\newxcx\huaxiang\application\xcx\controller\Index.php ]
[ info ] [ DB ] INIT mysql
[ info ] [ LOG ] INIT File
[ sql ] [ DB ] CONNECT:[ UseTime:0.001033s ] mysql:host=127.0.0.1;port=3306;dbname=xcxnew;charset=utf8mb4
[ sql ] [ SQL ] SHOW COLUMNS FROM `xcx_msg_person` [ RunTime:0.013526s ]
[ sql ] [ SQL ] SELECT `mp_id` FROM `xcx_msg_person` WHERE  (  (mp_u_id = 1 and mp_utype = 2 and mp_isable = 1) or (mp_ul_id = 1 and mp_ultype = 2 and  mp_isable = 1) or (mp_u_id = 1 and mp_utype = 1 and mp_isable = 1) or (mp_ul_id = 1 and mp_ultype = 1 and  mp_isable = 1) ) [ RunTime:0.000502s ]
[ sql ] [ SQL ] SHOW COLUMNS FROM `super_admin` [ RunTime:0.013901s ]
[ sql ] [ SQL ] SELECT `ad_wechat` FROM `super_admin` WHERE  `ad_id` = 1 LIMIT 1 [ RunTime:0.000484s ]
[ sql ] [ SQL ] SHOW COLUMNS FROM `xcx_msg_content` [ RunTime:0.014160s ]
[ sql ] [ SQL ] SELECT COUNT(xcx_msg_id) AS tp_count FROM `xcx_msg_content` WHERE  `xcx_msg_mp_id` = 17  AND `xcx_msg_isread` = 2  AND `xcx_msg_isable` = 1  AND (  ( xcx_msg_uid != 1 and xcx_msg_u_type = 1 ) or ( xcx_msg_uid != 1 and  xcx_msg_u_type = 2 ) ) LIMIT 1 [ RunTime:0.000532s ]
[ sql ] [ SQL ] SELECT `ad_wechat` FROM `super_admin` WHERE  `ad_id` = 1 LIMIT 1 [ RunTime:0.000536s ]
[ sql ] [ SQL ] SELECT COUNT(xcx_msg_id) AS tp_count FROM `xcx_msg_content` WHERE  `xcx_msg_mp_id` = 18  AND `xcx_msg_isread` = 2  AND `xcx_msg_isable` = 1  AND (  ( xcx_msg_uid != 1 and xcx_msg_u_type = 1 ) or ( xcx_msg_uid != 1 and  xcx_msg_u_type = 2 ) ) LIMIT 1 [ RunTime:0.000566s ]
[ sql ] [ SQL ] SELECT `ad_wechat` FROM `super_admin` WHERE  `ad_id` = 1 LIMIT 1 [ RunTime:0.000441s ]
[ sql ] [ SQL ] SELECT COUNT(xcx_msg_id) AS tp_count FROM `xcx_msg_content` WHERE  `xcx_msg_mp_id` = 19  AND `xcx_msg_isread` = 2  AND `xcx_msg_isable` = 1  AND (  ( xcx_msg_uid != 1 and xcx_msg_u_type = 1 ) or ( xcx_msg_uid != 1 and  xcx_msg_u_type = 2 ) ) LIMIT 1 [ RunTime:0.000445s ]
[ sql ] [ SQL ] SELECT `ad_wechat` FROM `super_admin` WHERE  `ad_id` = 1 LIMIT 1 [ RunTime:0.000349s ]
[ sql ] [ SQL ] SELECT COUNT(xcx_msg_id) AS tp_count FROM `xcx_msg_content` WHERE  `xcx_msg_mp_id` = 20  AND `xcx_msg_isread` = 2  AND `xcx_msg_isable` = 1  AND (  ( xcx_msg_uid != 1 and xcx_msg_u_type = 1 ) or ( xcx_msg_uid != 1 and  xcx_msg_u_type = 2 ) ) LIMIT 1 [ RunTime:0.000399s ]
---------------------------------------------------------------
[ 2020-07-30T18:55:09+08:00 ] 127.0.0.1 POST www.huaxiang.com/xcx/index/unread.html
[运行时间：0.112297s] [吞吐率：8.90req/s] [内存消耗：2,727.38kb] [文件加载：55]
[ info ] [ LANG ] D:\phpStudy\PHPTutorial\WWW\newxcx\huaxiang\thinkphp\lang\zh-cn.php
[ info ] [ ROUTE ] array (
  'type' => 'module',
  'module' => 
  array (
    0 => 'xcx',
    1 => 'index',
    2 => 'unread',
  ),
)
[ info ] [ HEADER ] array (
  'host' => 'www.huaxiang.com',
  'connection' => 'keep-alive',
  'content-length' => '0',
  'accept' => 'application/json, text/javascript, */*; q=0.01',
  'origin' => 'http://www.huaxiang.com',
  'x-requested-with' => 'XMLHttpRequest',
  'user-agent' => 'Mozilla/5.0 (Windows NT 10.0; Win64; x64) AppleWebKit/537.36 (KHTML, like Gecko) Chrome/78.0.3904.70 Safari/537.36',
  'referer' => 'http://www.huaxiang.com/xcx/index/index.html',
  'accept-encoding' => 'gzip, deflate',
  'accept-language' => 'zh-CN,zh;q=0.9',
  'cookie' => 'PHPSESSID=bqfe9nb9ubu89f43u8bm3jel42',
)
[ info ] [ PARAM ] array (
  '/xcx/index/unread_html' => '',
)
[ info ] [ SESSION ] INIT array (
  'id' => '',
  'var_session_id' => '',
  'prefix' => 'think',
  'type' => '',
  'auto_start' => true,
)
[ info ] [ RUN ] app\xcx\controller\Index->unread[ D:\phpStudy\PHPTutorial\WWW\newxcx\huaxiang\application\xcx\controller\Index.php ]
[ info ] [ DB ] INIT mysql
[ info ] [ LOG ] INIT File
[ sql ] [ DB ] CONNECT:[ UseTime:0.001243s ] mysql:host=127.0.0.1;port=3306;dbname=xcxnew;charset=utf8mb4
[ sql ] [ SQL ] SHOW COLUMNS FROM `xcx_msg_person` [ RunTime:0.013603s ]
[ sql ] [ SQL ] SELECT `mp_id` FROM `xcx_msg_person` WHERE  (  (mp_u_id = 1 and mp_utype = 2 and mp_isable = 1) or (mp_ul_id = 1 and mp_ultype = 2 and  mp_isable = 1) or (mp_u_id = 1 and mp_utype = 1 and mp_isable = 1) or (mp_ul_id = 1 and mp_ultype = 1 and  mp_isable = 1) ) [ RunTime:0.000497s ]
[ sql ] [ SQL ] SHOW COLUMNS FROM `super_admin` [ RunTime:0.014963s ]
[ sql ] [ SQL ] SELECT `ad_wechat` FROM `super_admin` WHERE  `ad_id` = 1 LIMIT 1 [ RunTime:0.000839s ]
[ sql ] [ SQL ] SHOW COLUMNS FROM `xcx_msg_content` [ RunTime:0.014749s ]
[ sql ] [ SQL ] SELECT COUNT(xcx_msg_id) AS tp_count FROM `xcx_msg_content` WHERE  `xcx_msg_mp_id` = 17  AND `xcx_msg_isread` = 2  AND `xcx_msg_isable` = 1  AND (  ( xcx_msg_uid != 1 and xcx_msg_u_type = 1 ) or ( xcx_msg_uid != 1 and  xcx_msg_u_type = 2 ) ) LIMIT 1 [ RunTime:0.000914s ]
[ sql ] [ SQL ] SELECT `ad_wechat` FROM `super_admin` WHERE  `ad_id` = 1 LIMIT 1 [ RunTime:0.000593s ]
[ sql ] [ SQL ] SELECT COUNT(xcx_msg_id) AS tp_count FROM `xcx_msg_content` WHERE  `xcx_msg_mp_id` = 18  AND `xcx_msg_isread` = 2  AND `xcx_msg_isable` = 1  AND (  ( xcx_msg_uid != 1 and xcx_msg_u_type = 1 ) or ( xcx_msg_uid != 1 and  xcx_msg_u_type = 2 ) ) LIMIT 1 [ RunTime:0.000789s ]
[ sql ] [ SQL ] SELECT `ad_wechat` FROM `super_admin` WHERE  `ad_id` = 1 LIMIT 1 [ RunTime:0.000570s ]
[ sql ] [ SQL ] SELECT COUNT(xcx_msg_id) AS tp_count FROM `xcx_msg_content` WHERE  `xcx_msg_mp_id` = 19  AND `xcx_msg_isread` = 2  AND `xcx_msg_isable` = 1  AND (  ( xcx_msg_uid != 1 and xcx_msg_u_type = 1 ) or ( xcx_msg_uid != 1 and  xcx_msg_u_type = 2 ) ) LIMIT 1 [ RunTime:0.000593s ]
[ sql ] [ SQL ] SELECT `ad_wechat` FROM `super_admin` WHERE  `ad_id` = 1 LIMIT 1 [ RunTime:0.000715s ]
[ sql ] [ SQL ] SELECT COUNT(xcx_msg_id) AS tp_count FROM `xcx_msg_content` WHERE  `xcx_msg_mp_id` = 20  AND `xcx_msg_isread` = 2  AND `xcx_msg_isable` = 1  AND (  ( xcx_msg_uid != 1 and xcx_msg_u_type = 1 ) or ( xcx_msg_uid != 1 and  xcx_msg_u_type = 2 ) ) LIMIT 1 [ RunTime:0.000658s ]
---------------------------------------------------------------
[ 2020-07-30T18:55:22+08:00 ] 127.0.0.1 POST www.huaxiang.com/xcx/index/unread.html
[运行时间：0.107437s] [吞吐率：9.31req/s] [内存消耗：2,727.38kb] [文件加载：55]
[ info ] [ LANG ] D:\phpStudy\PHPTutorial\WWW\newxcx\huaxiang\thinkphp\lang\zh-cn.php
[ info ] [ ROUTE ] array (
  'type' => 'module',
  'module' => 
  array (
    0 => 'xcx',
    1 => 'index',
    2 => 'unread',
  ),
)
[ info ] [ HEADER ] array (
  'host' => 'www.huaxiang.com',
  'connection' => 'keep-alive',
  'content-length' => '0',
  'accept' => 'application/json, text/javascript, */*; q=0.01',
  'origin' => 'http://www.huaxiang.com',
  'x-requested-with' => 'XMLHttpRequest',
  'user-agent' => 'Mozilla/5.0 (Windows NT 10.0; Win64; x64) AppleWebKit/537.36 (KHTML, like Gecko) Chrome/78.0.3904.70 Safari/537.36',
  'referer' => 'http://www.huaxiang.com/xcx/index/index.html',
  'accept-encoding' => 'gzip, deflate',
  'accept-language' => 'zh-CN,zh;q=0.9',
  'cookie' => 'PHPSESSID=bqfe9nb9ubu89f43u8bm3jel42',
)
[ info ] [ PARAM ] array (
  '/xcx/index/unread_html' => '',
)
[ info ] [ SESSION ] INIT array (
  'id' => '',
  'var_session_id' => '',
  'prefix' => 'think',
  'type' => '',
  'auto_start' => true,
)
[ info ] [ RUN ] app\xcx\controller\Index->unread[ D:\phpStudy\PHPTutorial\WWW\newxcx\huaxiang\application\xcx\controller\Index.php ]
[ info ] [ DB ] INIT mysql
[ info ] [ LOG ] INIT File
[ sql ] [ DB ] CONNECT:[ UseTime:0.001042s ] mysql:host=127.0.0.1;port=3306;dbname=xcxnew;charset=utf8mb4
[ sql ] [ SQL ] SHOW COLUMNS FROM `xcx_msg_person` [ RunTime:0.013926s ]
[ sql ] [ SQL ] SELECT `mp_id` FROM `xcx_msg_person` WHERE  (  (mp_u_id = 1 and mp_utype = 2 and mp_isable = 1) or (mp_ul_id = 1 and mp_ultype = 2 and  mp_isable = 1) or (mp_u_id = 1 and mp_utype = 1 and mp_isable = 1) or (mp_ul_id = 1 and mp_ultype = 1 and  mp_isable = 1) ) [ RunTime:0.000514s ]
[ sql ] [ SQL ] SHOW COLUMNS FROM `super_admin` [ RunTime:0.014133s ]
[ sql ] [ SQL ] SELECT `ad_wechat` FROM `super_admin` WHERE  `ad_id` = 1 LIMIT 1 [ RunTime:0.000493s ]
[ sql ] [ SQL ] SHOW COLUMNS FROM `xcx_msg_content` [ RunTime:0.013507s ]
[ sql ] [ SQL ] SELECT COUNT(xcx_msg_id) AS tp_count FROM `xcx_msg_content` WHERE  `xcx_msg_mp_id` = 17  AND `xcx_msg_isread` = 2  AND `xcx_msg_isable` = 1  AND (  ( xcx_msg_uid != 1 and xcx_msg_u_type = 1 ) or ( xcx_msg_uid != 1 and  xcx_msg_u_type = 2 ) ) LIMIT 1 [ RunTime:0.000546s ]
[ sql ] [ SQL ] SELECT `ad_wechat` FROM `super_admin` WHERE  `ad_id` = 1 LIMIT 1 [ RunTime:0.000379s ]
[ sql ] [ SQL ] SELECT COUNT(xcx_msg_id) AS tp_count FROM `xcx_msg_content` WHERE  `xcx_msg_mp_id` = 18  AND `xcx_msg_isread` = 2  AND `xcx_msg_isable` = 1  AND (  ( xcx_msg_uid != 1 and xcx_msg_u_type = 1 ) or ( xcx_msg_uid != 1 and  xcx_msg_u_type = 2 ) ) LIMIT 1 [ RunTime:0.000405s ]
[ sql ] [ SQL ] SELECT `ad_wechat` FROM `super_admin` WHERE  `ad_id` = 1 LIMIT 1 [ RunTime:0.000346s ]
[ sql ] [ SQL ] SELECT COUNT(xcx_msg_id) AS tp_count FROM `xcx_msg_content` WHERE  `xcx_msg_mp_id` = 19  AND `xcx_msg_isread` = 2  AND `xcx_msg_isable` = 1  AND (  ( xcx_msg_uid != 1 and xcx_msg_u_type = 1 ) or ( xcx_msg_uid != 1 and  xcx_msg_u_type = 2 ) ) LIMIT 1 [ RunTime:0.000400s ]
[ sql ] [ SQL ] SELECT `ad_wechat` FROM `super_admin` WHERE  `ad_id` = 1 LIMIT 1 [ RunTime:0.000350s ]
[ sql ] [ SQL ] SELECT COUNT(xcx_msg_id) AS tp_count FROM `xcx_msg_content` WHERE  `xcx_msg_mp_id` = 20  AND `xcx_msg_isread` = 2  AND `xcx_msg_isable` = 1  AND (  ( xcx_msg_uid != 1 and xcx_msg_u_type = 1 ) or ( xcx_msg_uid != 1 and  xcx_msg_u_type = 2 ) ) LIMIT 1 [ RunTime:0.000406s ]
---------------------------------------------------------------
[ 2020-07-30T18:55:35+08:00 ] 127.0.0.1 POST www.huaxiang.com/xcx/index/unread.html
[运行时间：0.112591s] [吞吐率：8.88req/s] [内存消耗：2,727.38kb] [文件加载：55]
[ info ] [ LANG ] D:\phpStudy\PHPTutorial\WWW\newxcx\huaxiang\thinkphp\lang\zh-cn.php
[ info ] [ ROUTE ] array (
  'type' => 'module',
  'module' => 
  array (
    0 => 'xcx',
    1 => 'index',
    2 => 'unread',
  ),
)
[ info ] [ HEADER ] array (
  'host' => 'www.huaxiang.com',
  'connection' => 'keep-alive',
  'content-length' => '0',
  'accept' => 'application/json, text/javascript, */*; q=0.01',
  'origin' => 'http://www.huaxiang.com',
  'x-requested-with' => 'XMLHttpRequest',
  'user-agent' => 'Mozilla/5.0 (Windows NT 10.0; Win64; x64) AppleWebKit/537.36 (KHTML, like Gecko) Chrome/78.0.3904.70 Safari/537.36',
  'referer' => 'http://www.huaxiang.com/xcx/index/index.html',
  'accept-encoding' => 'gzip, deflate',
  'accept-language' => 'zh-CN,zh;q=0.9',
  'cookie' => 'PHPSESSID=bqfe9nb9ubu89f43u8bm3jel42',
)
[ info ] [ PARAM ] array (
  '/xcx/index/unread_html' => '',
)
[ info ] [ SESSION ] INIT array (
  'id' => '',
  'var_session_id' => '',
  'prefix' => 'think',
  'type' => '',
  'auto_start' => true,
)
[ info ] [ RUN ] app\xcx\controller\Index->unread[ D:\phpStudy\PHPTutorial\WWW\newxcx\huaxiang\application\xcx\controller\Index.php ]
[ info ] [ DB ] INIT mysql
[ info ] [ LOG ] INIT File
[ sql ] [ DB ] CONNECT:[ UseTime:0.001099s ] mysql:host=127.0.0.1;port=3306;dbname=xcxnew;charset=utf8mb4
[ sql ] [ SQL ] SHOW COLUMNS FROM `xcx_msg_person` [ RunTime:0.013837s ]
[ sql ] [ SQL ] SELECT `mp_id` FROM `xcx_msg_person` WHERE  (  (mp_u_id = 1 and mp_utype = 2 and mp_isable = 1) or (mp_ul_id = 1 and mp_ultype = 2 and  mp_isable = 1) or (mp_u_id = 1 and mp_utype = 1 and mp_isable = 1) or (mp_ul_id = 1 and mp_ultype = 1 and  mp_isable = 1) ) [ RunTime:0.000523s ]
[ sql ] [ SQL ] SHOW COLUMNS FROM `super_admin` [ RunTime:0.015156s ]
[ sql ] [ SQL ] SELECT `ad_wechat` FROM `super_admin` WHERE  `ad_id` = 1 LIMIT 1 [ RunTime:0.000682s ]
[ sql ] [ SQL ] SHOW COLUMNS FROM `xcx_msg_content` [ RunTime:0.015359s ]
[ sql ] [ SQL ] SELECT COUNT(xcx_msg_id) AS tp_count FROM `xcx_msg_content` WHERE  `xcx_msg_mp_id` = 17  AND `xcx_msg_isread` = 2  AND `xcx_msg_isable` = 1  AND (  ( xcx_msg_uid != 1 and xcx_msg_u_type = 1 ) or ( xcx_msg_uid != 1 and  xcx_msg_u_type = 2 ) ) LIMIT 1 [ RunTime:0.000672s ]
[ sql ] [ SQL ] SELECT `ad_wechat` FROM `super_admin` WHERE  `ad_id` = 1 LIMIT 1 [ RunTime:0.000434s ]
[ sql ] [ SQL ] SELECT COUNT(xcx_msg_id) AS tp_count FROM `xcx_msg_content` WHERE  `xcx_msg_mp_id` = 18  AND `xcx_msg_isread` = 2  AND `xcx_msg_isable` = 1  AND (  ( xcx_msg_uid != 1 and xcx_msg_u_type = 1 ) or ( xcx_msg_uid != 1 and  xcx_msg_u_type = 2 ) ) LIMIT 1 [ RunTime:0.000723s ]
[ sql ] [ SQL ] SELECT `ad_wechat` FROM `super_admin` WHERE  `ad_id` = 1 LIMIT 1 [ RunTime:0.000792s ]
[ sql ] [ SQL ] SELECT COUNT(xcx_msg_id) AS tp_count FROM `xcx_msg_content` WHERE  `xcx_msg_mp_id` = 19  AND `xcx_msg_isread` = 2  AND `xcx_msg_isable` = 1  AND (  ( xcx_msg_uid != 1 and xcx_msg_u_type = 1 ) or ( xcx_msg_uid != 1 and  xcx_msg_u_type = 2 ) ) LIMIT 1 [ RunTime:0.000778s ]
[ sql ] [ SQL ] SELECT `ad_wechat` FROM `super_admin` WHERE  `ad_id` = 1 LIMIT 1 [ RunTime:0.000567s ]
[ sql ] [ SQL ] SELECT COUNT(xcx_msg_id) AS tp_count FROM `xcx_msg_content` WHERE  `xcx_msg_mp_id` = 20  AND `xcx_msg_isread` = 2  AND `xcx_msg_isable` = 1  AND (  ( xcx_msg_uid != 1 and xcx_msg_u_type = 1 ) or ( xcx_msg_uid != 1 and  xcx_msg_u_type = 2 ) ) LIMIT 1 [ RunTime:0.000713s ]
---------------------------------------------------------------
[ 2020-07-30T18:55:48+08:00 ] 127.0.0.1 POST www.huaxiang.com/xcx/index/unread.html
[运行时间：0.116747s] [吞吐率：8.57req/s] [内存消耗：2,727.38kb] [文件加载：55]
[ info ] [ LANG ] D:\phpStudy\PHPTutorial\WWW\newxcx\huaxiang\thinkphp\lang\zh-cn.php
[ info ] [ ROUTE ] array (
  'type' => 'module',
  'module' => 
  array (
    0 => 'xcx',
    1 => 'index',
    2 => 'unread',
  ),
)
[ info ] [ HEADER ] array (
  'host' => 'www.huaxiang.com',
  'connection' => 'keep-alive',
  'content-length' => '0',
  'accept' => 'application/json, text/javascript, */*; q=0.01',
  'origin' => 'http://www.huaxiang.com',
  'x-requested-with' => 'XMLHttpRequest',
  'user-agent' => 'Mozilla/5.0 (Windows NT 10.0; Win64; x64) AppleWebKit/537.36 (KHTML, like Gecko) Chrome/78.0.3904.70 Safari/537.36',
  'referer' => 'http://www.huaxiang.com/xcx/index/index.html',
  'accept-encoding' => 'gzip, deflate',
  'accept-language' => 'zh-CN,zh;q=0.9',
  'cookie' => 'PHPSESSID=bqfe9nb9ubu89f43u8bm3jel42',
)
[ info ] [ PARAM ] array (
  '/xcx/index/unread_html' => '',
)
[ info ] [ SESSION ] INIT array (
  'id' => '',
  'var_session_id' => '',
  'prefix' => 'think',
  'type' => '',
  'auto_start' => true,
)
[ info ] [ RUN ] app\xcx\controller\Index->unread[ D:\phpStudy\PHPTutorial\WWW\newxcx\huaxiang\application\xcx\controller\Index.php ]
[ info ] [ DB ] INIT mysql
[ info ] [ LOG ] INIT File
[ sql ] [ DB ] CONNECT:[ UseTime:0.001194s ] mysql:host=127.0.0.1;port=3306;dbname=xcxnew;charset=utf8mb4
[ sql ] [ SQL ] SHOW COLUMNS FROM `xcx_msg_person` [ RunTime:0.016884s ]
[ sql ] [ SQL ] SELECT `mp_id` FROM `xcx_msg_person` WHERE  (  (mp_u_id = 1 and mp_utype = 2 and mp_isable = 1) or (mp_ul_id = 1 and mp_ultype = 2 and  mp_isable = 1) or (mp_u_id = 1 and mp_utype = 1 and mp_isable = 1) or (mp_ul_id = 1 and mp_ultype = 1 and  mp_isable = 1) ) [ RunTime:0.000497s ]
[ sql ] [ SQL ] SHOW COLUMNS FROM `super_admin` [ RunTime:0.014556s ]
[ sql ] [ SQL ] SELECT `ad_wechat` FROM `super_admin` WHERE  `ad_id` = 1 LIMIT 1 [ RunTime:0.000486s ]
[ sql ] [ SQL ] SHOW COLUMNS FROM `xcx_msg_content` [ RunTime:0.014307s ]
[ sql ] [ SQL ] SELECT COUNT(xcx_msg_id) AS tp_count FROM `xcx_msg_content` WHERE  `xcx_msg_mp_id` = 17  AND `xcx_msg_isread` = 2  AND `xcx_msg_isable` = 1  AND (  ( xcx_msg_uid != 1 and xcx_msg_u_type = 1 ) or ( xcx_msg_uid != 1 and  xcx_msg_u_type = 2 ) ) LIMIT 1 [ RunTime:0.000837s ]
[ sql ] [ SQL ] SELECT `ad_wechat` FROM `super_admin` WHERE  `ad_id` = 1 LIMIT 1 [ RunTime:0.000480s ]
[ sql ] [ SQL ] SELECT COUNT(xcx_msg_id) AS tp_count FROM `xcx_msg_content` WHERE  `xcx_msg_mp_id` = 18  AND `xcx_msg_isread` = 2  AND `xcx_msg_isable` = 1  AND (  ( xcx_msg_uid != 1 and xcx_msg_u_type = 1 ) or ( xcx_msg_uid != 1 and  xcx_msg_u_type = 2 ) ) LIMIT 1 [ RunTime:0.000508s ]
[ sql ] [ SQL ] SELECT `ad_wechat` FROM `super_admin` WHERE  `ad_id` = 1 LIMIT 1 [ RunTime:0.000474s ]
[ sql ] [ SQL ] SELECT COUNT(xcx_msg_id) AS tp_count FROM `xcx_msg_content` WHERE  `xcx_msg_mp_id` = 19  AND `xcx_msg_isread` = 2  AND `xcx_msg_isable` = 1  AND (  ( xcx_msg_uid != 1 and xcx_msg_u_type = 1 ) or ( xcx_msg_uid != 1 and  xcx_msg_u_type = 2 ) ) LIMIT 1 [ RunTime:0.000445s ]
[ sql ] [ SQL ] SELECT `ad_wechat` FROM `super_admin` WHERE  `ad_id` = 1 LIMIT 1 [ RunTime:0.000350s ]
[ sql ] [ SQL ] SELECT COUNT(xcx_msg_id) AS tp_count FROM `xcx_msg_content` WHERE  `xcx_msg_mp_id` = 20  AND `xcx_msg_isread` = 2  AND `xcx_msg_isable` = 1  AND (  ( xcx_msg_uid != 1 and xcx_msg_u_type = 1 ) or ( xcx_msg_uid != 1 and  xcx_msg_u_type = 2 ) ) LIMIT 1 [ RunTime:0.000398s ]
---------------------------------------------------------------
[ 2020-07-30T18:56:01+08:00 ] 127.0.0.1 POST www.huaxiang.com/xcx/index/unread.html
[运行时间：0.112033s] [吞吐率：8.93req/s] [内存消耗：2,727.38kb] [文件加载：55]
[ info ] [ LANG ] D:\phpStudy\PHPTutorial\WWW\newxcx\huaxiang\thinkphp\lang\zh-cn.php
[ info ] [ ROUTE ] array (
  'type' => 'module',
  'module' => 
  array (
    0 => 'xcx',
    1 => 'index',
    2 => 'unread',
  ),
)
[ info ] [ HEADER ] array (
  'host' => 'www.huaxiang.com',
  'connection' => 'keep-alive',
  'content-length' => '0',
  'accept' => 'application/json, text/javascript, */*; q=0.01',
  'origin' => 'http://www.huaxiang.com',
  'x-requested-with' => 'XMLHttpRequest',
  'user-agent' => 'Mozilla/5.0 (Windows NT 10.0; Win64; x64) AppleWebKit/537.36 (KHTML, like Gecko) Chrome/78.0.3904.70 Safari/537.36',
  'referer' => 'http://www.huaxiang.com/xcx/index/index.html',
  'accept-encoding' => 'gzip, deflate',
  'accept-language' => 'zh-CN,zh;q=0.9',
  'cookie' => 'PHPSESSID=bqfe9nb9ubu89f43u8bm3jel42',
)
[ info ] [ PARAM ] array (
  '/xcx/index/unread_html' => '',
)
[ info ] [ SESSION ] INIT array (
  'id' => '',
  'var_session_id' => '',
  'prefix' => 'think',
  'type' => '',
  'auto_start' => true,
)
[ info ] [ RUN ] app\xcx\controller\Index->unread[ D:\phpStudy\PHPTutorial\WWW\newxcx\huaxiang\application\xcx\controller\Index.php ]
[ info ] [ DB ] INIT mysql
[ info ] [ LOG ] INIT File
[ sql ] [ DB ] CONNECT:[ UseTime:0.001317s ] mysql:host=127.0.0.1;port=3306;dbname=xcxnew;charset=utf8mb4
[ sql ] [ SQL ] SHOW COLUMNS FROM `xcx_msg_person` [ RunTime:0.014976s ]
[ sql ] [ SQL ] SELECT `mp_id` FROM `xcx_msg_person` WHERE  (  (mp_u_id = 1 and mp_utype = 2 and mp_isable = 1) or (mp_ul_id = 1 and mp_ultype = 2 and  mp_isable = 1) or (mp_u_id = 1 and mp_utype = 1 and mp_isable = 1) or (mp_ul_id = 1 and mp_ultype = 1 and  mp_isable = 1) ) [ RunTime:0.000598s ]
[ sql ] [ SQL ] SHOW COLUMNS FROM `super_admin` [ RunTime:0.014175s ]
[ sql ] [ SQL ] SELECT `ad_wechat` FROM `super_admin` WHERE  `ad_id` = 1 LIMIT 1 [ RunTime:0.000555s ]
[ sql ] [ SQL ] SHOW COLUMNS FROM `xcx_msg_content` [ RunTime:0.013398s ]
[ sql ] [ SQL ] SELECT COUNT(xcx_msg_id) AS tp_count FROM `xcx_msg_content` WHERE  `xcx_msg_mp_id` = 17  AND `xcx_msg_isread` = 2  AND `xcx_msg_isable` = 1  AND (  ( xcx_msg_uid != 1 and xcx_msg_u_type = 1 ) or ( xcx_msg_uid != 1 and  xcx_msg_u_type = 2 ) ) LIMIT 1 [ RunTime:0.000647s ]
[ sql ] [ SQL ] SELECT `ad_wechat` FROM `super_admin` WHERE  `ad_id` = 1 LIMIT 1 [ RunTime:0.000439s ]
[ sql ] [ SQL ] SELECT COUNT(xcx_msg_id) AS tp_count FROM `xcx_msg_content` WHERE  `xcx_msg_mp_id` = 18  AND `xcx_msg_isread` = 2  AND `xcx_msg_isable` = 1  AND (  ( xcx_msg_uid != 1 and xcx_msg_u_type = 1 ) or ( xcx_msg_uid != 1 and  xcx_msg_u_type = 2 ) ) LIMIT 1 [ RunTime:0.000660s ]
[ sql ] [ SQL ] SELECT `ad_wechat` FROM `super_admin` WHERE  `ad_id` = 1 LIMIT 1 [ RunTime:0.000389s ]
[ sql ] [ SQL ] SELECT COUNT(xcx_msg_id) AS tp_count FROM `xcx_msg_content` WHERE  `xcx_msg_mp_id` = 19  AND `xcx_msg_isread` = 2  AND `xcx_msg_isable` = 1  AND (  ( xcx_msg_uid != 1 and xcx_msg_u_type = 1 ) or ( xcx_msg_uid != 1 and  xcx_msg_u_type = 2 ) ) LIMIT 1 [ RunTime:0.000441s ]
[ sql ] [ SQL ] SELECT `ad_wechat` FROM `super_admin` WHERE  `ad_id` = 1 LIMIT 1 [ RunTime:0.000352s ]
[ sql ] [ SQL ] SELECT COUNT(xcx_msg_id) AS tp_count FROM `xcx_msg_content` WHERE  `xcx_msg_mp_id` = 20  AND `xcx_msg_isread` = 2  AND `xcx_msg_isable` = 1  AND (  ( xcx_msg_uid != 1 and xcx_msg_u_type = 1 ) or ( xcx_msg_uid != 1 and  xcx_msg_u_type = 2 ) ) LIMIT 1 [ RunTime:0.000405s ]
---------------------------------------------------------------
[ 2020-07-30T18:56:18+08:00 ] 127.0.0.1 POST www.huaxiang.com/xcx/index/unread.html
[运行时间：0.109845s] [吞吐率：9.10req/s] [内存消耗：2,727.38kb] [文件加载：55]
[ info ] [ LANG ] D:\phpStudy\PHPTutorial\WWW\newxcx\huaxiang\thinkphp\lang\zh-cn.php
[ info ] [ ROUTE ] array (
  'type' => 'module',
  'module' => 
  array (
    0 => 'xcx',
    1 => 'index',
    2 => 'unread',
  ),
)
[ info ] [ HEADER ] array (
  'host' => 'www.huaxiang.com',
  'connection' => 'keep-alive',
  'content-length' => '0',
  'accept' => 'application/json, text/javascript, */*; q=0.01',
  'origin' => 'http://www.huaxiang.com',
  'x-requested-with' => 'XMLHttpRequest',
  'user-agent' => 'Mozilla/5.0 (Windows NT 10.0; Win64; x64) AppleWebKit/537.36 (KHTML, like Gecko) Chrome/78.0.3904.70 Safari/537.36',
  'referer' => 'http://www.huaxiang.com/xcx/index/index.html',
  'accept-encoding' => 'gzip, deflate',
  'accept-language' => 'zh-CN,zh;q=0.9',
  'cookie' => 'PHPSESSID=bqfe9nb9ubu89f43u8bm3jel42',
)
[ info ] [ PARAM ] array (
  '/xcx/index/unread_html' => '',
)
[ info ] [ SESSION ] INIT array (
  'id' => '',
  'var_session_id' => '',
  'prefix' => 'think',
  'type' => '',
  'auto_start' => true,
)
[ info ] [ RUN ] app\xcx\controller\Index->unread[ D:\phpStudy\PHPTutorial\WWW\newxcx\huaxiang\application\xcx\controller\Index.php ]
[ info ] [ DB ] INIT mysql
[ info ] [ LOG ] INIT File
[ sql ] [ DB ] CONNECT:[ UseTime:0.001205s ] mysql:host=127.0.0.1;port=3306;dbname=xcxnew;charset=utf8mb4
[ sql ] [ SQL ] SHOW COLUMNS FROM `xcx_msg_person` [ RunTime:0.014425s ]
[ sql ] [ SQL ] SELECT `mp_id` FROM `xcx_msg_person` WHERE  (  (mp_u_id = 1 and mp_utype = 2 and mp_isable = 1) or (mp_ul_id = 1 and mp_ultype = 2 and  mp_isable = 1) or (mp_u_id = 1 and mp_utype = 1 and mp_isable = 1) or (mp_ul_id = 1 and mp_ultype = 1 and  mp_isable = 1) ) [ RunTime:0.000591s ]
[ sql ] [ SQL ] SHOW COLUMNS FROM `super_admin` [ RunTime:0.014306s ]
[ sql ] [ SQL ] SELECT `ad_wechat` FROM `super_admin` WHERE  `ad_id` = 1 LIMIT 1 [ RunTime:0.000526s ]
[ sql ] [ SQL ] SHOW COLUMNS FROM `xcx_msg_content` [ RunTime:0.014047s ]
[ sql ] [ SQL ] SELECT COUNT(xcx_msg_id) AS tp_count FROM `xcx_msg_content` WHERE  `xcx_msg_mp_id` = 17  AND `xcx_msg_isread` = 2  AND `xcx_msg_isable` = 1  AND (  ( xcx_msg_uid != 1 and xcx_msg_u_type = 1 ) or ( xcx_msg_uid != 1 and  xcx_msg_u_type = 2 ) ) LIMIT 1 [ RunTime:0.000529s ]
[ sql ] [ SQL ] SELECT `ad_wechat` FROM `super_admin` WHERE  `ad_id` = 1 LIMIT 1 [ RunTime:0.000382s ]
[ sql ] [ SQL ] SELECT COUNT(xcx_msg_id) AS tp_count FROM `xcx_msg_content` WHERE  `xcx_msg_mp_id` = 18  AND `xcx_msg_isread` = 2  AND `xcx_msg_isable` = 1  AND (  ( xcx_msg_uid != 1 and xcx_msg_u_type = 1 ) or ( xcx_msg_uid != 1 and  xcx_msg_u_type = 2 ) ) LIMIT 1 [ RunTime:0.000405s ]
[ sql ] [ SQL ] SELECT `ad_wechat` FROM `super_admin` WHERE  `ad_id` = 1 LIMIT 1 [ RunTime:0.000344s ]
[ sql ] [ SQL ] SELECT COUNT(xcx_msg_id) AS tp_count FROM `xcx_msg_content` WHERE  `xcx_msg_mp_id` = 19  AND `xcx_msg_isread` = 2  AND `xcx_msg_isable` = 1  AND (  ( xcx_msg_uid != 1 and xcx_msg_u_type = 1 ) or ( xcx_msg_uid != 1 and  xcx_msg_u_type = 2 ) ) LIMIT 1 [ RunTime:0.000410s ]
[ sql ] [ SQL ] SELECT `ad_wechat` FROM `super_admin` WHERE  `ad_id` = 1 LIMIT 1 [ RunTime:0.000347s ]
[ sql ] [ SQL ] SELECT COUNT(xcx_msg_id) AS tp_count FROM `xcx_msg_content` WHERE  `xcx_msg_mp_id` = 20  AND `xcx_msg_isread` = 2  AND `xcx_msg_isable` = 1  AND (  ( xcx_msg_uid != 1 and xcx_msg_u_type = 1 ) or ( xcx_msg_uid != 1 and  xcx_msg_u_type = 2 ) ) LIMIT 1 [ RunTime:0.000406s ]
---------------------------------------------------------------
[ 2020-07-30T18:56:31+08:00 ] 127.0.0.1 POST www.huaxiang.com/xcx/index/unread.html
[运行时间：0.111055s] [吞吐率：9.00req/s] [内存消耗：2,727.38kb] [文件加载：55]
[ info ] [ LANG ] D:\phpStudy\PHPTutorial\WWW\newxcx\huaxiang\thinkphp\lang\zh-cn.php
[ info ] [ ROUTE ] array (
  'type' => 'module',
  'module' => 
  array (
    0 => 'xcx',
    1 => 'index',
    2 => 'unread',
  ),
)
[ info ] [ HEADER ] array (
  'host' => 'www.huaxiang.com',
  'connection' => 'keep-alive',
  'content-length' => '0',
  'accept' => 'application/json, text/javascript, */*; q=0.01',
  'origin' => 'http://www.huaxiang.com',
  'x-requested-with' => 'XMLHttpRequest',
  'user-agent' => 'Mozilla/5.0 (Windows NT 10.0; Win64; x64) AppleWebKit/537.36 (KHTML, like Gecko) Chrome/78.0.3904.70 Safari/537.36',
  'referer' => 'http://www.huaxiang.com/xcx/index/index.html',
  'accept-encoding' => 'gzip, deflate',
  'accept-language' => 'zh-CN,zh;q=0.9',
  'cookie' => 'PHPSESSID=bqfe9nb9ubu89f43u8bm3jel42',
)
[ info ] [ PARAM ] array (
  '/xcx/index/unread_html' => '',
)
[ info ] [ SESSION ] INIT array (
  'id' => '',
  'var_session_id' => '',
  'prefix' => 'think',
  'type' => '',
  'auto_start' => true,
)
[ info ] [ RUN ] app\xcx\controller\Index->unread[ D:\phpStudy\PHPTutorial\WWW\newxcx\huaxiang\application\xcx\controller\Index.php ]
[ info ] [ DB ] INIT mysql
[ info ] [ LOG ] INIT File
[ sql ] [ DB ] CONNECT:[ UseTime:0.001006s ] mysql:host=127.0.0.1;port=3306;dbname=xcxnew;charset=utf8mb4
[ sql ] [ SQL ] SHOW COLUMNS FROM `xcx_msg_person` [ RunTime:0.015667s ]
[ sql ] [ SQL ] SELECT `mp_id` FROM `xcx_msg_person` WHERE  (  (mp_u_id = 1 and mp_utype = 2 and mp_isable = 1) or (mp_ul_id = 1 and mp_ultype = 2 and  mp_isable = 1) or (mp_u_id = 1 and mp_utype = 1 and mp_isable = 1) or (mp_ul_id = 1 and mp_ultype = 1 and  mp_isable = 1) ) [ RunTime:0.000500s ]
[ sql ] [ SQL ] SHOW COLUMNS FROM `super_admin` [ RunTime:0.014373s ]
[ sql ] [ SQL ] SELECT `ad_wechat` FROM `super_admin` WHERE  `ad_id` = 1 LIMIT 1 [ RunTime:0.000504s ]
[ sql ] [ SQL ] SHOW COLUMNS FROM `xcx_msg_content` [ RunTime:0.013998s ]
[ sql ] [ SQL ] SELECT COUNT(xcx_msg_id) AS tp_count FROM `xcx_msg_content` WHERE  `xcx_msg_mp_id` = 17  AND `xcx_msg_isread` = 2  AND `xcx_msg_isable` = 1  AND (  ( xcx_msg_uid != 1 and xcx_msg_u_type = 1 ) or ( xcx_msg_uid != 1 and  xcx_msg_u_type = 2 ) ) LIMIT 1 [ RunTime:0.000989s ]
[ sql ] [ SQL ] SELECT `ad_wechat` FROM `super_admin` WHERE  `ad_id` = 1 LIMIT 1 [ RunTime:0.000415s ]
[ sql ] [ SQL ] SELECT COUNT(xcx_msg_id) AS tp_count FROM `xcx_msg_content` WHERE  `xcx_msg_mp_id` = 18  AND `xcx_msg_isread` = 2  AND `xcx_msg_isable` = 1  AND (  ( xcx_msg_uid != 1 and xcx_msg_u_type = 1 ) or ( xcx_msg_uid != 1 and  xcx_msg_u_type = 2 ) ) LIMIT 1 [ RunTime:0.000414s ]
[ sql ] [ SQL ] SELECT `ad_wechat` FROM `super_admin` WHERE  `ad_id` = 1 LIMIT 1 [ RunTime:0.000354s ]
[ sql ] [ SQL ] SELECT COUNT(xcx_msg_id) AS tp_count FROM `xcx_msg_content` WHERE  `xcx_msg_mp_id` = 19  AND `xcx_msg_isread` = 2  AND `xcx_msg_isable` = 1  AND (  ( xcx_msg_uid != 1 and xcx_msg_u_type = 1 ) or ( xcx_msg_uid != 1 and  xcx_msg_u_type = 2 ) ) LIMIT 1 [ RunTime:0.000406s ]
[ sql ] [ SQL ] SELECT `ad_wechat` FROM `super_admin` WHERE  `ad_id` = 1 LIMIT 1 [ RunTime:0.000343s ]
[ sql ] [ SQL ] SELECT COUNT(xcx_msg_id) AS tp_count FROM `xcx_msg_content` WHERE  `xcx_msg_mp_id` = 20  AND `xcx_msg_isread` = 2  AND `xcx_msg_isable` = 1  AND (  ( xcx_msg_uid != 1 and xcx_msg_u_type = 1 ) or ( xcx_msg_uid != 1 and  xcx_msg_u_type = 2 ) ) LIMIT 1 [ RunTime:0.000398s ]
---------------------------------------------------------------
[ 2020-07-30T18:56:44+08:00 ] 127.0.0.1 POST www.huaxiang.com/xcx/index/unread.html
[运行时间：0.108567s] [吞吐率：9.21req/s] [内存消耗：2,727.38kb] [文件加载：55]
[ info ] [ LANG ] D:\phpStudy\PHPTutorial\WWW\newxcx\huaxiang\thinkphp\lang\zh-cn.php
[ info ] [ ROUTE ] array (
  'type' => 'module',
  'module' => 
  array (
    0 => 'xcx',
    1 => 'index',
    2 => 'unread',
  ),
)
[ info ] [ HEADER ] array (
  'host' => 'www.huaxiang.com',
  'connection' => 'keep-alive',
  'content-length' => '0',
  'accept' => 'application/json, text/javascript, */*; q=0.01',
  'origin' => 'http://www.huaxiang.com',
  'x-requested-with' => 'XMLHttpRequest',
  'user-agent' => 'Mozilla/5.0 (Windows NT 10.0; Win64; x64) AppleWebKit/537.36 (KHTML, like Gecko) Chrome/78.0.3904.70 Safari/537.36',
  'referer' => 'http://www.huaxiang.com/xcx/index/index.html',
  'accept-encoding' => 'gzip, deflate',
  'accept-language' => 'zh-CN,zh;q=0.9',
  'cookie' => 'PHPSESSID=bqfe9nb9ubu89f43u8bm3jel42',
)
[ info ] [ PARAM ] array (
  '/xcx/index/unread_html' => '',
)
[ info ] [ SESSION ] INIT array (
  'id' => '',
  'var_session_id' => '',
  'prefix' => 'think',
  'type' => '',
  'auto_start' => true,
)
[ info ] [ RUN ] app\xcx\controller\Index->unread[ D:\phpStudy\PHPTutorial\WWW\newxcx\huaxiang\application\xcx\controller\Index.php ]
[ info ] [ DB ] INIT mysql
[ info ] [ LOG ] INIT File
[ sql ] [ DB ] CONNECT:[ UseTime:0.001080s ] mysql:host=127.0.0.1;port=3306;dbname=xcxnew;charset=utf8mb4
[ sql ] [ SQL ] SHOW COLUMNS FROM `xcx_msg_person` [ RunTime:0.014531s ]
[ sql ] [ SQL ] SELECT `mp_id` FROM `xcx_msg_person` WHERE  (  (mp_u_id = 1 and mp_utype = 2 and mp_isable = 1) or (mp_ul_id = 1 and mp_ultype = 2 and  mp_isable = 1) or (mp_u_id = 1 and mp_utype = 1 and mp_isable = 1) or (mp_ul_id = 1 and mp_ultype = 1 and  mp_isable = 1) ) [ RunTime:0.000513s ]
[ sql ] [ SQL ] SHOW COLUMNS FROM `super_admin` [ RunTime:0.014247s ]
[ sql ] [ SQL ] SELECT `ad_wechat` FROM `super_admin` WHERE  `ad_id` = 1 LIMIT 1 [ RunTime:0.000487s ]
[ sql ] [ SQL ] SHOW COLUMNS FROM `xcx_msg_content` [ RunTime:0.013592s ]
[ sql ] [ SQL ] SELECT COUNT(xcx_msg_id) AS tp_count FROM `xcx_msg_content` WHERE  `xcx_msg_mp_id` = 17  AND `xcx_msg_isread` = 2  AND `xcx_msg_isable` = 1  AND (  ( xcx_msg_uid != 1 and xcx_msg_u_type = 1 ) or ( xcx_msg_uid != 1 and  xcx_msg_u_type = 2 ) ) LIMIT 1 [ RunTime:0.000537s ]
[ sql ] [ SQL ] SELECT `ad_wechat` FROM `super_admin` WHERE  `ad_id` = 1 LIMIT 1 [ RunTime:0.000386s ]
[ sql ] [ SQL ] SELECT COUNT(xcx_msg_id) AS tp_count FROM `xcx_msg_content` WHERE  `xcx_msg_mp_id` = 18  AND `xcx_msg_isread` = 2  AND `xcx_msg_isable` = 1  AND (  ( xcx_msg_uid != 1 and xcx_msg_u_type = 1 ) or ( xcx_msg_uid != 1 and  xcx_msg_u_type = 2 ) ) LIMIT 1 [ RunTime:0.000403s ]
[ sql ] [ SQL ] SELECT `ad_wechat` FROM `super_admin` WHERE  `ad_id` = 1 LIMIT 1 [ RunTime:0.000344s ]
[ sql ] [ SQL ] SELECT COUNT(xcx_msg_id) AS tp_count FROM `xcx_msg_content` WHERE  `xcx_msg_mp_id` = 19  AND `xcx_msg_isread` = 2  AND `xcx_msg_isable` = 1  AND (  ( xcx_msg_uid != 1 and xcx_msg_u_type = 1 ) or ( xcx_msg_uid != 1 and  xcx_msg_u_type = 2 ) ) LIMIT 1 [ RunTime:0.000403s ]
[ sql ] [ SQL ] SELECT `ad_wechat` FROM `super_admin` WHERE  `ad_id` = 1 LIMIT 1 [ RunTime:0.000339s ]
[ sql ] [ SQL ] SELECT COUNT(xcx_msg_id) AS tp_count FROM `xcx_msg_content` WHERE  `xcx_msg_mp_id` = 20  AND `xcx_msg_isread` = 2  AND `xcx_msg_isable` = 1  AND (  ( xcx_msg_uid != 1 and xcx_msg_u_type = 1 ) or ( xcx_msg_uid != 1 and  xcx_msg_u_type = 2 ) ) LIMIT 1 [ RunTime:0.000397s ]
---------------------------------------------------------------
[ 2020-07-30T18:56:57+08:00 ] 127.0.0.1 POST www.huaxiang.com/xcx/index/unread.html
[运行时间：0.127179s] [吞吐率：7.86req/s] [内存消耗：2,727.38kb] [文件加载：55]
[ info ] [ LANG ] D:\phpStudy\PHPTutorial\WWW\newxcx\huaxiang\thinkphp\lang\zh-cn.php
[ info ] [ ROUTE ] array (
  'type' => 'module',
  'module' => 
  array (
    0 => 'xcx',
    1 => 'index',
    2 => 'unread',
  ),
)
[ info ] [ HEADER ] array (
  'host' => 'www.huaxiang.com',
  'connection' => 'keep-alive',
  'content-length' => '0',
  'accept' => 'application/json, text/javascript, */*; q=0.01',
  'origin' => 'http://www.huaxiang.com',
  'x-requested-with' => 'XMLHttpRequest',
  'user-agent' => 'Mozilla/5.0 (Windows NT 10.0; Win64; x64) AppleWebKit/537.36 (KHTML, like Gecko) Chrome/78.0.3904.70 Safari/537.36',
  'referer' => 'http://www.huaxiang.com/xcx/index/index.html',
  'accept-encoding' => 'gzip, deflate',
  'accept-language' => 'zh-CN,zh;q=0.9',
  'cookie' => 'PHPSESSID=bqfe9nb9ubu89f43u8bm3jel42',
)
[ info ] [ PARAM ] array (
  '/xcx/index/unread_html' => '',
)
[ info ] [ SESSION ] INIT array (
  'id' => '',
  'var_session_id' => '',
  'prefix' => 'think',
  'type' => '',
  'auto_start' => true,
)
[ info ] [ RUN ] app\xcx\controller\Index->unread[ D:\phpStudy\PHPTutorial\WWW\newxcx\huaxiang\application\xcx\controller\Index.php ]
[ info ] [ DB ] INIT mysql
[ info ] [ LOG ] INIT File
[ sql ] [ DB ] CONNECT:[ UseTime:0.001154s ] mysql:host=127.0.0.1;port=3306;dbname=xcxnew;charset=utf8mb4
[ sql ] [ SQL ] SHOW COLUMNS FROM `xcx_msg_person` [ RunTime:0.014462s ]
[ sql ] [ SQL ] SELECT `mp_id` FROM `xcx_msg_person` WHERE  (  (mp_u_id = 1 and mp_utype = 2 and mp_isable = 1) or (mp_ul_id = 1 and mp_ultype = 2 and  mp_isable = 1) or (mp_u_id = 1 and mp_utype = 1 and mp_isable = 1) or (mp_ul_id = 1 and mp_ultype = 1 and  mp_isable = 1) ) [ RunTime:0.000759s ]
[ sql ] [ SQL ] SHOW COLUMNS FROM `super_admin` [ RunTime:0.015533s ]
[ sql ] [ SQL ] SELECT `ad_wechat` FROM `super_admin` WHERE  `ad_id` = 1 LIMIT 1 [ RunTime:0.000689s ]
[ sql ] [ SQL ] SHOW COLUMNS FROM `xcx_msg_content` [ RunTime:0.016619s ]
[ sql ] [ SQL ] SELECT COUNT(xcx_msg_id) AS tp_count FROM `xcx_msg_content` WHERE  `xcx_msg_mp_id` = 17  AND `xcx_msg_isread` = 2  AND `xcx_msg_isable` = 1  AND (  ( xcx_msg_uid != 1 and xcx_msg_u_type = 1 ) or ( xcx_msg_uid != 1 and  xcx_msg_u_type = 2 ) ) LIMIT 1 [ RunTime:0.000687s ]
[ sql ] [ SQL ] SELECT `ad_wechat` FROM `super_admin` WHERE  `ad_id` = 1 LIMIT 1 [ RunTime:0.000428s ]
[ sql ] [ SQL ] SELECT COUNT(xcx_msg_id) AS tp_count FROM `xcx_msg_content` WHERE  `xcx_msg_mp_id` = 18  AND `xcx_msg_isread` = 2  AND `xcx_msg_isable` = 1  AND (  ( xcx_msg_uid != 1 and xcx_msg_u_type = 1 ) or ( xcx_msg_uid != 1 and  xcx_msg_u_type = 2 ) ) LIMIT 1 [ RunTime:0.000720s ]
[ sql ] [ SQL ] SELECT `ad_wechat` FROM `super_admin` WHERE  `ad_id` = 1 LIMIT 1 [ RunTime:0.000501s ]
[ sql ] [ SQL ] SELECT COUNT(xcx_msg_id) AS tp_count FROM `xcx_msg_content` WHERE  `xcx_msg_mp_id` = 19  AND `xcx_msg_isread` = 2  AND `xcx_msg_isable` = 1  AND (  ( xcx_msg_uid != 1 and xcx_msg_u_type = 1 ) or ( xcx_msg_uid != 1 and  xcx_msg_u_type = 2 ) ) LIMIT 1 [ RunTime:0.000488s ]
[ sql ] [ SQL ] SELECT `ad_wechat` FROM `super_admin` WHERE  `ad_id` = 1 LIMIT 1 [ RunTime:0.000427s ]
[ sql ] [ SQL ] SELECT COUNT(xcx_msg_id) AS tp_count FROM `xcx_msg_content` WHERE  `xcx_msg_mp_id` = 20  AND `xcx_msg_isread` = 2  AND `xcx_msg_isable` = 1  AND (  ( xcx_msg_uid != 1 and xcx_msg_u_type = 1 ) or ( xcx_msg_uid != 1 and  xcx_msg_u_type = 2 ) ) LIMIT 1 [ RunTime:0.000467s ]
---------------------------------------------------------------
[ 2020-07-30T18:57:11+08:00 ] 127.0.0.1 POST www.huaxiang.com/xcx/index/unread.html
[运行时间：0.110995s] [吞吐率：9.01req/s] [内存消耗：2,727.38kb] [文件加载：55]
[ info ] [ LANG ] D:\phpStudy\PHPTutorial\WWW\newxcx\huaxiang\thinkphp\lang\zh-cn.php
[ info ] [ ROUTE ] array (
  'type' => 'module',
  'module' => 
  array (
    0 => 'xcx',
    1 => 'index',
    2 => 'unread',
  ),
)
[ info ] [ HEADER ] array (
  'host' => 'www.huaxiang.com',
  'connection' => 'keep-alive',
  'content-length' => '0',
  'accept' => 'application/json, text/javascript, */*; q=0.01',
  'origin' => 'http://www.huaxiang.com',
  'x-requested-with' => 'XMLHttpRequest',
  'user-agent' => 'Mozilla/5.0 (Windows NT 10.0; Win64; x64) AppleWebKit/537.36 (KHTML, like Gecko) Chrome/78.0.3904.70 Safari/537.36',
  'referer' => 'http://www.huaxiang.com/xcx/index/index.html',
  'accept-encoding' => 'gzip, deflate',
  'accept-language' => 'zh-CN,zh;q=0.9',
  'cookie' => 'PHPSESSID=bqfe9nb9ubu89f43u8bm3jel42',
)
[ info ] [ PARAM ] array (
  '/xcx/index/unread_html' => '',
)
[ info ] [ SESSION ] INIT array (
  'id' => '',
  'var_session_id' => '',
  'prefix' => 'think',
  'type' => '',
  'auto_start' => true,
)
[ info ] [ RUN ] app\xcx\controller\Index->unread[ D:\phpStudy\PHPTutorial\WWW\newxcx\huaxiang\application\xcx\controller\Index.php ]
[ info ] [ DB ] INIT mysql
[ info ] [ LOG ] INIT File
[ sql ] [ DB ] CONNECT:[ UseTime:0.001055s ] mysql:host=127.0.0.1;port=3306;dbname=xcxnew;charset=utf8mb4
[ sql ] [ SQL ] SHOW COLUMNS FROM `xcx_msg_person` [ RunTime:0.014641s ]
[ sql ] [ SQL ] SELECT `mp_id` FROM `xcx_msg_person` WHERE  (  (mp_u_id = 1 and mp_utype = 2 and mp_isable = 1) or (mp_ul_id = 1 and mp_ultype = 2 and  mp_isable = 1) or (mp_u_id = 1 and mp_utype = 1 and mp_isable = 1) or (mp_ul_id = 1 and mp_ultype = 1 and  mp_isable = 1) ) [ RunTime:0.000700s ]
[ sql ] [ SQL ] SHOW COLUMNS FROM `super_admin` [ RunTime:0.014529s ]
[ sql ] [ SQL ] SELECT `ad_wechat` FROM `super_admin` WHERE  `ad_id` = 1 LIMIT 1 [ RunTime:0.000696s ]
[ sql ] [ SQL ] SHOW COLUMNS FROM `xcx_msg_content` [ RunTime:0.013440s ]
[ sql ] [ SQL ] SELECT COUNT(xcx_msg_id) AS tp_count FROM `xcx_msg_content` WHERE  `xcx_msg_mp_id` = 17  AND `xcx_msg_isread` = 2  AND `xcx_msg_isable` = 1  AND (  ( xcx_msg_uid != 1 and xcx_msg_u_type = 1 ) or ( xcx_msg_uid != 1 and  xcx_msg_u_type = 2 ) ) LIMIT 1 [ RunTime:0.001054s ]
[ sql ] [ SQL ] SELECT `ad_wechat` FROM `super_admin` WHERE  `ad_id` = 1 LIMIT 1 [ RunTime:0.000577s ]
[ sql ] [ SQL ] SELECT COUNT(xcx_msg_id) AS tp_count FROM `xcx_msg_content` WHERE  `xcx_msg_mp_id` = 18  AND `xcx_msg_isread` = 2  AND `xcx_msg_isable` = 1  AND (  ( xcx_msg_uid != 1 and xcx_msg_u_type = 1 ) or ( xcx_msg_uid != 1 and  xcx_msg_u_type = 2 ) ) LIMIT 1 [ RunTime:0.000453s ]
[ sql ] [ SQL ] SELECT `ad_wechat` FROM `super_admin` WHERE  `ad_id` = 1 LIMIT 1 [ RunTime:0.000354s ]
[ sql ] [ SQL ] SELECT COUNT(xcx_msg_id) AS tp_count FROM `xcx_msg_content` WHERE  `xcx_msg_mp_id` = 19  AND `xcx_msg_isread` = 2  AND `xcx_msg_isable` = 1  AND (  ( xcx_msg_uid != 1 and xcx_msg_u_type = 1 ) or ( xcx_msg_uid != 1 and  xcx_msg_u_type = 2 ) ) LIMIT 1 [ RunTime:0.000424s ]
[ sql ] [ SQL ] SELECT `ad_wechat` FROM `super_admin` WHERE  `ad_id` = 1 LIMIT 1 [ RunTime:0.000350s ]
[ sql ] [ SQL ] SELECT COUNT(xcx_msg_id) AS tp_count FROM `xcx_msg_content` WHERE  `xcx_msg_mp_id` = 20  AND `xcx_msg_isread` = 2  AND `xcx_msg_isable` = 1  AND (  ( xcx_msg_uid != 1 and xcx_msg_u_type = 1 ) or ( xcx_msg_uid != 1 and  xcx_msg_u_type = 2 ) ) LIMIT 1 [ RunTime:0.000404s ]
---------------------------------------------------------------
[ 2020-07-30T18:57:25+08:00 ] 127.0.0.1 POST www.huaxiang.com/xcx/index/unread.html
[运行时间：0.113945s] [吞吐率：8.78req/s] [内存消耗：2,727.38kb] [文件加载：55]
[ info ] [ LANG ] D:\phpStudy\PHPTutorial\WWW\newxcx\huaxiang\thinkphp\lang\zh-cn.php
[ info ] [ ROUTE ] array (
  'type' => 'module',
  'module' => 
  array (
    0 => 'xcx',
    1 => 'index',
    2 => 'unread',
  ),
)
[ info ] [ HEADER ] array (
  'host' => 'www.huaxiang.com',
  'connection' => 'keep-alive',
  'content-length' => '0',
  'accept' => 'application/json, text/javascript, */*; q=0.01',
  'origin' => 'http://www.huaxiang.com',
  'x-requested-with' => 'XMLHttpRequest',
  'user-agent' => 'Mozilla/5.0 (Windows NT 10.0; Win64; x64) AppleWebKit/537.36 (KHTML, like Gecko) Chrome/78.0.3904.70 Safari/537.36',
  'referer' => 'http://www.huaxiang.com/xcx/index/index.html',
  'accept-encoding' => 'gzip, deflate',
  'accept-language' => 'zh-CN,zh;q=0.9',
  'cookie' => 'PHPSESSID=bqfe9nb9ubu89f43u8bm3jel42',
)
[ info ] [ PARAM ] array (
  '/xcx/index/unread_html' => '',
)
[ info ] [ SESSION ] INIT array (
  'id' => '',
  'var_session_id' => '',
  'prefix' => 'think',
  'type' => '',
  'auto_start' => true,
)
[ info ] [ RUN ] app\xcx\controller\Index->unread[ D:\phpStudy\PHPTutorial\WWW\newxcx\huaxiang\application\xcx\controller\Index.php ]
[ info ] [ DB ] INIT mysql
[ info ] [ LOG ] INIT File
[ sql ] [ DB ] CONNECT:[ UseTime:0.001029s ] mysql:host=127.0.0.1;port=3306;dbname=xcxnew;charset=utf8mb4
[ sql ] [ SQL ] SHOW COLUMNS FROM `xcx_msg_person` [ RunTime:0.015622s ]
[ sql ] [ SQL ] SELECT `mp_id` FROM `xcx_msg_person` WHERE  (  (mp_u_id = 1 and mp_utype = 2 and mp_isable = 1) or (mp_ul_id = 1 and mp_ultype = 2 and  mp_isable = 1) or (mp_u_id = 1 and mp_utype = 1 and mp_isable = 1) or (mp_ul_id = 1 and mp_ultype = 1 and  mp_isable = 1) ) [ RunTime:0.000474s ]
[ sql ] [ SQL ] SHOW COLUMNS FROM `super_admin` [ RunTime:0.014018s ]
[ sql ] [ SQL ] SELECT `ad_wechat` FROM `super_admin` WHERE  `ad_id` = 1 LIMIT 1 [ RunTime:0.000554s ]
[ sql ] [ SQL ] SHOW COLUMNS FROM `xcx_msg_content` [ RunTime:0.016942s ]
[ sql ] [ SQL ] SELECT COUNT(xcx_msg_id) AS tp_count FROM `xcx_msg_content` WHERE  `xcx_msg_mp_id` = 17  AND `xcx_msg_isread` = 2  AND `xcx_msg_isable` = 1  AND (  ( xcx_msg_uid != 1 and xcx_msg_u_type = 1 ) or ( xcx_msg_uid != 1 and  xcx_msg_u_type = 2 ) ) LIMIT 1 [ RunTime:0.000555s ]
[ sql ] [ SQL ] SELECT `ad_wechat` FROM `super_admin` WHERE  `ad_id` = 1 LIMIT 1 [ RunTime:0.000403s ]
[ sql ] [ SQL ] SELECT COUNT(xcx_msg_id) AS tp_count FROM `xcx_msg_content` WHERE  `xcx_msg_mp_id` = 18  AND `xcx_msg_isread` = 2  AND `xcx_msg_isable` = 1  AND (  ( xcx_msg_uid != 1 and xcx_msg_u_type = 1 ) or ( xcx_msg_uid != 1 and  xcx_msg_u_type = 2 ) ) LIMIT 1 [ RunTime:0.000742s ]
[ sql ] [ SQL ] SELECT `ad_wechat` FROM `super_admin` WHERE  `ad_id` = 1 LIMIT 1 [ RunTime:0.000548s ]
[ sql ] [ SQL ] SELECT COUNT(xcx_msg_id) AS tp_count FROM `xcx_msg_content` WHERE  `xcx_msg_mp_id` = 19  AND `xcx_msg_isread` = 2  AND `xcx_msg_isable` = 1  AND (  ( xcx_msg_uid != 1 and xcx_msg_u_type = 1 ) or ( xcx_msg_uid != 1 and  xcx_msg_u_type = 2 ) ) LIMIT 1 [ RunTime:0.000588s ]
[ sql ] [ SQL ] SELECT `ad_wechat` FROM `super_admin` WHERE  `ad_id` = 1 LIMIT 1 [ RunTime:0.000526s ]
[ sql ] [ SQL ] SELECT COUNT(xcx_msg_id) AS tp_count FROM `xcx_msg_content` WHERE  `xcx_msg_mp_id` = 20  AND `xcx_msg_isread` = 2  AND `xcx_msg_isable` = 1  AND (  ( xcx_msg_uid != 1 and xcx_msg_u_type = 1 ) or ( xcx_msg_uid != 1 and  xcx_msg_u_type = 2 ) ) LIMIT 1 [ RunTime:0.000582s ]
---------------------------------------------------------------
[ 2020-07-30T18:57:38+08:00 ] 127.0.0.1 POST www.huaxiang.com/xcx/index/unread.html
[运行时间：0.109014s] [吞吐率：9.17req/s] [内存消耗：2,727.38kb] [文件加载：55]
[ info ] [ LANG ] D:\phpStudy\PHPTutorial\WWW\newxcx\huaxiang\thinkphp\lang\zh-cn.php
[ info ] [ ROUTE ] array (
  'type' => 'module',
  'module' => 
  array (
    0 => 'xcx',
    1 => 'index',
    2 => 'unread',
  ),
)
[ info ] [ HEADER ] array (
  'host' => 'www.huaxiang.com',
  'connection' => 'keep-alive',
  'content-length' => '0',
  'accept' => 'application/json, text/javascript, */*; q=0.01',
  'origin' => 'http://www.huaxiang.com',
  'x-requested-with' => 'XMLHttpRequest',
  'user-agent' => 'Mozilla/5.0 (Windows NT 10.0; Win64; x64) AppleWebKit/537.36 (KHTML, like Gecko) Chrome/78.0.3904.70 Safari/537.36',
  'referer' => 'http://www.huaxiang.com/xcx/index/index.html',
  'accept-encoding' => 'gzip, deflate',
  'accept-language' => 'zh-CN,zh;q=0.9',
  'cookie' => 'PHPSESSID=bqfe9nb9ubu89f43u8bm3jel42',
)
[ info ] [ PARAM ] array (
  '/xcx/index/unread_html' => '',
)
[ info ] [ SESSION ] INIT array (
  'id' => '',
  'var_session_id' => '',
  'prefix' => 'think',
  'type' => '',
  'auto_start' => true,
)
[ info ] [ RUN ] app\xcx\controller\Index->unread[ D:\phpStudy\PHPTutorial\WWW\newxcx\huaxiang\application\xcx\controller\Index.php ]
[ info ] [ DB ] INIT mysql
[ info ] [ LOG ] INIT File
[ sql ] [ DB ] CONNECT:[ UseTime:0.001083s ] mysql:host=127.0.0.1;port=3306;dbname=xcxnew;charset=utf8mb4
[ sql ] [ SQL ] SHOW COLUMNS FROM `xcx_msg_person` [ RunTime:0.014017s ]
[ sql ] [ SQL ] SELECT `mp_id` FROM `xcx_msg_person` WHERE  (  (mp_u_id = 1 and mp_utype = 2 and mp_isable = 1) or (mp_ul_id = 1 and mp_ultype = 2 and  mp_isable = 1) or (mp_u_id = 1 and mp_utype = 1 and mp_isable = 1) or (mp_ul_id = 1 and mp_ultype = 1 and  mp_isable = 1) ) [ RunTime:0.000576s ]
[ sql ] [ SQL ] SHOW COLUMNS FROM `super_admin` [ RunTime:0.013758s ]
[ sql ] [ SQL ] SELECT `ad_wechat` FROM `super_admin` WHERE  `ad_id` = 1 LIMIT 1 [ RunTime:0.000469s ]
[ sql ] [ SQL ] SHOW COLUMNS FROM `xcx_msg_content` [ RunTime:0.013508s ]
[ sql ] [ SQL ] SELECT COUNT(xcx_msg_id) AS tp_count FROM `xcx_msg_content` WHERE  `xcx_msg_mp_id` = 17  AND `xcx_msg_isread` = 2  AND `xcx_msg_isable` = 1  AND (  ( xcx_msg_uid != 1 and xcx_msg_u_type = 1 ) or ( xcx_msg_uid != 1 and  xcx_msg_u_type = 2 ) ) LIMIT 1 [ RunTime:0.000518s ]
[ sql ] [ SQL ] SELECT `ad_wechat` FROM `super_admin` WHERE  `ad_id` = 1 LIMIT 1 [ RunTime:0.000381s ]
[ sql ] [ SQL ] SELECT COUNT(xcx_msg_id) AS tp_count FROM `xcx_msg_content` WHERE  `xcx_msg_mp_id` = 18  AND `xcx_msg_isread` = 2  AND `xcx_msg_isable` = 1  AND (  ( xcx_msg_uid != 1 and xcx_msg_u_type = 1 ) or ( xcx_msg_uid != 1 and  xcx_msg_u_type = 2 ) ) LIMIT 1 [ RunTime:0.000406s ]
[ sql ] [ SQL ] SELECT `ad_wechat` FROM `super_admin` WHERE  `ad_id` = 1 LIMIT 1 [ RunTime:0.000342s ]
[ sql ] [ SQL ] SELECT COUNT(xcx_msg_id) AS tp_count FROM `xcx_msg_content` WHERE  `xcx_msg_mp_id` = 19  AND `xcx_msg_isread` = 2  AND `xcx_msg_isable` = 1  AND (  ( xcx_msg_uid != 1 and xcx_msg_u_type = 1 ) or ( xcx_msg_uid != 1 and  xcx_msg_u_type = 2 ) ) LIMIT 1 [ RunTime:0.000410s ]
[ sql ] [ SQL ] SELECT `ad_wechat` FROM `super_admin` WHERE  `ad_id` = 1 LIMIT 1 [ RunTime:0.000421s ]
[ sql ] [ SQL ] SELECT COUNT(xcx_msg_id) AS tp_count FROM `xcx_msg_content` WHERE  `xcx_msg_mp_id` = 20  AND `xcx_msg_isread` = 2  AND `xcx_msg_isable` = 1  AND (  ( xcx_msg_uid != 1 and xcx_msg_u_type = 1 ) or ( xcx_msg_uid != 1 and  xcx_msg_u_type = 2 ) ) LIMIT 1 [ RunTime:0.000800s ]
---------------------------------------------------------------
[ 2020-07-30T18:57:51+08:00 ] 127.0.0.1 POST www.huaxiang.com/xcx/index/unread.html
[运行时间：0.109188s] [吞吐率：9.16req/s] [内存消耗：2,727.38kb] [文件加载：55]
[ info ] [ LANG ] D:\phpStudy\PHPTutorial\WWW\newxcx\huaxiang\thinkphp\lang\zh-cn.php
[ info ] [ ROUTE ] array (
  'type' => 'module',
  'module' => 
  array (
    0 => 'xcx',
    1 => 'index',
    2 => 'unread',
  ),
)
[ info ] [ HEADER ] array (
  'host' => 'www.huaxiang.com',
  'connection' => 'keep-alive',
  'content-length' => '0',
  'accept' => 'application/json, text/javascript, */*; q=0.01',
  'origin' => 'http://www.huaxiang.com',
  'x-requested-with' => 'XMLHttpRequest',
  'user-agent' => 'Mozilla/5.0 (Windows NT 10.0; Win64; x64) AppleWebKit/537.36 (KHTML, like Gecko) Chrome/78.0.3904.70 Safari/537.36',
  'referer' => 'http://www.huaxiang.com/xcx/index/index.html',
  'accept-encoding' => 'gzip, deflate',
  'accept-language' => 'zh-CN,zh;q=0.9',
  'cookie' => 'PHPSESSID=bqfe9nb9ubu89f43u8bm3jel42',
)
[ info ] [ PARAM ] array (
  '/xcx/index/unread_html' => '',
)
[ info ] [ SESSION ] INIT array (
  'id' => '',
  'var_session_id' => '',
  'prefix' => 'think',
  'type' => '',
  'auto_start' => true,
)
[ info ] [ RUN ] app\xcx\controller\Index->unread[ D:\phpStudy\PHPTutorial\WWW\newxcx\huaxiang\application\xcx\controller\Index.php ]
[ info ] [ DB ] INIT mysql
[ info ] [ LOG ] INIT File
[ sql ] [ DB ] CONNECT:[ UseTime:0.001158s ] mysql:host=127.0.0.1;port=3306;dbname=xcxnew;charset=utf8mb4
[ sql ] [ SQL ] SHOW COLUMNS FROM `xcx_msg_person` [ RunTime:0.013978s ]
[ sql ] [ SQL ] SELECT `mp_id` FROM `xcx_msg_person` WHERE  (  (mp_u_id = 1 and mp_utype = 2 and mp_isable = 1) or (mp_ul_id = 1 and mp_ultype = 2 and  mp_isable = 1) or (mp_u_id = 1 and mp_utype = 1 and mp_isable = 1) or (mp_ul_id = 1 and mp_ultype = 1 and  mp_isable = 1) ) [ RunTime:0.000573s ]
[ sql ] [ SQL ] SHOW COLUMNS FROM `super_admin` [ RunTime:0.014520s ]
[ sql ] [ SQL ] SELECT `ad_wechat` FROM `super_admin` WHERE  `ad_id` = 1 LIMIT 1 [ RunTime:0.000583s ]
[ sql ] [ SQL ] SHOW COLUMNS FROM `xcx_msg_content` [ RunTime:0.015061s ]
[ sql ] [ SQL ] SELECT COUNT(xcx_msg_id) AS tp_count FROM `xcx_msg_content` WHERE  `xcx_msg_mp_id` = 17  AND `xcx_msg_isread` = 2  AND `xcx_msg_isable` = 1  AND (  ( xcx_msg_uid != 1 and xcx_msg_u_type = 1 ) or ( xcx_msg_uid != 1 and  xcx_msg_u_type = 2 ) ) LIMIT 1 [ RunTime:0.000612s ]
[ sql ] [ SQL ] SELECT `ad_wechat` FROM `super_admin` WHERE  `ad_id` = 1 LIMIT 1 [ RunTime:0.000403s ]
[ sql ] [ SQL ] SELECT COUNT(xcx_msg_id) AS tp_count FROM `xcx_msg_content` WHERE  `xcx_msg_mp_id` = 18  AND `xcx_msg_isread` = 2  AND `xcx_msg_isable` = 1  AND (  ( xcx_msg_uid != 1 and xcx_msg_u_type = 1 ) or ( xcx_msg_uid != 1 and  xcx_msg_u_type = 2 ) ) LIMIT 1 [ RunTime:0.000416s ]
[ sql ] [ SQL ] SELECT `ad_wechat` FROM `super_admin` WHERE  `ad_id` = 1 LIMIT 1 [ RunTime:0.000354s ]
[ sql ] [ SQL ] SELECT COUNT(xcx_msg_id) AS tp_count FROM `xcx_msg_content` WHERE  `xcx_msg_mp_id` = 19  AND `xcx_msg_isread` = 2  AND `xcx_msg_isable` = 1  AND (  ( xcx_msg_uid != 1 and xcx_msg_u_type = 1 ) or ( xcx_msg_uid != 1 and  xcx_msg_u_type = 2 ) ) LIMIT 1 [ RunTime:0.000404s ]
[ sql ] [ SQL ] SELECT `ad_wechat` FROM `super_admin` WHERE  `ad_id` = 1 LIMIT 1 [ RunTime:0.000343s ]
[ sql ] [ SQL ] SELECT COUNT(xcx_msg_id) AS tp_count FROM `xcx_msg_content` WHERE  `xcx_msg_mp_id` = 20  AND `xcx_msg_isread` = 2  AND `xcx_msg_isable` = 1  AND (  ( xcx_msg_uid != 1 and xcx_msg_u_type = 1 ) or ( xcx_msg_uid != 1 and  xcx_msg_u_type = 2 ) ) LIMIT 1 [ RunTime:0.000401s ]
---------------------------------------------------------------
[ 2020-07-30T18:58:03+08:00 ] 127.0.0.1 POST www.huaxiang.com/xcx/index/unread.html
[运行时间：0.130745s] [吞吐率：7.65req/s] [内存消耗：2,727.38kb] [文件加载：55]
[ info ] [ LANG ] D:\phpStudy\PHPTutorial\WWW\newxcx\huaxiang\thinkphp\lang\zh-cn.php
[ info ] [ ROUTE ] array (
  'type' => 'module',
  'module' => 
  array (
    0 => 'xcx',
    1 => 'index',
    2 => 'unread',
  ),
)
[ info ] [ HEADER ] array (
  'host' => 'www.huaxiang.com',
  'connection' => 'keep-alive',
  'content-length' => '0',
  'accept' => 'application/json, text/javascript, */*; q=0.01',
  'origin' => 'http://www.huaxiang.com',
  'x-requested-with' => 'XMLHttpRequest',
  'user-agent' => 'Mozilla/5.0 (Windows NT 10.0; Win64; x64) AppleWebKit/537.36 (KHTML, like Gecko) Chrome/78.0.3904.70 Safari/537.36',
  'referer' => 'http://www.huaxiang.com/xcx/index/index.html',
  'accept-encoding' => 'gzip, deflate',
  'accept-language' => 'zh-CN,zh;q=0.9',
  'cookie' => 'PHPSESSID=bqfe9nb9ubu89f43u8bm3jel42',
)
[ info ] [ PARAM ] array (
  '/xcx/index/unread_html' => '',
)
[ info ] [ SESSION ] INIT array (
  'id' => '',
  'var_session_id' => '',
  'prefix' => 'think',
  'type' => '',
  'auto_start' => true,
)
[ info ] [ RUN ] app\xcx\controller\Index->unread[ D:\phpStudy\PHPTutorial\WWW\newxcx\huaxiang\application\xcx\controller\Index.php ]
[ info ] [ DB ] INIT mysql
[ info ] [ LOG ] INIT File
[ sql ] [ DB ] CONNECT:[ UseTime:0.001184s ] mysql:host=127.0.0.1;port=3306;dbname=xcxnew;charset=utf8mb4
[ sql ] [ SQL ] SHOW COLUMNS FROM `xcx_msg_person` [ RunTime:0.015177s ]
[ sql ] [ SQL ] SELECT `mp_id` FROM `xcx_msg_person` WHERE  (  (mp_u_id = 1 and mp_utype = 2 and mp_isable = 1) or (mp_ul_id = 1 and mp_ultype = 2 and  mp_isable = 1) or (mp_u_id = 1 and mp_utype = 1 and mp_isable = 1) or (mp_ul_id = 1 and mp_ultype = 1 and  mp_isable = 1) ) [ RunTime:0.000841s ]
[ sql ] [ SQL ] SHOW COLUMNS FROM `super_admin` [ RunTime:0.019309s ]
[ sql ] [ SQL ] SELECT `ad_wechat` FROM `super_admin` WHERE  `ad_id` = 1 LIMIT 1 [ RunTime:0.000739s ]
[ sql ] [ SQL ] SHOW COLUMNS FROM `xcx_msg_content` [ RunTime:0.020411s ]
[ sql ] [ SQL ] SELECT COUNT(xcx_msg_id) AS tp_count FROM `xcx_msg_content` WHERE  `xcx_msg_mp_id` = 17  AND `xcx_msg_isread` = 2  AND `xcx_msg_isable` = 1  AND (  ( xcx_msg_uid != 1 and xcx_msg_u_type = 1 ) or ( xcx_msg_uid != 1 and  xcx_msg_u_type = 2 ) ) LIMIT 1 [ RunTime:0.000824s ]
[ sql ] [ SQL ] SELECT `ad_wechat` FROM `super_admin` WHERE  `ad_id` = 1 LIMIT 1 [ RunTime:0.000459s ]
[ sql ] [ SQL ] SELECT COUNT(xcx_msg_id) AS tp_count FROM `xcx_msg_content` WHERE  `xcx_msg_mp_id` = 18  AND `xcx_msg_isread` = 2  AND `xcx_msg_isable` = 1  AND (  ( xcx_msg_uid != 1 and xcx_msg_u_type = 1 ) or ( xcx_msg_uid != 1 and  xcx_msg_u_type = 2 ) ) LIMIT 1 [ RunTime:0.000471s ]
[ sql ] [ SQL ] SELECT `ad_wechat` FROM `super_admin` WHERE  `ad_id` = 1 LIMIT 1 [ RunTime:0.000415s ]
[ sql ] [ SQL ] SELECT COUNT(xcx_msg_id) AS tp_count FROM `xcx_msg_content` WHERE  `xcx_msg_mp_id` = 19  AND `xcx_msg_isread` = 2  AND `xcx_msg_isable` = 1  AND (  ( xcx_msg_uid != 1 and xcx_msg_u_type = 1 ) or ( xcx_msg_uid != 1 and  xcx_msg_u_type = 2 ) ) LIMIT 1 [ RunTime:0.000478s ]
[ sql ] [ SQL ] SELECT `ad_wechat` FROM `super_admin` WHERE  `ad_id` = 1 LIMIT 1 [ RunTime:0.000449s ]
[ sql ] [ SQL ] SELECT COUNT(xcx_msg_id) AS tp_count FROM `xcx_msg_content` WHERE  `xcx_msg_mp_id` = 20  AND `xcx_msg_isread` = 2  AND `xcx_msg_isable` = 1  AND (  ( xcx_msg_uid != 1 and xcx_msg_u_type = 1 ) or ( xcx_msg_uid != 1 and  xcx_msg_u_type = 2 ) ) LIMIT 1 [ RunTime:0.000467s ]
---------------------------------------------------------------
[ 2020-07-30T18:58:18+08:00 ] 127.0.0.1 POST www.huaxiang.com/xcx/index/unread.html
[运行时间：0.108917s] [吞吐率：9.18req/s] [内存消耗：2,727.38kb] [文件加载：55]
[ info ] [ LANG ] D:\phpStudy\PHPTutorial\WWW\newxcx\huaxiang\thinkphp\lang\zh-cn.php
[ info ] [ ROUTE ] array (
  'type' => 'module',
  'module' => 
  array (
    0 => 'xcx',
    1 => 'index',
    2 => 'unread',
  ),
)
[ info ] [ HEADER ] array (
  'host' => 'www.huaxiang.com',
  'connection' => 'keep-alive',
  'content-length' => '0',
  'accept' => 'application/json, text/javascript, */*; q=0.01',
  'origin' => 'http://www.huaxiang.com',
  'x-requested-with' => 'XMLHttpRequest',
  'user-agent' => 'Mozilla/5.0 (Windows NT 10.0; Win64; x64) AppleWebKit/537.36 (KHTML, like Gecko) Chrome/78.0.3904.70 Safari/537.36',
  'referer' => 'http://www.huaxiang.com/xcx/index/index.html',
  'accept-encoding' => 'gzip, deflate',
  'accept-language' => 'zh-CN,zh;q=0.9',
  'cookie' => 'PHPSESSID=bqfe9nb9ubu89f43u8bm3jel42',
)
[ info ] [ PARAM ] array (
  '/xcx/index/unread_html' => '',
)
[ info ] [ SESSION ] INIT array (
  'id' => '',
  'var_session_id' => '',
  'prefix' => 'think',
  'type' => '',
  'auto_start' => true,
)
[ info ] [ RUN ] app\xcx\controller\Index->unread[ D:\phpStudy\PHPTutorial\WWW\newxcx\huaxiang\application\xcx\controller\Index.php ]
[ info ] [ DB ] INIT mysql
[ info ] [ LOG ] INIT File
[ sql ] [ DB ] CONNECT:[ UseTime:0.001208s ] mysql:host=127.0.0.1;port=3306;dbname=xcxnew;charset=utf8mb4
[ sql ] [ SQL ] SHOW COLUMNS FROM `xcx_msg_person` [ RunTime:0.014036s ]
[ sql ] [ SQL ] SELECT `mp_id` FROM `xcx_msg_person` WHERE  (  (mp_u_id = 1 and mp_utype = 2 and mp_isable = 1) or (mp_ul_id = 1 and mp_ultype = 2 and  mp_isable = 1) or (mp_u_id = 1 and mp_utype = 1 and mp_isable = 1) or (mp_ul_id = 1 and mp_ultype = 1 and  mp_isable = 1) ) [ RunTime:0.000486s ]
[ sql ] [ SQL ] SHOW COLUMNS FROM `super_admin` [ RunTime:0.013957s ]
[ sql ] [ SQL ] SELECT `ad_wechat` FROM `super_admin` WHERE  `ad_id` = 1 LIMIT 1 [ RunTime:0.000490s ]
[ sql ] [ SQL ] SHOW COLUMNS FROM `xcx_msg_content` [ RunTime:0.013545s ]
[ sql ] [ SQL ] SELECT COUNT(xcx_msg_id) AS tp_count FROM `xcx_msg_content` WHERE  `xcx_msg_mp_id` = 17  AND `xcx_msg_isread` = 2  AND `xcx_msg_isable` = 1  AND (  ( xcx_msg_uid != 1 and xcx_msg_u_type = 1 ) or ( xcx_msg_uid != 1 and  xcx_msg_u_type = 2 ) ) LIMIT 1 [ RunTime:0.000543s ]
[ sql ] [ SQL ] SELECT `ad_wechat` FROM `super_admin` WHERE  `ad_id` = 1 LIMIT 1 [ RunTime:0.000379s ]
[ sql ] [ SQL ] SELECT COUNT(xcx_msg_id) AS tp_count FROM `xcx_msg_content` WHERE  `xcx_msg_mp_id` = 18  AND `xcx_msg_isread` = 2  AND `xcx_msg_isable` = 1  AND (  ( xcx_msg_uid != 1 and xcx_msg_u_type = 1 ) or ( xcx_msg_uid != 1 and  xcx_msg_u_type = 2 ) ) LIMIT 1 [ RunTime:0.000404s ]
[ sql ] [ SQL ] SELECT `ad_wechat` FROM `super_admin` WHERE  `ad_id` = 1 LIMIT 1 [ RunTime:0.000343s ]
[ sql ] [ SQL ] SELECT COUNT(xcx_msg_id) AS tp_count FROM `xcx_msg_content` WHERE  `xcx_msg_mp_id` = 19  AND `xcx_msg_isread` = 2  AND `xcx_msg_isable` = 1  AND (  ( xcx_msg_uid != 1 and xcx_msg_u_type = 1 ) or ( xcx_msg_uid != 1 and  xcx_msg_u_type = 2 ) ) LIMIT 1 [ RunTime:0.000401s ]
[ sql ] [ SQL ] SELECT `ad_wechat` FROM `super_admin` WHERE  `ad_id` = 1 LIMIT 1 [ RunTime:0.000346s ]
[ sql ] [ SQL ] SELECT COUNT(xcx_msg_id) AS tp_count FROM `xcx_msg_content` WHERE  `xcx_msg_mp_id` = 20  AND `xcx_msg_isread` = 2  AND `xcx_msg_isable` = 1  AND (  ( xcx_msg_uid != 1 and xcx_msg_u_type = 1 ) or ( xcx_msg_uid != 1 and  xcx_msg_u_type = 2 ) ) LIMIT 1 [ RunTime:0.000471s ]
---------------------------------------------------------------
[ 2020-07-30T18:58:29+08:00 ] 127.0.0.1 POST www.huaxiang.com/xcx/index/unread.html
[运行时间：0.136571s] [吞吐率：7.32req/s] [内存消耗：2,727.38kb] [文件加载：55]
[ info ] [ LANG ] D:\phpStudy\PHPTutorial\WWW\newxcx\huaxiang\thinkphp\lang\zh-cn.php
[ info ] [ ROUTE ] array (
  'type' => 'module',
  'module' => 
  array (
    0 => 'xcx',
    1 => 'index',
    2 => 'unread',
  ),
)
[ info ] [ HEADER ] array (
  'host' => 'www.huaxiang.com',
  'connection' => 'keep-alive',
  'content-length' => '0',
  'accept' => 'application/json, text/javascript, */*; q=0.01',
  'origin' => 'http://www.huaxiang.com',
  'x-requested-with' => 'XMLHttpRequest',
  'user-agent' => 'Mozilla/5.0 (Windows NT 10.0; Win64; x64) AppleWebKit/537.36 (KHTML, like Gecko) Chrome/78.0.3904.70 Safari/537.36',
  'referer' => 'http://www.huaxiang.com/xcx/index/index.html',
  'accept-encoding' => 'gzip, deflate',
  'accept-language' => 'zh-CN,zh;q=0.9',
  'cookie' => 'PHPSESSID=bqfe9nb9ubu89f43u8bm3jel42',
)
[ info ] [ PARAM ] array (
  '/xcx/index/unread_html' => '',
)
[ info ] [ SESSION ] INIT array (
  'id' => '',
  'var_session_id' => '',
  'prefix' => 'think',
  'type' => '',
  'auto_start' => true,
)
[ info ] [ RUN ] app\xcx\controller\Index->unread[ D:\phpStudy\PHPTutorial\WWW\newxcx\huaxiang\application\xcx\controller\Index.php ]
[ info ] [ DB ] INIT mysql
[ info ] [ LOG ] INIT File
[ sql ] [ DB ] CONNECT:[ UseTime:0.001055s ] mysql:host=127.0.0.1;port=3306;dbname=xcxnew;charset=utf8mb4
[ sql ] [ SQL ] SHOW COLUMNS FROM `xcx_msg_person` [ RunTime:0.014285s ]
[ sql ] [ SQL ] SELECT `mp_id` FROM `xcx_msg_person` WHERE  (  (mp_u_id = 1 and mp_utype = 2 and mp_isable = 1) or (mp_ul_id = 1 and mp_ultype = 2 and  mp_isable = 1) or (mp_u_id = 1 and mp_utype = 1 and mp_isable = 1) or (mp_ul_id = 1 and mp_ultype = 1 and  mp_isable = 1) ) [ RunTime:0.000783s ]
[ sql ] [ SQL ] SHOW COLUMNS FROM `super_admin` [ RunTime:0.024280s ]
[ sql ] [ SQL ] SELECT `ad_wechat` FROM `super_admin` WHERE  `ad_id` = 1 LIMIT 1 [ RunTime:0.000630s ]
[ sql ] [ SQL ] SHOW COLUMNS FROM `xcx_msg_content` [ RunTime:0.023364s ]
[ sql ] [ SQL ] SELECT COUNT(xcx_msg_id) AS tp_count FROM `xcx_msg_content` WHERE  `xcx_msg_mp_id` = 17  AND `xcx_msg_isread` = 2  AND `xcx_msg_isable` = 1  AND (  ( xcx_msg_uid != 1 and xcx_msg_u_type = 1 ) or ( xcx_msg_uid != 1 and  xcx_msg_u_type = 2 ) ) LIMIT 1 [ RunTime:0.000570s ]
[ sql ] [ SQL ] SELECT `ad_wechat` FROM `super_admin` WHERE  `ad_id` = 1 LIMIT 1 [ RunTime:0.000383s ]
[ sql ] [ SQL ] SELECT COUNT(xcx_msg_id) AS tp_count FROM `xcx_msg_content` WHERE  `xcx_msg_mp_id` = 18  AND `xcx_msg_isread` = 2  AND `xcx_msg_isable` = 1  AND (  ( xcx_msg_uid != 1 and xcx_msg_u_type = 1 ) or ( xcx_msg_uid != 1 and  xcx_msg_u_type = 2 ) ) LIMIT 1 [ RunTime:0.000422s ]
[ sql ] [ SQL ] SELECT `ad_wechat` FROM `super_admin` WHERE  `ad_id` = 1 LIMIT 1 [ RunTime:0.000359s ]
[ sql ] [ SQL ] SELECT COUNT(xcx_msg_id) AS tp_count FROM `xcx_msg_content` WHERE  `xcx_msg_mp_id` = 19  AND `xcx_msg_isread` = 2  AND `xcx_msg_isable` = 1  AND (  ( xcx_msg_uid != 1 and xcx_msg_u_type = 1 ) or ( xcx_msg_uid != 1 and  xcx_msg_u_type = 2 ) ) LIMIT 1 [ RunTime:0.000407s ]
[ sql ] [ SQL ] SELECT `ad_wechat` FROM `super_admin` WHERE  `ad_id` = 1 LIMIT 1 [ RunTime:0.000345s ]
[ sql ] [ SQL ] SELECT COUNT(xcx_msg_id) AS tp_count FROM `xcx_msg_content` WHERE  `xcx_msg_mp_id` = 20  AND `xcx_msg_isread` = 2  AND `xcx_msg_isable` = 1  AND (  ( xcx_msg_uid != 1 and xcx_msg_u_type = 1 ) or ( xcx_msg_uid != 1 and  xcx_msg_u_type = 2 ) ) LIMIT 1 [ RunTime:0.000393s ]
---------------------------------------------------------------
[ 2020-07-30T18:58:33+08:00 ] 127.0.0.1 POST www.huaxiang.com/xcx/index/unread.html
[运行时间：0.154582s] [吞吐率：6.47req/s] [内存消耗：2,727.38kb] [文件加载：55]
[ info ] [ LANG ] D:\phpStudy\PHPTutorial\WWW\newxcx\huaxiang\thinkphp\lang\zh-cn.php
[ info ] [ ROUTE ] array (
  'type' => 'module',
  'module' => 
  array (
    0 => 'xcx',
    1 => 'index',
    2 => 'unread',
  ),
)
[ info ] [ HEADER ] array (
  'host' => 'www.huaxiang.com',
  'connection' => 'keep-alive',
  'content-length' => '0',
  'accept' => 'application/json, text/javascript, */*; q=0.01',
  'origin' => 'http://www.huaxiang.com',
  'x-requested-with' => 'XMLHttpRequest',
  'user-agent' => 'Mozilla/5.0 (Windows NT 10.0; Win64; x64) AppleWebKit/537.36 (KHTML, like Gecko) Chrome/78.0.3904.70 Safari/537.36',
  'referer' => 'http://www.huaxiang.com/xcx/index/index.html',
  'accept-encoding' => 'gzip, deflate',
  'accept-language' => 'zh-CN,zh;q=0.9',
  'cookie' => 'PHPSESSID=bqfe9nb9ubu89f43u8bm3jel42',
)
[ info ] [ PARAM ] array (
  '/xcx/index/unread_html' => '',
)
[ info ] [ SESSION ] INIT array (
  'id' => '',
  'var_session_id' => '',
  'prefix' => 'think',
  'type' => '',
  'auto_start' => true,
)
[ info ] [ RUN ] app\xcx\controller\Index->unread[ D:\phpStudy\PHPTutorial\WWW\newxcx\huaxiang\application\xcx\controller\Index.php ]
[ info ] [ DB ] INIT mysql
[ info ] [ LOG ] INIT File
[ sql ] [ DB ] CONNECT:[ UseTime:0.006177s ] mysql:host=127.0.0.1;port=3306;dbname=xcxnew;charset=utf8mb4
[ sql ] [ SQL ] SHOW COLUMNS FROM `xcx_msg_person` [ RunTime:0.027547s ]
[ sql ] [ SQL ] SELECT `mp_id` FROM `xcx_msg_person` WHERE  (  (mp_u_id = 1 and mp_utype = 2 and mp_isable = 1) or (mp_ul_id = 1 and mp_ultype = 2 and  mp_isable = 1) or (mp_u_id = 1 and mp_utype = 1 and mp_isable = 1) or (mp_ul_id = 1 and mp_ultype = 1 and  mp_isable = 1) ) [ RunTime:0.001663s ]
[ sql ] [ SQL ] SHOW COLUMNS FROM `super_admin` [ RunTime:0.019095s ]
[ sql ] [ SQL ] SELECT `ad_wechat` FROM `super_admin` WHERE  `ad_id` = 1 LIMIT 1 [ RunTime:0.000992s ]
[ sql ] [ SQL ] SHOW COLUMNS FROM `xcx_msg_content` [ RunTime:0.018892s ]
[ sql ] [ SQL ] SELECT COUNT(xcx_msg_id) AS tp_count FROM `xcx_msg_content` WHERE  `xcx_msg_mp_id` = 17  AND `xcx_msg_isread` = 2  AND `xcx_msg_isable` = 1  AND (  ( xcx_msg_uid != 1 and xcx_msg_u_type = 1 ) or ( xcx_msg_uid != 1 and  xcx_msg_u_type = 2 ) ) LIMIT 1 [ RunTime:0.001549s ]
[ sql ] [ SQL ] SELECT `ad_wechat` FROM `super_admin` WHERE  `ad_id` = 1 LIMIT 1 [ RunTime:0.000868s ]
[ sql ] [ SQL ] SELECT COUNT(xcx_msg_id) AS tp_count FROM `xcx_msg_content` WHERE  `xcx_msg_mp_id` = 18  AND `xcx_msg_isread` = 2  AND `xcx_msg_isable` = 1  AND (  ( xcx_msg_uid != 1 and xcx_msg_u_type = 1 ) or ( xcx_msg_uid != 1 and  xcx_msg_u_type = 2 ) ) LIMIT 1 [ RunTime:0.000732s ]
[ sql ] [ SQL ] SELECT `ad_wechat` FROM `super_admin` WHERE  `ad_id` = 1 LIMIT 1 [ RunTime:0.000751s ]
[ sql ] [ SQL ] SELECT COUNT(xcx_msg_id) AS tp_count FROM `xcx_msg_content` WHERE  `xcx_msg_mp_id` = 19  AND `xcx_msg_isread` = 2  AND `xcx_msg_isable` = 1  AND (  ( xcx_msg_uid != 1 and xcx_msg_u_type = 1 ) or ( xcx_msg_uid != 1 and  xcx_msg_u_type = 2 ) ) LIMIT 1 [ RunTime:0.000809s ]
[ sql ] [ SQL ] SELECT `ad_wechat` FROM `super_admin` WHERE  `ad_id` = 1 LIMIT 1 [ RunTime:0.000738s ]
[ sql ] [ SQL ] SELECT COUNT(xcx_msg_id) AS tp_count FROM `xcx_msg_content` WHERE  `xcx_msg_mp_id` = 20  AND `xcx_msg_isread` = 2  AND `xcx_msg_isable` = 1  AND (  ( xcx_msg_uid != 1 and xcx_msg_u_type = 1 ) or ( xcx_msg_uid != 1 and  xcx_msg_u_type = 2 ) ) LIMIT 1 [ RunTime:0.000683s ]
