---------------------------------------------------------------
[ 2020-04-21T14:48:50+08:00 ] 127.0.0.1 GET www.huaxiang.com/xcx/house/index.html
[运行时间：0.089355s] [吞吐率：11.19req/s] [内存消耗：1,734.38kb] [文件加载：47]
[ info ] [ LANG ] D:\phpStudy\PHPTutorial\WWW\newxcx\huaxiang\thinkphp\lang\zh-cn.php
[ info ] [ ROUTE ] array (
  'type' => 'module',
  'module' => 
  array (
    0 => 'xcx',
    1 => 'house',
    2 => 'index',
  ),
)
[ info ] [ HEADER ] array (
  'cookie' => 'PHPSESSID=nkvsqeublnkcu1lt27akn91sg7',
  'accept-language' => 'zh-CN,zh;q=0.9',
  'accept-encoding' => 'gzip, deflate',
  'referer' => 'http://www.huaxiang.com/xcx/index/index.html',
  'accept' => 'text/html,application/xhtml+xml,application/xml;q=0.9,image/webp,image/apng,*/*;q=0.8,application/signed-exchange;v=b3',
  'user-agent' => 'Mozilla/5.0 (Windows NT 10.0; Win64; x64) AppleWebKit/537.36 (KHTML, like Gecko) Chrome/78.0.3904.70 Safari/537.36',
  'upgrade-insecure-requests' => '1',
  'connection' => 'close',
  'host' => 'www.huaxiang.com',
)
[ info ] [ PARAM ] array (
  '/xcx/house/index_html' => '',
)
[ info ] [ SESSION ] INIT array (
  'id' => '',
  'var_session_id' => '',
  'prefix' => 'think',
  'type' => '',
  'auto_start' => true,
)
[ info ] [ RUN ] app\xcx\controller\House->index[ D:\phpStudy\PHPTutorial\WWW\newxcx\huaxiang\application\xcx\controller\House.php ]
[ info ] [ VIEW ] D:\phpStudy\PHPTutorial\WWW\newxcx\huaxiang\public/../application/xcx\view\house\index.html [ array (
) ]
[ info ] [ LOG ] INIT File
---------------------------------------------------------------
[ 2020-04-21T14:48:50+08:00 ] 127.0.0.1 GET www.huaxiang.com/xcx/house/houseData/?page=1&limit=20
[运行时间：0.174255s] [吞吐率：5.74req/s] [内存消耗：2,235.76kb] [文件加载：52]
[ info ] [ LANG ] D:\phpStudy\PHPTutorial\WWW\newxcx\huaxiang\thinkphp\lang\zh-cn.php
[ info ] [ ROUTE ] array (
  'type' => 'module',
  'module' => 
  array (
    0 => 'xcx',
    1 => 'house',
    2 => 'houseData',
  ),
)
[ info ] [ HEADER ] array (
  'cookie' => 'PHPSESSID=nkvsqeublnkcu1lt27akn91sg7',
  'accept-language' => 'zh-CN,zh;q=0.9',
  'accept-encoding' => 'gzip, deflate',
  'referer' => 'http://www.huaxiang.com/xcx/house/index.html',
  'user-agent' => 'Mozilla/5.0 (Windows NT 10.0; Win64; x64) AppleWebKit/537.36 (KHTML, like Gecko) Chrome/78.0.3904.70 Safari/537.36',
  'x-requested-with' => 'XMLHttpRequest',
  'accept' => 'application/json, text/javascript, */*; q=0.01',
  'connection' => 'close',
  'host' => 'www.huaxiang.com',
)
[ info ] [ PARAM ] array (
  '/xcx/house/houseData/' => '',
  'page' => '1',
  'limit' => '20',
)
[ info ] [ SESSION ] INIT array (
  'id' => '',
  'var_session_id' => '',
  'prefix' => 'think',
  'type' => '',
  'auto_start' => true,
)
[ info ] [ RUN ] app\xcx\controller\House->houseData[ D:\phpStudy\PHPTutorial\WWW\newxcx\huaxiang\application\xcx\controller\House.php ]
[ info ] [ DB ] INIT mysql
[ info ] [ LOG ] INIT File
[ sql ] [ DB ] CONNECT:[ UseTime:0.030349s ] mysql:host=127.0.0.1;port=3306;dbname=xcxnew;charset=utf8mb4
[ sql ] [ SQL ] SHOW COLUMNS FROM `tk_houses` [ RunTime:0.048300s ]
[ sql ] [ SQL ] SELECT COUNT(*) AS tp_count FROM `tk_houses` WHERE  (   1 = 1 ) LIMIT 1 [ RunTime:0.000861s ]
[ sql ] [ SQL ] SELECT * FROM `tk_houses` WHERE  (   1 = 1 ) ORDER BY `top` DESC,`mdate` DESC LIMIT 0,20 [ RunTime:0.016829s ]
---------------------------------------------------------------
[ 2020-04-21T14:48:51+08:00 ] 127.0.0.1 GET www.huaxiang.com/xcx/house/add.html
[运行时间：0.247231s] [吞吐率：4.04req/s] [内存消耗：2,431.96kb] [文件加载：54]
[ info ] [ LANG ] D:\phpStudy\PHPTutorial\WWW\newxcx\huaxiang\thinkphp\lang\zh-cn.php
[ info ] [ ROUTE ] array (
  'type' => 'module',
  'module' => 
  array (
    0 => 'xcx',
    1 => 'house',
    2 => 'add',
  ),
)
[ info ] [ HEADER ] array (
  'cookie' => 'PHPSESSID=nkvsqeublnkcu1lt27akn91sg7',
  'accept-language' => 'zh-CN,zh;q=0.9',
  'accept-encoding' => 'gzip, deflate',
  'referer' => 'http://www.huaxiang.com/xcx/house/index.html',
  'accept' => 'text/html,application/xhtml+xml,application/xml;q=0.9,image/webp,image/apng,*/*;q=0.8,application/signed-exchange;v=b3',
  'user-agent' => 'Mozilla/5.0 (Windows NT 10.0; Win64; x64) AppleWebKit/537.36 (KHTML, like Gecko) Chrome/78.0.3904.70 Safari/537.36',
  'upgrade-insecure-requests' => '1',
  'connection' => 'close',
  'host' => 'www.huaxiang.com',
)
[ info ] [ PARAM ] array (
  '/xcx/house/add_html' => '',
)
[ info ] [ SESSION ] INIT array (
  'id' => '',
  'var_session_id' => '',
  'prefix' => 'think',
  'type' => '',
  'auto_start' => true,
)
[ info ] [ RUN ] app\xcx\controller\House->add[ D:\phpStudy\PHPTutorial\WWW\newxcx\huaxiang\application\xcx\controller\House.php ]
[ info ] [ DB ] INIT mysql
[ info ] [ VIEW ] D:\phpStudy\PHPTutorial\WWW\newxcx\huaxiang\public/../application/xcx\view\house\add.html [ array (
  0 => 'city',
  1 => 'apartemnt',
) ]
[ info ] [ LOG ] INIT File
[ sql ] [ DB ] CONNECT:[ UseTime:0.001447s ] mysql:host=127.0.0.1;port=3306;dbname=xcxnew;charset=utf8mb4
[ sql ] [ SQL ] SHOW COLUMNS FROM `tk_apartment` [ RunTime:0.049974s ]
[ sql ] [ SQL ] SELECT `id`,`title`,`content`,`thumbnail` FROM `tk_apartment` WHERE  `status` = 1 [ RunTime:0.017234s ]
[ sql ] [ SQL ] SHOW COLUMNS FROM `tk_cate` [ RunTime:0.048858s ]
[ sql ] [ SQL ] SELECT * FROM `tk_cate` WHERE  `pid` = 0 [ RunTime:0.014296s ]
---------------------------------------------------------------
[ 2020-04-21T15:02:18+08:00 ] 127.0.0.1 GET www.huaxiang.com/xcx/house/index.html
[运行时间：0.059446s] [吞吐率：16.82req/s] [内存消耗：1,603.16kb] [文件加载：45]
[ info ] [ LANG ] D:\phpStudy\PHPTutorial\WWW\newxcx\huaxiang\thinkphp\lang\zh-cn.php
[ info ] [ ROUTE ] array (
  'type' => 'module',
  'module' => 
  array (
    0 => 'xcx',
    1 => 'house',
    2 => 'index',
  ),
)
[ info ] [ HEADER ] array (
  'cookie' => 'PHPSESSID=nkvsqeublnkcu1lt27akn91sg7',
  'accept-language' => 'zh-CN,zh;q=0.9',
  'accept-encoding' => 'gzip, deflate',
  'referer' => 'http://www.huaxiang.com/xcx/index/index.html',
  'accept' => 'text/html,application/xhtml+xml,application/xml;q=0.9,image/webp,image/apng,*/*;q=0.8,application/signed-exchange;v=b3',
  'user-agent' => 'Mozilla/5.0 (Windows NT 10.0; Win64; x64) AppleWebKit/537.36 (KHTML, like Gecko) Chrome/78.0.3904.70 Safari/537.36',
  'upgrade-insecure-requests' => '1',
  'connection' => 'close',
  'host' => 'www.huaxiang.com',
)
[ info ] [ PARAM ] array (
  '/xcx/house/index_html' => '',
)
[ info ] [ SESSION ] INIT array (
  'id' => '',
  'var_session_id' => '',
  'prefix' => 'think',
  'type' => '',
  'auto_start' => true,
)
[ info ] [ RUN ] app\xcx\controller\House->index[ D:\phpStudy\PHPTutorial\WWW\newxcx\huaxiang\application\xcx\controller\House.php ]
[ info ] [ VIEW ] D:\phpStudy\PHPTutorial\WWW\newxcx\huaxiang\public/../application/xcx\view\house\index.html [ array (
) ]
[ info ] [ LOG ] INIT File
---------------------------------------------------------------
[ 2020-04-21T15:02:19+08:00 ] 127.0.0.1 GET www.huaxiang.com/xcx/house/houseData/?page=1&limit=20
[运行时间：0.104784s] [吞吐率：9.54req/s] [内存消耗：2,235.76kb] [文件加载：52]
[ info ] [ LANG ] D:\phpStudy\PHPTutorial\WWW\newxcx\huaxiang\thinkphp\lang\zh-cn.php
[ info ] [ ROUTE ] array (
  'type' => 'module',
  'module' => 
  array (
    0 => 'xcx',
    1 => 'house',
    2 => 'houseData',
  ),
)
[ info ] [ HEADER ] array (
  'cookie' => 'PHPSESSID=nkvsqeublnkcu1lt27akn91sg7',
  'accept-language' => 'zh-CN,zh;q=0.9',
  'accept-encoding' => 'gzip, deflate',
  'referer' => 'http://www.huaxiang.com/xcx/house/index.html',
  'user-agent' => 'Mozilla/5.0 (Windows NT 10.0; Win64; x64) AppleWebKit/537.36 (KHTML, like Gecko) Chrome/78.0.3904.70 Safari/537.36',
  'x-requested-with' => 'XMLHttpRequest',
  'accept' => 'application/json, text/javascript, */*; q=0.01',
  'connection' => 'close',
  'host' => 'www.huaxiang.com',
)
[ info ] [ PARAM ] array (
  '/xcx/house/houseData/' => '',
  'page' => '1',
  'limit' => '20',
)
[ info ] [ SESSION ] INIT array (
  'id' => '',
  'var_session_id' => '',
  'prefix' => 'think',
  'type' => '',
  'auto_start' => true,
)
[ info ] [ RUN ] app\xcx\controller\House->houseData[ D:\phpStudy\PHPTutorial\WWW\newxcx\huaxiang\application\xcx\controller\House.php ]
[ info ] [ DB ] INIT mysql
[ info ] [ LOG ] INIT File
[ sql ] [ DB ] CONNECT:[ UseTime:0.004457s ] mysql:host=127.0.0.1;port=3306;dbname=xcxnew;charset=utf8mb4
[ sql ] [ SQL ] SHOW COLUMNS FROM `tk_houses` [ RunTime:0.018481s ]
[ sql ] [ SQL ] SELECT COUNT(*) AS tp_count FROM `tk_houses` WHERE  (   1 = 1 ) LIMIT 1 [ RunTime:0.000766s ]
[ sql ] [ SQL ] SELECT * FROM `tk_houses` WHERE  (   1 = 1 ) ORDER BY `top` DESC,`mdate` DESC LIMIT 0,20 [ RunTime:0.001835s ]
---------------------------------------------------------------
[ 2020-04-21T15:02:20+08:00 ] 127.0.0.1 GET www.huaxiang.com/xcx/house/add.html
[运行时间：0.095350s] [吞吐率：10.49req/s] [内存消耗：2,275.12kb] [文件加载：52]
[ info ] [ LANG ] D:\phpStudy\PHPTutorial\WWW\newxcx\huaxiang\thinkphp\lang\zh-cn.php
[ info ] [ ROUTE ] array (
  'type' => 'module',
  'module' => 
  array (
    0 => 'xcx',
    1 => 'house',
    2 => 'add',
  ),
)
[ info ] [ HEADER ] array (
  'cookie' => 'PHPSESSID=nkvsqeublnkcu1lt27akn91sg7',
  'accept-language' => 'zh-CN,zh;q=0.9',
  'accept-encoding' => 'gzip, deflate',
  'referer' => 'http://www.huaxiang.com/xcx/house/index.html',
  'accept' => 'text/html,application/xhtml+xml,application/xml;q=0.9,image/webp,image/apng,*/*;q=0.8,application/signed-exchange;v=b3',
  'user-agent' => 'Mozilla/5.0 (Windows NT 10.0; Win64; x64) AppleWebKit/537.36 (KHTML, like Gecko) Chrome/78.0.3904.70 Safari/537.36',
  'upgrade-insecure-requests' => '1',
  'connection' => 'close',
  'host' => 'www.huaxiang.com',
)
[ info ] [ PARAM ] array (
  '/xcx/house/add_html' => '',
)
[ info ] [ SESSION ] INIT array (
  'id' => '',
  'var_session_id' => '',
  'prefix' => 'think',
  'type' => '',
  'auto_start' => true,
)
[ info ] [ RUN ] app\xcx\controller\House->add[ D:\phpStudy\PHPTutorial\WWW\newxcx\huaxiang\application\xcx\controller\House.php ]
[ info ] [ DB ] INIT mysql
[ info ] [ VIEW ] D:\phpStudy\PHPTutorial\WWW\newxcx\huaxiang\public/../application/xcx\view\house\add.html [ array (
  0 => 'city',
  1 => 'apartemnt',
) ]
[ info ] [ LOG ] INIT File
[ sql ] [ DB ] CONNECT:[ UseTime:0.001214s ] mysql:host=127.0.0.1;port=3306;dbname=xcxnew;charset=utf8mb4
[ sql ] [ SQL ] SHOW COLUMNS FROM `tk_apartment` [ RunTime:0.016607s ]
[ sql ] [ SQL ] SELECT `id`,`title`,`content`,`thumbnail` FROM `tk_apartment` WHERE  `status` = 1 [ RunTime:0.001071s ]
[ sql ] [ SQL ] SHOW COLUMNS FROM `tk_cate` [ RunTime:0.014570s ]
[ sql ] [ SQL ] SELECT * FROM `tk_cate` WHERE  `pid` = 0 [ RunTime:0.000836s ]
---------------------------------------------------------------
[ 2020-04-21T15:02:29+08:00 ] 127.0.0.1 POST www.huaxiang.com/xcx/house/getschool.html
[运行时间：0.086308s] [吞吐率：11.59req/s] [内存消耗：2,171.24kb] [文件加载：51]
[ info ] [ LANG ] D:\phpStudy\PHPTutorial\WWW\newxcx\huaxiang\thinkphp\lang\zh-cn.php
[ info ] [ ROUTE ] array (
  'type' => 'module',
  'module' => 
  array (
    0 => 'xcx',
    1 => 'house',
    2 => 'getschool',
  ),
)
[ info ] [ HEADER ] array (
  'cookie' => 'PHPSESSID=nkvsqeublnkcu1lt27akn91sg7',
  'accept-language' => 'zh-CN,zh;q=0.9',
  'accept-encoding' => 'gzip, deflate',
  'referer' => 'http://www.huaxiang.com/xcx/house/add.html',
  'content-type' => 'application/x-www-form-urlencoded; charset=UTF-8',
  'user-agent' => 'Mozilla/5.0 (Windows NT 10.0; Win64; x64) AppleWebKit/537.36 (KHTML, like Gecko) Chrome/78.0.3904.70 Safari/537.36',
  'x-requested-with' => 'XMLHttpRequest',
  'origin' => 'http://www.huaxiang.com',
  'accept' => 'application/json, text/javascript, */*; q=0.01',
  'content-length' => '5',
  'connection' => 'close',
  'host' => 'www.huaxiang.com',
)
[ info ] [ PARAM ] array (
  '/xcx/house/getschool_html' => '',
  'id' => '28',
)
[ info ] [ SESSION ] INIT array (
  'id' => '',
  'var_session_id' => '',
  'prefix' => 'think',
  'type' => '',
  'auto_start' => true,
)
[ info ] [ RUN ] app\xcx\controller\House->getSchool[ D:\phpStudy\PHPTutorial\WWW\newxcx\huaxiang\application\xcx\controller\House.php ]
[ info ] [ DB ] INIT mysql
[ info ] [ LOG ] INIT File
[ sql ] [ DB ] CONNECT:[ UseTime:0.001140s ] mysql:host=127.0.0.1;port=3306;dbname=xcxnew;charset=utf8mb4
[ sql ] [ SQL ] SHOW COLUMNS FROM `tk_cate` [ RunTime:0.017703s ]
[ sql ] [ SQL ] SELECT * FROM `tk_cate` WHERE  `pid` = 28  AND `type` = 2 ORDER BY `id` ASC [ RunTime:0.002269s ]
---------------------------------------------------------------
[ 2020-04-21T15:02:33+08:00 ] 127.0.0.1 POST www.huaxiang.com/xcx/house/getschool.html
[运行时间：0.084722s] [吞吐率：11.80req/s] [内存消耗：2,162.59kb] [文件加载：51]
[ info ] [ LANG ] D:\phpStudy\PHPTutorial\WWW\newxcx\huaxiang\thinkphp\lang\zh-cn.php
[ info ] [ ROUTE ] array (
  'type' => 'module',
  'module' => 
  array (
    0 => 'xcx',
    1 => 'house',
    2 => 'getschool',
  ),
)
[ info ] [ HEADER ] array (
  'cookie' => 'PHPSESSID=nkvsqeublnkcu1lt27akn91sg7',
  'accept-language' => 'zh-CN,zh;q=0.9',
  'accept-encoding' => 'gzip, deflate',
  'referer' => 'http://www.huaxiang.com/xcx/house/add.html',
  'content-type' => 'application/x-www-form-urlencoded; charset=UTF-8',
  'user-agent' => 'Mozilla/5.0 (Windows NT 10.0; Win64; x64) AppleWebKit/537.36 (KHTML, like Gecko) Chrome/78.0.3904.70 Safari/537.36',
  'x-requested-with' => 'XMLHttpRequest',
  'origin' => 'http://www.huaxiang.com',
  'accept' => 'application/json, text/javascript, */*; q=0.01',
  'content-length' => '3',
  'connection' => 'close',
  'host' => 'www.huaxiang.com',
)
[ info ] [ PARAM ] array (
  '/xcx/house/getschool_html' => '',
  'id' => '',
)
[ info ] [ SESSION ] INIT array (
  'id' => '',
  'var_session_id' => '',
  'prefix' => 'think',
  'type' => '',
  'auto_start' => true,
)
[ info ] [ RUN ] app\xcx\controller\House->getSchool[ D:\phpStudy\PHPTutorial\WWW\newxcx\huaxiang\application\xcx\controller\House.php ]
[ info ] [ DB ] INIT mysql
[ info ] [ LOG ] INIT File
[ sql ] [ DB ] CONNECT:[ UseTime:0.001447s ] mysql:host=127.0.0.1;port=3306;dbname=xcxnew;charset=utf8mb4
[ sql ] [ SQL ] SHOW COLUMNS FROM `tk_cate` [ RunTime:0.019530s ]
[ sql ] [ SQL ] SELECT * FROM `tk_cate` WHERE  `pid` = 0  AND `type` = 2 ORDER BY `id` ASC [ RunTime:0.000965s ]
---------------------------------------------------------------
[ 2020-04-21T17:24:20+08:00 ] 127.0.0.1 GET www.huaxiang.com/xcx/house/index.html
[运行时间：0.700581s] [吞吐率：1.43req/s] [内存消耗：1,603.16kb] [文件加载：45]
[ info ] [ LANG ] D:\phpStudy\PHPTutorial\WWW\newxcx\huaxiang\thinkphp\lang\zh-cn.php
[ info ] [ ROUTE ] array (
  'type' => 'module',
  'module' => 
  array (
    0 => 'xcx',
    1 => 'house',
    2 => 'index',
  ),
)
[ info ] [ HEADER ] array (
  'cookie' => 'PHPSESSID=nkvsqeublnkcu1lt27akn91sg7',
  'accept-language' => 'zh-CN,zh;q=0.9',
  'accept-encoding' => 'gzip, deflate',
  'referer' => 'http://www.huaxiang.com/xcx/index/index.html',
  'accept' => 'text/html,application/xhtml+xml,application/xml;q=0.9,image/webp,image/apng,*/*;q=0.8,application/signed-exchange;v=b3',
  'user-agent' => 'Mozilla/5.0 (Windows NT 10.0; Win64; x64) AppleWebKit/537.36 (KHTML, like Gecko) Chrome/78.0.3904.70 Safari/537.36',
  'upgrade-insecure-requests' => '1',
  'connection' => 'close',
  'host' => 'www.huaxiang.com',
)
[ info ] [ PARAM ] array (
  '/xcx/house/index_html' => '',
)
[ info ] [ SESSION ] INIT array (
  'id' => '',
  'var_session_id' => '',
  'prefix' => 'think',
  'type' => '',
  'auto_start' => true,
)
[ info ] [ RUN ] app\xcx\controller\House->index[ D:\phpStudy\PHPTutorial\WWW\newxcx\huaxiang\application\xcx\controller\House.php ]
[ info ] [ VIEW ] D:\phpStudy\PHPTutorial\WWW\newxcx\huaxiang\public/../application/xcx\view\house\index.html [ array (
) ]
[ info ] [ LOG ] INIT File
---------------------------------------------------------------
[ 2020-04-21T17:24:21+08:00 ] 127.0.0.1 GET www.huaxiang.com/xcx/house/index.html
[运行时间：0.043054s] [吞吐率：23.23req/s] [内存消耗：1,602.41kb] [文件加载：45]
[ info ] [ LANG ] D:\phpStudy\PHPTutorial\WWW\newxcx\huaxiang\thinkphp\lang\zh-cn.php
[ info ] [ ROUTE ] array (
  'type' => 'module',
  'module' => 
  array (
    0 => 'xcx',
    1 => 'house',
    2 => 'index',
  ),
)
[ info ] [ HEADER ] array (
  'cookie' => 'PHPSESSID=nkvsqeublnkcu1lt27akn91sg7',
  'accept-language' => 'zh-CN,zh;q=0.9',
  'accept-encoding' => 'gzip, deflate',
  'referer' => 'http://www.huaxiang.com/xcx/index/index.html',
  'accept' => 'text/html,application/xhtml+xml,application/xml;q=0.9,image/webp,image/apng,*/*;q=0.8,application/signed-exchange;v=b3',
  'user-agent' => 'Mozilla/5.0 (Windows NT 10.0; Win64; x64) AppleWebKit/537.36 (KHTML, like Gecko) Chrome/78.0.3904.70 Safari/537.36',
  'upgrade-insecure-requests' => '1',
  'connection' => 'close',
  'host' => 'www.huaxiang.com',
)
[ info ] [ PARAM ] array (
  '/xcx/house/index_html' => '',
)
[ info ] [ SESSION ] INIT array (
  'id' => '',
  'var_session_id' => '',
  'prefix' => 'think',
  'type' => '',
  'auto_start' => true,
)
[ info ] [ RUN ] app\xcx\controller\House->index[ D:\phpStudy\PHPTutorial\WWW\newxcx\huaxiang\application\xcx\controller\House.php ]
[ info ] [ VIEW ] D:\phpStudy\PHPTutorial\WWW\newxcx\huaxiang\public/../application/xcx\view\house\index.html [ array (
) ]
[ info ] [ LOG ] INIT File
---------------------------------------------------------------
[ 2020-04-21T17:24:21+08:00 ] 127.0.0.1 GET www.huaxiang.com/xcx/house/houseData/?page=1&limit=20
[运行时间：0.366610s] [吞吐率：2.73req/s] [内存消耗：2,235.76kb] [文件加载：52]
[ info ] [ LANG ] D:\phpStudy\PHPTutorial\WWW\newxcx\huaxiang\thinkphp\lang\zh-cn.php
[ info ] [ ROUTE ] array (
  'type' => 'module',
  'module' => 
  array (
    0 => 'xcx',
    1 => 'house',
    2 => 'houseData',
  ),
)
[ info ] [ HEADER ] array (
  'cookie' => 'PHPSESSID=nkvsqeublnkcu1lt27akn91sg7',
  'accept-language' => 'zh-CN,zh;q=0.9',
  'accept-encoding' => 'gzip, deflate',
  'referer' => 'http://www.huaxiang.com/xcx/house/index.html',
  'user-agent' => 'Mozilla/5.0 (Windows NT 10.0; Win64; x64) AppleWebKit/537.36 (KHTML, like Gecko) Chrome/78.0.3904.70 Safari/537.36',
  'x-requested-with' => 'XMLHttpRequest',
  'accept' => 'application/json, text/javascript, */*; q=0.01',
  'connection' => 'close',
  'host' => 'www.huaxiang.com',
)
[ info ] [ PARAM ] array (
  '/xcx/house/houseData/' => '',
  'page' => '1',
  'limit' => '20',
)
[ info ] [ SESSION ] INIT array (
  'id' => '',
  'var_session_id' => '',
  'prefix' => 'think',
  'type' => '',
  'auto_start' => true,
)
[ info ] [ RUN ] app\xcx\controller\House->houseData[ D:\phpStudy\PHPTutorial\WWW\newxcx\huaxiang\application\xcx\controller\House.php ]
[ info ] [ DB ] INIT mysql
[ info ] [ LOG ] INIT File
[ sql ] [ DB ] CONNECT:[ UseTime:0.072462s ] mysql:host=127.0.0.1;port=3306;dbname=xcxnew;charset=utf8mb4
[ sql ] [ SQL ] SHOW COLUMNS FROM `tk_houses` [ RunTime:0.080785s ]
[ sql ] [ SQL ] SELECT COUNT(*) AS tp_count FROM `tk_houses` WHERE  (   1 = 1 ) LIMIT 1 [ RunTime:0.041342s ]
[ sql ] [ SQL ] SELECT * FROM `tk_houses` WHERE  (   1 = 1 ) ORDER BY `top` DESC,`mdate` DESC LIMIT 0,20 [ RunTime:0.009033s ]
---------------------------------------------------------------
[ 2020-04-21T17:45:26+08:00 ] 127.0.0.1 GET www.huaxiang.com/xcx/house/index.html
[运行时间：0.056831s] [吞吐率：17.60req/s] [内存消耗：1,603.16kb] [文件加载：45]
[ info ] [ LANG ] D:\phpStudy\PHPTutorial\WWW\newxcx\huaxiang\thinkphp\lang\zh-cn.php
[ info ] [ ROUTE ] array (
  'type' => 'module',
  'module' => 
  array (
    0 => 'xcx',
    1 => 'house',
    2 => 'index',
  ),
)
[ info ] [ HEADER ] array (
  'cookie' => 'PHPSESSID=nkvsqeublnkcu1lt27akn91sg7',
  'accept-language' => 'zh-CN,zh;q=0.9',
  'accept-encoding' => 'gzip, deflate',
  'referer' => 'http://www.huaxiang.com/xcx/index/index.html',
  'accept' => 'text/html,application/xhtml+xml,application/xml;q=0.9,image/webp,image/apng,*/*;q=0.8,application/signed-exchange;v=b3',
  'user-agent' => 'Mozilla/5.0 (Windows NT 10.0; Win64; x64) AppleWebKit/537.36 (KHTML, like Gecko) Chrome/78.0.3904.70 Safari/537.36',
  'upgrade-insecure-requests' => '1',
  'connection' => 'close',
  'host' => 'www.huaxiang.com',
)
[ info ] [ PARAM ] array (
  '/xcx/house/index_html' => '',
)
[ info ] [ SESSION ] INIT array (
  'id' => '',
  'var_session_id' => '',
  'prefix' => 'think',
  'type' => '',
  'auto_start' => true,
)
[ info ] [ RUN ] app\xcx\controller\House->index[ D:\phpStudy\PHPTutorial\WWW\newxcx\huaxiang\application\xcx\controller\House.php ]
[ info ] [ VIEW ] D:\phpStudy\PHPTutorial\WWW\newxcx\huaxiang\public/../application/xcx\view\house\index.html [ array (
) ]
[ info ] [ LOG ] INIT File
---------------------------------------------------------------
[ 2020-04-21T17:45:26+08:00 ] 127.0.0.1 GET www.huaxiang.com/xcx/house/houseData/?page=1&limit=20
[运行时间：0.108771s] [吞吐率：9.19req/s] [内存消耗：2,235.76kb] [文件加载：52]
[ info ] [ LANG ] D:\phpStudy\PHPTutorial\WWW\newxcx\huaxiang\thinkphp\lang\zh-cn.php
[ info ] [ ROUTE ] array (
  'type' => 'module',
  'module' => 
  array (
    0 => 'xcx',
    1 => 'house',
    2 => 'houseData',
  ),
)
[ info ] [ HEADER ] array (
  'cookie' => 'PHPSESSID=nkvsqeublnkcu1lt27akn91sg7',
  'accept-language' => 'zh-CN,zh;q=0.9',
  'accept-encoding' => 'gzip, deflate',
  'referer' => 'http://www.huaxiang.com/xcx/house/index.html',
  'user-agent' => 'Mozilla/5.0 (Windows NT 10.0; Win64; x64) AppleWebKit/537.36 (KHTML, like Gecko) Chrome/78.0.3904.70 Safari/537.36',
  'x-requested-with' => 'XMLHttpRequest',
  'accept' => 'application/json, text/javascript, */*; q=0.01',
  'connection' => 'close',
  'host' => 'www.huaxiang.com',
)
[ info ] [ PARAM ] array (
  '/xcx/house/houseData/' => '',
  'page' => '1',
  'limit' => '20',
)
[ info ] [ SESSION ] INIT array (
  'id' => '',
  'var_session_id' => '',
  'prefix' => 'think',
  'type' => '',
  'auto_start' => true,
)
[ info ] [ RUN ] app\xcx\controller\House->houseData[ D:\phpStudy\PHPTutorial\WWW\newxcx\huaxiang\application\xcx\controller\House.php ]
[ info ] [ DB ] INIT mysql
[ info ] [ LOG ] INIT File
[ sql ] [ DB ] CONNECT:[ UseTime:0.005457s ] mysql:host=127.0.0.1;port=3306;dbname=xcxnew;charset=utf8mb4
[ sql ] [ SQL ] SHOW COLUMNS FROM `tk_houses` [ RunTime:0.022353s ]
[ sql ] [ SQL ] SELECT COUNT(*) AS tp_count FROM `tk_houses` WHERE  (   1 = 1 ) LIMIT 1 [ RunTime:0.000633s ]
[ sql ] [ SQL ] SELECT * FROM `tk_houses` WHERE  (   1 = 1 ) ORDER BY `top` DESC,`mdate` DESC LIMIT 0,20 [ RunTime:0.001957s ]
