---------------------------------------------------------------
[ 2020-06-03T09:21:47+08:00 ] 127.0.0.1 GET www.huaxiang.com/xcx/login/login.html
[运行时间：0.899407s] [吞吐率：1.11req/s] [内存消耗：1,850.21kb] [文件加载：48]
[ info ] [ LANG ] D:\phpStudy\PHPTutorial\WWW\newxcx\huaxiang\thinkphp\lang\zh-cn.php
[ info ] [ ROUTE ] array (
  'type' => 'module',
  'module' => 
  array (
    0 => 'xcx',
    1 => 'login',
    2 => 'login',
  ),
)
[ info ] [ HEADER ] array (
  'host' => 'www.huaxiang.com',
  'connection' => 'keep-alive',
  'upgrade-insecure-requests' => '1',
  'user-agent' => 'Mozilla/5.0 (Windows NT 10.0; Win64; x64) AppleWebKit/537.36 (KHTML, like Gecko) Chrome/78.0.3904.70 Safari/537.36',
  'accept' => 'text/html,application/xhtml+xml,application/xml;q=0.9,image/webp,image/apng,*/*;q=0.8,application/signed-exchange;v=b3',
  'accept-encoding' => 'gzip, deflate',
  'accept-language' => 'zh-CN,zh;q=0.9',
)
[ info ] [ PARAM ] array (
  '/xcx/login/login_html' => '',
)
[ info ] [ RUN ] app\xcx\controller\Login->login[ D:\phpStudy\PHPTutorial\WWW\newxcx\huaxiang\application\xcx\controller\Login.php ]
[ info ] [ VIEW ] D:\phpStudy\PHPTutorial\WWW\newxcx\huaxiang\public/../application/xcx\view\login\login.html [ array (
) ]
[ info ] [ LOG ] INIT File
---------------------------------------------------------------
[ 2020-06-03T09:27:32+08:00 ] 127.0.0.1 POST www.huaxiang.com/xcx/login/login.html
[运行时间：0.585173s] [吞吐率：1.71req/s] [内存消耗：2,673.74kb] [文件加载：56]
[ info ] [ LANG ] D:\phpStudy\PHPTutorial\WWW\newxcx\huaxiang\thinkphp\lang\zh-cn.php
[ info ] [ ROUTE ] array (
  'type' => 'module',
  'module' => 
  array (
    0 => 'xcx',
    1 => 'login',
    2 => 'login',
  ),
)
[ info ] [ HEADER ] array (
  'host' => 'www.huaxiang.com',
  'connection' => 'keep-alive',
  'content-length' => '44',
  'cache-control' => 'max-age=0',
  'origin' => 'http://www.huaxiang.com',
  'upgrade-insecure-requests' => '1',
  'content-type' => 'application/x-www-form-urlencoded',
  'user-agent' => 'Mozilla/5.0 (Windows NT 10.0; Win64; x64) AppleWebKit/537.36 (KHTML, like Gecko) Chrome/78.0.3904.70 Safari/537.36',
  'accept' => 'text/html,application/xhtml+xml,application/xml;q=0.9,image/webp,image/apng,*/*;q=0.8,application/signed-exchange;v=b3',
  'referer' => 'http://www.huaxiang.com/xcx/login/login.html',
  'accept-encoding' => 'gzip, deflate',
  'accept-language' => 'zh-CN,zh;q=0.9',
)
[ info ] [ PARAM ] array (
  '/xcx/login/login_html' => '',
  'username' => '1549089944@qq.com',
  'password' => '123123',
)
[ info ] [ RUN ] app\xcx\controller\Login->login[ D:\phpStudy\PHPTutorial\WWW\newxcx\huaxiang\application\xcx\controller\Login.php ]
[ info ] [ DB ] INIT mysql
[ info ] [ SESSION ] INIT array (
  'id' => '',
  'var_session_id' => '',
  'prefix' => 'think',
  'type' => '',
  'auto_start' => true,
)
[ info ] [ VIEW ] D:\phpStudy\PHPTutorial\WWW\newxcx\huaxiang\thinkphp\tpl\dispatch_jump.tpl [ array (
  0 => 'code',
  1 => 'msg',
  2 => 'data',
  3 => 'url',
  4 => 'wait',
) ]
[ info ] [ LOG ] INIT File
[ sql ] [ DB ] CONNECT:[ UseTime:0.110708s ] mysql:host=127.0.0.1;port=3306;dbname=xcxnew;charset=utf8mb4
[ sql ] [ SQL ] SHOW COLUMNS FROM `super_admin` [ RunTime:0.156041s ]
[ sql ] [ SQL ] SELECT * FROM `super_admin` WHERE  `ad_email` = '1549089944@qq.com'  AND `ad_isable` = 1 LIMIT 1 [ RunTime:0.016826s ]
---------------------------------------------------------------
[ 2020-06-03T09:27:35+08:00 ] 127.0.0.1 GET www.huaxiang.com/xcx/index/index.html
[运行时间：0.433975s] [吞吐率：2.30req/s] [内存消耗：3,325.07kb] [文件加载：57]
[ info ] [ LANG ] D:\phpStudy\PHPTutorial\WWW\newxcx\huaxiang\thinkphp\lang\zh-cn.php
[ info ] [ ROUTE ] array (
  'type' => 'module',
  'module' => 
  array (
    0 => 'xcx',
    1 => 'index',
    2 => 'index',
  ),
)
[ info ] [ HEADER ] array (
  'host' => 'www.huaxiang.com',
  'connection' => 'keep-alive',
  'upgrade-insecure-requests' => '1',
  'user-agent' => 'Mozilla/5.0 (Windows NT 10.0; Win64; x64) AppleWebKit/537.36 (KHTML, like Gecko) Chrome/78.0.3904.70 Safari/537.36',
  'accept' => 'text/html,application/xhtml+xml,application/xml;q=0.9,image/webp,image/apng,*/*;q=0.8,application/signed-exchange;v=b3',
  'referer' => 'http://www.huaxiang.com/xcx/login/login.html',
  'accept-encoding' => 'gzip, deflate',
  'accept-language' => 'zh-CN,zh;q=0.9',
  'cookie' => 'PHPSESSID=ru01iog52uk0c5sb87voqha6a2',
)
[ info ] [ PARAM ] array (
  '/xcx/index/index_html' => '',
)
[ info ] [ SESSION ] INIT array (
  'id' => '',
  'var_session_id' => '',
  'prefix' => 'think',
  'type' => '',
  'auto_start' => true,
)
[ info ] [ RUN ] app\xcx\controller\Index->index[ D:\phpStudy\PHPTutorial\WWW\newxcx\huaxiang\application\xcx\controller\Index.php ]
[ info ] [ DB ] INIT mysql
[ info ] [ VIEW ] D:\phpStudy\PHPTutorial\WWW\newxcx\huaxiang\public/../application/xcx\view\index\index.html [ array (
  0 => 'admin',
  1 => 'menuList',
  2 => 'siteName',
  3 => 'ad_role',
) ]
[ info ] [ LOG ] INIT File
[ sql ] [ DB ] CONNECT:[ UseTime:0.001214s ] mysql:host=127.0.0.1;port=3306;dbname=xcxnew;charset=utf8mb4
[ sql ] [ SQL ] SHOW COLUMNS FROM `super_admin` [ RunTime:0.018577s ]
[ sql ] [ SQL ] SELECT * FROM `super_admin` `admin` WHERE  `admin`.`ad_id` = 1 LIMIT 1 [ RunTime:0.019818s ]
[ sql ] [ SQL ] SHOW COLUMNS FROM `super_role` [ RunTime:0.049910s ]
[ sql ] [ SQL ] SELECT `r_power` FROM `super_role` WHERE  `r_id` = 1 LIMIT 1 [ RunTime:0.007833s ]
[ sql ] [ SQL ] SELECT `r_power` FROM `super_role` WHERE  `r_id` = 43 LIMIT 1 [ RunTime:0.000546s ]
[ sql ] [ SQL ] SELECT `r_power` FROM `super_role` WHERE  `r_id` = 44 LIMIT 1 [ RunTime:0.001035s ]
[ sql ] [ SQL ] SHOW COLUMNS FROM `super_menu` [ RunTime:0.034003s ]
[ sql ] [ SQL ] SELECT * FROM `super_menu` WHERE  `m_id` = 10 LIMIT 1 [ RunTime:0.016259s ]
[ sql ] [ SQL ] SELECT * FROM `super_menu` WHERE  `m_id` = 11 LIMIT 1 [ RunTime:0.000718s ]
[ sql ] [ SQL ] SELECT * FROM `super_menu` WHERE  `m_id` = 87 LIMIT 1 [ RunTime:0.000475s ]
[ sql ] [ SQL ] SELECT * FROM `super_menu` WHERE  `m_id` = 1 LIMIT 1 [ RunTime:0.000456s ]
[ sql ] [ SQL ] SELECT * FROM `super_menu` WHERE  `m_id` = 2 LIMIT 1 [ RunTime:0.000455s ]
[ sql ] [ SQL ] SELECT * FROM `super_menu` WHERE  `m_id` = 247 LIMIT 1 [ RunTime:0.000483s ]
[ sql ] [ SQL ] SELECT * FROM `super_menu` WHERE  `m_id` = 248 LIMIT 1 [ RunTime:0.000453s ]
[ sql ] [ SQL ] SELECT * FROM `super_menu` WHERE  `m_id` = 249 LIMIT 1 [ RunTime:0.000454s ]
[ sql ] [ SQL ] SELECT * FROM `super_menu` WHERE  `m_id` = 250 LIMIT 1 [ RunTime:0.000456s ]
[ sql ] [ SQL ] SELECT * FROM `super_menu` WHERE  `m_id` = 251 LIMIT 1 [ RunTime:0.000460s ]
[ sql ] [ SQL ] SELECT * FROM `super_menu` WHERE  `m_id` = 4 LIMIT 1 [ RunTime:0.000455s ]
[ sql ] [ SQL ] SELECT * FROM `super_menu` WHERE  `m_id` = 252 LIMIT 1 [ RunTime:0.000548s ]
[ sql ] [ SQL ] SELECT * FROM `super_menu` WHERE  `m_id` = 253 LIMIT 1 [ RunTime:0.000462s ]
[ sql ] [ SQL ] SELECT * FROM `super_menu` WHERE  `m_id` = 254 LIMIT 1 [ RunTime:0.000510s ]
[ sql ] [ SQL ] SELECT * FROM `super_menu` WHERE  `m_id` = 214 LIMIT 1 [ RunTime:0.000564s ]
[ sql ] [ SQL ] SELECT * FROM `super_menu` WHERE  `m_id` = 215 LIMIT 1 [ RunTime:0.000468s ]
[ sql ] [ SQL ] SELECT * FROM `super_menu` WHERE  `m_id` = 268 LIMIT 1 [ RunTime:0.000618s ]
[ sql ] [ SQL ] SELECT * FROM `super_menu` WHERE  `m_id` = 269 LIMIT 1 [ RunTime:0.000790s ]
[ sql ] [ SQL ] SELECT * FROM `super_menu` WHERE  `m_id` = 270 LIMIT 1 [ RunTime:0.001100s ]
[ sql ] [ SQL ] SELECT * FROM `super_menu` WHERE  `m_id` = 216 LIMIT 1 [ RunTime:0.001145s ]
[ sql ] [ SQL ] SELECT * FROM `super_menu` WHERE  `m_id` = 271 LIMIT 1 [ RunTime:0.000572s ]
[ sql ] [ SQL ] SELECT * FROM `super_menu` WHERE  `m_id` = 272 LIMIT 1 [ RunTime:0.000906s ]
[ sql ] [ SQL ] SELECT * FROM `super_menu` WHERE  `m_id` = 273 LIMIT 1 [ RunTime:0.000726s ]
[ sql ] [ SQL ] SELECT * FROM `super_menu` WHERE  `m_id` = 217 LIMIT 1 [ RunTime:0.000492s ]
[ sql ] [ SQL ] SELECT * FROM `super_menu` WHERE  `m_id` = 218 LIMIT 1 [ RunTime:0.000451s ]
[ sql ] [ SQL ] SELECT * FROM `super_menu` WHERE  `m_id` = 201 LIMIT 1 [ RunTime:0.000448s ]
[ sql ] [ SQL ] SELECT * FROM `super_menu` WHERE  `m_id` = 210 LIMIT 1 [ RunTime:0.000457s ]
[ sql ] [ SQL ] SELECT * FROM `super_menu` WHERE  `m_id` = 274 LIMIT 1 [ RunTime:0.000837s ]
[ sql ] [ SQL ] SELECT * FROM `super_menu` WHERE  `m_id` = 275 LIMIT 1 [ RunTime:0.000597s ]
[ sql ] [ SQL ] SELECT * FROM `super_menu` WHERE  `m_id` = 222 LIMIT 1 [ RunTime:0.000537s ]
[ sql ] [ SQL ] SELECT * FROM `super_menu` WHERE  `m_id` = 256 LIMIT 1 [ RunTime:0.000523s ]
[ sql ] [ SQL ] SELECT * FROM `super_menu` WHERE  `m_id` = 223 LIMIT 1 [ RunTime:0.000526s ]
[ sql ] [ SQL ] SELECT * FROM `super_menu` WHERE  `m_id` = 277 LIMIT 1 [ RunTime:0.000524s ]
[ sql ] [ SQL ] SELECT * FROM `super_menu` WHERE  `m_id` = 278 LIMIT 1 [ RunTime:0.000824s ]
[ sql ] [ SQL ] SELECT * FROM `super_menu` WHERE  `m_id` = 202 LIMIT 1 [ RunTime:0.000688s ]
[ sql ] [ SQL ] SELECT * FROM `super_menu` WHERE  `m_id` = 209 LIMIT 1 [ RunTime:0.000755s ]
[ sql ] [ SQL ] SELECT * FROM `super_menu` WHERE  `m_id` = 240 LIMIT 1 [ RunTime:0.000685s ]
[ sql ] [ SQL ] SELECT * FROM `super_menu` WHERE  `m_id` = 230 LIMIT 1 [ RunTime:0.000569s ]
[ sql ] [ SQL ] SELECT * FROM `super_menu` WHERE  `m_id` = 232 LIMIT 1 [ RunTime:0.000518s ]
[ sql ] [ SQL ] SELECT * FROM `super_menu` WHERE  `m_id` = 233 LIMIT 1 [ RunTime:0.000505s ]
[ sql ] [ SQL ] SELECT * FROM `super_menu` WHERE  `m_id` = 241 LIMIT 1 [ RunTime:0.000518s ]
[ sql ] [ SQL ] SELECT * FROM `super_menu` WHERE  `m_id` = 229 LIMIT 1 [ RunTime:0.000521s ]
[ sql ] [ SQL ] SELECT * FROM `super_menu` WHERE  `m_id` = 242 LIMIT 1 [ RunTime:0.000920s ]
[ sql ] [ SQL ] SELECT * FROM `super_menu` WHERE  `m_id` = 243 LIMIT 1 [ RunTime:0.000555s ]
[ sql ] [ SQL ] SELECT * FROM `super_menu` WHERE  `m_id` = 244 LIMIT 1 [ RunTime:0.000463s ]
[ sql ] [ SQL ] SELECT * FROM `super_menu` WHERE  `m_id` = 203 LIMIT 1 [ RunTime:0.000463s ]
[ sql ] [ SQL ] SELECT * FROM `super_menu` WHERE  `m_id` = 208 LIMIT 1 [ RunTime:0.000497s ]
[ sql ] [ SQL ] SELECT * FROM `super_menu` WHERE  `m_id` = 245 LIMIT 1 [ RunTime:0.000540s ]
[ sql ] [ SQL ] SELECT * FROM `super_menu` WHERE  `m_id` = 246 LIMIT 1 [ RunTime:0.000524s ]
[ sql ] [ SQL ] SELECT * FROM `super_menu` WHERE  `m_id` = 204 LIMIT 1 [ RunTime:0.000502s ]
[ sql ] [ SQL ] SELECT * FROM `super_menu` WHERE  `m_id` = 207 LIMIT 1 [ RunTime:0.000559s ]
[ sql ] [ SQL ] SELECT * FROM `super_menu` WHERE  `m_id` = 205 LIMIT 1 [ RunTime:0.000517s ]
[ sql ] [ SQL ] SELECT * FROM `super_menu` WHERE  `m_id` = 206 LIMIT 1 [ RunTime:0.000773s ]
[ sql ] [ SQL ] SELECT * FROM `super_menu` WHERE  `m_id` = 219 LIMIT 1 [ RunTime:0.000500s ]
[ sql ] [ SQL ] SELECT * FROM `super_menu` WHERE  `m_id` = 220 LIMIT 1 [ RunTime:0.000550s ]
[ sql ] [ SQL ] SELECT * FROM `super_menu` WHERE  `m_id` = 221 LIMIT 1 [ RunTime:0.000485s ]
[ sql ] [ SQL ] SELECT * FROM `super_menu` WHERE  `m_id` = 225 LIMIT 1 [ RunTime:0.000468s ]
[ sql ] [ SQL ] SELECT * FROM `super_menu` WHERE  `m_id` = 226 LIMIT 1 [ RunTime:0.000458s ]
[ sql ] [ SQL ] SELECT * FROM `super_menu` WHERE  `m_id` = 227 LIMIT 1 [ RunTime:0.000445s ]
[ sql ] [ SQL ] SELECT * FROM `super_menu` WHERE  `m_id` = 228 LIMIT 1 [ RunTime:0.000445s ]
[ sql ] [ SQL ] SELECT * FROM `super_menu` WHERE  `m_id` = 234 LIMIT 1 [ RunTime:0.000464s ]
[ sql ] [ SQL ] SELECT * FROM `super_menu` WHERE  `m_id` = 235 LIMIT 1 [ RunTime:0.000706s ]
[ sql ] [ SQL ] SELECT * FROM `super_menu` WHERE  `m_id` = 237 LIMIT 1 [ RunTime:0.000473s ]
[ sql ] [ SQL ] SELECT * FROM `super_menu` WHERE  `m_id` = 238 LIMIT 1 [ RunTime:0.000453s ]
[ sql ] [ SQL ] SELECT * FROM `super_menu` WHERE  `m_id` = 239 LIMIT 1 [ RunTime:0.000442s ]
[ sql ] [ SQL ] SELECT * FROM `super_menu` WHERE  `m_id` = 236 LIMIT 1 [ RunTime:0.000768s ]
[ sql ] [ SQL ] SELECT * FROM `super_menu` WHERE  `m_id` = 211 LIMIT 1 [ RunTime:0.000673s ]
[ sql ] [ SQL ] SELECT * FROM `super_admin` INNER JOIN `super_role` ON `super_admin`.`ad_role`=`super_role`.`r_id` WHERE  `ad_id` = 1 LIMIT 1 [ RunTime:0.014233s ]
[ sql ] [ SQL ] SHOW COLUMNS FROM `super_setinfo` [ RunTime:0.036104s ]
[ sql ] [ SQL ] SELECT `s_value` FROM `super_setinfo` WHERE  `s_key` = 'webname' [ RunTime:0.000749s ]
---------------------------------------------------------------
[ 2020-06-03T09:27:35+08:00 ] 127.0.0.1 GET www.huaxiang.com/xcx/index/welcome.html
[运行时间：0.314056s] [吞吐率：3.18req/s] [内存消耗：3,084.91kb] [文件加载：58]
[ info ] [ LANG ] D:\phpStudy\PHPTutorial\WWW\newxcx\huaxiang\thinkphp\lang\zh-cn.php
[ info ] [ ROUTE ] array (
  'type' => 'module',
  'module' => 
  array (
    0 => 'xcx',
    1 => 'index',
    2 => 'welcome',
  ),
)
[ info ] [ HEADER ] array (
  'host' => 'www.huaxiang.com',
  'connection' => 'keep-alive',
  'upgrade-insecure-requests' => '1',
  'user-agent' => 'Mozilla/5.0 (Windows NT 10.0; Win64; x64) AppleWebKit/537.36 (KHTML, like Gecko) Chrome/78.0.3904.70 Safari/537.36',
  'accept' => 'text/html,application/xhtml+xml,application/xml;q=0.9,image/webp,image/apng,*/*;q=0.8,application/signed-exchange;v=b3',
  'referer' => 'http://www.huaxiang.com/xcx/index/index.html',
  'accept-encoding' => 'gzip, deflate',
  'accept-language' => 'zh-CN,zh;q=0.9',
  'cookie' => 'PHPSESSID=ru01iog52uk0c5sb87voqha6a2',
)
[ info ] [ PARAM ] array (
  '/xcx/index/welcome_html' => '',
)
[ info ] [ SESSION ] INIT array (
  'id' => '',
  'var_session_id' => '',
  'prefix' => 'think',
  'type' => '',
  'auto_start' => true,
)
[ info ] [ RUN ] app\xcx\controller\Index->welcome[ D:\phpStudy\PHPTutorial\WWW\newxcx\huaxiang\application\xcx\controller\Index.php ]
[ info ] [ DB ] INIT mysql
[ info ] [ VIEW ] D:\phpStudy\PHPTutorial\WWW\newxcx\huaxiang\public/../application/xcx\view\index\welcome.html [ array (
  0 => 'allHouse',
  1 => 'allUser',
  2 => 'todayHouse',
  3 => 'todayUser',
) ]
[ info ] [ LOG ] INIT File
[ sql ] [ DB ] CONNECT:[ UseTime:0.001848s ] mysql:host=127.0.0.1;port=3306;dbname=xcxnew;charset=utf8mb4
[ sql ] [ SQL ] SHOW COLUMNS FROM `tk_houses` [ RunTime:0.051211s ]
[ sql ] [ SQL ] SELECT COUNT(*) AS tp_count FROM `tk_houses` WHERE  (  1 = 1 ) LIMIT 1 [ RunTime:0.015369s ]
[ sql ] [ SQL ] SHOW COLUMNS FROM `tk_user` [ RunTime:0.043138s ]
[ sql ] [ SQL ] SELECT COUNT(*) AS tp_count FROM `tk_user` WHERE  (  1 = 1 ) LIMIT 1 [ RunTime:0.000545s ]
[ sql ] [ SQL ] SELECT COUNT(*) AS tp_count FROM `tk_user` WHERE  (  (cdate >= '2020-06-03 00:00:00' and cdate <= '2020-06-03 23:59:59') ) LIMIT 1 [ RunTime:0.011906s ]
[ sql ] [ SQL ] SELECT COUNT(*) AS tp_count FROM `tk_houses` WHERE  (  (cdate >= '2020-06-03 00:00:00' and cdate <= '2020-06-03 23:59:59') ) LIMIT 1 [ RunTime:0.001048s ]
[ sql ] [ SQL ] UPDATE `tk_houses`  SET `status`=2  WHERE  (  cdate <= '2020-05-03 09:27:35' ) [ RunTime:0.001730s ]
---------------------------------------------------------------
[ 2020-06-03T09:27:36+08:00 ] 127.0.0.1 POST www.huaxiang.com/xcx/index/gethouse.html
[运行时间：0.190287s] [吞吐率：5.26req/s] [内存消耗：3,220.66kb] [文件加载：56]
[ info ] [ LANG ] D:\phpStudy\PHPTutorial\WWW\newxcx\huaxiang\thinkphp\lang\zh-cn.php
[ info ] [ ROUTE ] array (
  'type' => 'module',
  'module' => 
  array (
    0 => 'xcx',
    1 => 'index',
    2 => 'gethouse',
  ),
)
[ info ] [ HEADER ] array (
  'host' => 'www.huaxiang.com',
  'connection' => 'keep-alive',
  'content-length' => '0',
  'accept' => 'application/json, text/javascript, */*; q=0.01',
  'origin' => 'http://www.huaxiang.com',
  'x-requested-with' => 'XMLHttpRequest',
  'user-agent' => 'Mozilla/5.0 (Windows NT 10.0; Win64; x64) AppleWebKit/537.36 (KHTML, like Gecko) Chrome/78.0.3904.70 Safari/537.36',
  'referer' => 'http://www.huaxiang.com/xcx/index/welcome.html',
  'accept-encoding' => 'gzip, deflate',
  'accept-language' => 'zh-CN,zh;q=0.9',
  'cookie' => 'PHPSESSID=ru01iog52uk0c5sb87voqha6a2',
)
[ info ] [ PARAM ] array (
  '/xcx/index/gethouse_html' => '',
)
[ info ] [ SESSION ] INIT array (
  'id' => '',
  'var_session_id' => '',
  'prefix' => 'think',
  'type' => '',
  'auto_start' => true,
)
[ info ] [ RUN ] app\xcx\controller\Index->getHouse[ D:\phpStudy\PHPTutorial\WWW\newxcx\huaxiang\application\xcx\controller\Index.php ]
[ info ] [ DB ] INIT mysql
[ info ] [ LOG ] INIT File
[ sql ] [ DB ] CONNECT:[ UseTime:0.001223s ] mysql:host=127.0.0.1;port=3306;dbname=xcxnew;charset=utf8mb4
[ sql ] [ SQL ] SHOW COLUMNS FROM `tk_houses` [ RunTime:0.015794s ]
[ sql ] [ SQL ] SELECT COUNT(*) AS tp_count FROM `tk_houses` WHERE  (   cdate >= '2020-05-04 00:00:00' and cdate <= '2020-05-04 23:59:59' ) LIMIT 1 [ RunTime:0.000865s ]
[ sql ] [ SQL ] SHOW COLUMNS FROM `tk_user` [ RunTime:0.015186s ]
[ sql ] [ SQL ] SELECT COUNT(*) AS tp_count FROM `tk_user` WHERE  (   cdate >= '2020-05-04 00:00:00' and cdate <= '2020-05-04 23:59:59' ) LIMIT 1 [ RunTime:0.000962s ]
[ sql ] [ SQL ] SELECT COUNT(*) AS tp_count FROM `tk_houses` WHERE  (   cdate >= '2020-05-05 00:00:00' and cdate <= '2020-05-05 23:59:59' ) LIMIT 1 [ RunTime:0.000906s ]
[ sql ] [ SQL ] SELECT COUNT(*) AS tp_count FROM `tk_user` WHERE  (   cdate >= '2020-05-05 00:00:00' and cdate <= '2020-05-05 23:59:59' ) LIMIT 1 [ RunTime:0.000468s ]
[ sql ] [ SQL ] SELECT COUNT(*) AS tp_count FROM `tk_houses` WHERE  (   cdate >= '2020-05-06 00:00:00' and cdate <= '2020-05-06 23:59:59' ) LIMIT 1 [ RunTime:0.000427s ]
[ sql ] [ SQL ] SELECT COUNT(*) AS tp_count FROM `tk_user` WHERE  (   cdate >= '2020-05-06 00:00:00' and cdate <= '2020-05-06 23:59:59' ) LIMIT 1 [ RunTime:0.000396s ]
[ sql ] [ SQL ] SELECT COUNT(*) AS tp_count FROM `tk_houses` WHERE  (   cdate >= '2020-05-07 00:00:00' and cdate <= '2020-05-07 23:59:59' ) LIMIT 1 [ RunTime:0.000607s ]
[ sql ] [ SQL ] SELECT COUNT(*) AS tp_count FROM `tk_user` WHERE  (   cdate >= '2020-05-07 00:00:00' and cdate <= '2020-05-07 23:59:59' ) LIMIT 1 [ RunTime:0.000633s ]
[ sql ] [ SQL ] SELECT COUNT(*) AS tp_count FROM `tk_houses` WHERE  (   cdate >= '2020-05-08 00:00:00' and cdate <= '2020-05-08 23:59:59' ) LIMIT 1 [ RunTime:0.001065s ]
[ sql ] [ SQL ] SELECT COUNT(*) AS tp_count FROM `tk_user` WHERE  (   cdate >= '2020-05-08 00:00:00' and cdate <= '2020-05-08 23:59:59' ) LIMIT 1 [ RunTime:0.001003s ]
[ sql ] [ SQL ] SELECT COUNT(*) AS tp_count FROM `tk_houses` WHERE  (   cdate >= '2020-05-09 00:00:00' and cdate <= '2020-05-09 23:59:59' ) LIMIT 1 [ RunTime:0.000619s ]
[ sql ] [ SQL ] SELECT COUNT(*) AS tp_count FROM `tk_user` WHERE  (   cdate >= '2020-05-09 00:00:00' and cdate <= '2020-05-09 23:59:59' ) LIMIT 1 [ RunTime:0.000407s ]
[ sql ] [ SQL ] SELECT COUNT(*) AS tp_count FROM `tk_houses` WHERE  (   cdate >= '2020-05-10 00:00:00' and cdate <= '2020-05-10 23:59:59' ) LIMIT 1 [ RunTime:0.000511s ]
[ sql ] [ SQL ] SELECT COUNT(*) AS tp_count FROM `tk_user` WHERE  (   cdate >= '2020-05-10 00:00:00' and cdate <= '2020-05-10 23:59:59' ) LIMIT 1 [ RunTime:0.000411s ]
[ sql ] [ SQL ] SELECT COUNT(*) AS tp_count FROM `tk_houses` WHERE  (   cdate >= '2020-05-11 00:00:00' and cdate <= '2020-05-11 23:59:59' ) LIMIT 1 [ RunTime:0.000675s ]
[ sql ] [ SQL ] SELECT COUNT(*) AS tp_count FROM `tk_user` WHERE  (   cdate >= '2020-05-11 00:00:00' and cdate <= '2020-05-11 23:59:59' ) LIMIT 1 [ RunTime:0.000406s ]
[ sql ] [ SQL ] SELECT COUNT(*) AS tp_count FROM `tk_houses` WHERE  (   cdate >= '2020-05-12 00:00:00' and cdate <= '2020-05-12 23:59:59' ) LIMIT 1 [ RunTime:0.000492s ]
[ sql ] [ SQL ] SELECT COUNT(*) AS tp_count FROM `tk_user` WHERE  (   cdate >= '2020-05-12 00:00:00' and cdate <= '2020-05-12 23:59:59' ) LIMIT 1 [ RunTime:0.000444s ]
[ sql ] [ SQL ] SELECT COUNT(*) AS tp_count FROM `tk_houses` WHERE  (   cdate >= '2020-05-13 00:00:00' and cdate <= '2020-05-13 23:59:59' ) LIMIT 1 [ RunTime:0.000433s ]
[ sql ] [ SQL ] SELECT COUNT(*) AS tp_count FROM `tk_user` WHERE  (   cdate >= '2020-05-13 00:00:00' and cdate <= '2020-05-13 23:59:59' ) LIMIT 1 [ RunTime:0.000384s ]
[ sql ] [ SQL ] SELECT COUNT(*) AS tp_count FROM `tk_houses` WHERE  (   cdate >= '2020-05-14 00:00:00' and cdate <= '2020-05-14 23:59:59' ) LIMIT 1 [ RunTime:0.000469s ]
[ sql ] [ SQL ] SELECT COUNT(*) AS tp_count FROM `tk_user` WHERE  (   cdate >= '2020-05-14 00:00:00' and cdate <= '2020-05-14 23:59:59' ) LIMIT 1 [ RunTime:0.001028s ]
[ sql ] [ SQL ] SELECT COUNT(*) AS tp_count FROM `tk_houses` WHERE  (   cdate >= '2020-05-15 00:00:00' and cdate <= '2020-05-15 23:59:59' ) LIMIT 1 [ RunTime:0.001018s ]
[ sql ] [ SQL ] SELECT COUNT(*) AS tp_count FROM `tk_user` WHERE  (   cdate >= '2020-05-15 00:00:00' and cdate <= '2020-05-15 23:59:59' ) LIMIT 1 [ RunTime:0.000612s ]
[ sql ] [ SQL ] SELECT COUNT(*) AS tp_count FROM `tk_houses` WHERE  (   cdate >= '2020-05-16 00:00:00' and cdate <= '2020-05-16 23:59:59' ) LIMIT 1 [ RunTime:0.000716s ]
[ sql ] [ SQL ] SELECT COUNT(*) AS tp_count FROM `tk_user` WHERE  (   cdate >= '2020-05-16 00:00:00' and cdate <= '2020-05-16 23:59:59' ) LIMIT 1 [ RunTime:0.000426s ]
[ sql ] [ SQL ] SELECT COUNT(*) AS tp_count FROM `tk_houses` WHERE  (   cdate >= '2020-05-17 00:00:00' and cdate <= '2020-05-17 23:59:59' ) LIMIT 1 [ RunTime:0.000437s ]
[ sql ] [ SQL ] SELECT COUNT(*) AS tp_count FROM `tk_user` WHERE  (   cdate >= '2020-05-17 00:00:00' and cdate <= '2020-05-17 23:59:59' ) LIMIT 1 [ RunTime:0.000520s ]
[ sql ] [ SQL ] SELECT COUNT(*) AS tp_count FROM `tk_houses` WHERE  (   cdate >= '2020-05-18 00:00:00' and cdate <= '2020-05-18 23:59:59' ) LIMIT 1 [ RunTime:0.000450s ]
[ sql ] [ SQL ] SELECT COUNT(*) AS tp_count FROM `tk_user` WHERE  (   cdate >= '2020-05-18 00:00:00' and cdate <= '2020-05-18 23:59:59' ) LIMIT 1 [ RunTime:0.000399s ]
[ sql ] [ SQL ] SELECT COUNT(*) AS tp_count FROM `tk_houses` WHERE  (   cdate >= '2020-05-19 00:00:00' and cdate <= '2020-05-19 23:59:59' ) LIMIT 1 [ RunTime:0.000559s ]
[ sql ] [ SQL ] SELECT COUNT(*) AS tp_count FROM `tk_user` WHERE  (   cdate >= '2020-05-19 00:00:00' and cdate <= '2020-05-19 23:59:59' ) LIMIT 1 [ RunTime:0.000592s ]
[ sql ] [ SQL ] SELECT COUNT(*) AS tp_count FROM `tk_houses` WHERE  (   cdate >= '2020-05-20 00:00:00' and cdate <= '2020-05-20 23:59:59' ) LIMIT 1 [ RunTime:0.000478s ]
[ sql ] [ SQL ] SELECT COUNT(*) AS tp_count FROM `tk_user` WHERE  (   cdate >= '2020-05-20 00:00:00' and cdate <= '2020-05-20 23:59:59' ) LIMIT 1 [ RunTime:0.000516s ]
[ sql ] [ SQL ] SELECT COUNT(*) AS tp_count FROM `tk_houses` WHERE  (   cdate >= '2020-05-21 00:00:00' and cdate <= '2020-05-21 23:59:59' ) LIMIT 1 [ RunTime:0.000590s ]
[ sql ] [ SQL ] SELECT COUNT(*) AS tp_count FROM `tk_user` WHERE  (   cdate >= '2020-05-21 00:00:00' and cdate <= '2020-05-21 23:59:59' ) LIMIT 1 [ RunTime:0.000861s ]
[ sql ] [ SQL ] SELECT COUNT(*) AS tp_count FROM `tk_houses` WHERE  (   cdate >= '2020-05-22 00:00:00' and cdate <= '2020-05-22 23:59:59' ) LIMIT 1 [ RunTime:0.001161s ]
[ sql ] [ SQL ] SELECT COUNT(*) AS tp_count FROM `tk_user` WHERE  (   cdate >= '2020-05-22 00:00:00' and cdate <= '2020-05-22 23:59:59' ) LIMIT 1 [ RunTime:0.000731s ]
[ sql ] [ SQL ] SELECT COUNT(*) AS tp_count FROM `tk_houses` WHERE  (   cdate >= '2020-05-23 00:00:00' and cdate <= '2020-05-23 23:59:59' ) LIMIT 1 [ RunTime:0.000542s ]
[ sql ] [ SQL ] SELECT COUNT(*) AS tp_count FROM `tk_user` WHERE  (   cdate >= '2020-05-23 00:00:00' and cdate <= '2020-05-23 23:59:59' ) LIMIT 1 [ RunTime:0.000710s ]
[ sql ] [ SQL ] SELECT COUNT(*) AS tp_count FROM `tk_houses` WHERE  (   cdate >= '2020-05-24 00:00:00' and cdate <= '2020-05-24 23:59:59' ) LIMIT 1 [ RunTime:0.000543s ]
[ sql ] [ SQL ] SELECT COUNT(*) AS tp_count FROM `tk_user` WHERE  (   cdate >= '2020-05-24 00:00:00' and cdate <= '2020-05-24 23:59:59' ) LIMIT 1 [ RunTime:0.000409s ]
[ sql ] [ SQL ] SELECT COUNT(*) AS tp_count FROM `tk_houses` WHERE  (   cdate >= '2020-05-25 00:00:00' and cdate <= '2020-05-25 23:59:59' ) LIMIT 1 [ RunTime:0.000466s ]
[ sql ] [ SQL ] SELECT COUNT(*) AS tp_count FROM `tk_user` WHERE  (   cdate >= '2020-05-25 00:00:00' and cdate <= '2020-05-25 23:59:59' ) LIMIT 1 [ RunTime:0.000395s ]
[ sql ] [ SQL ] SELECT COUNT(*) AS tp_count FROM `tk_houses` WHERE  (   cdate >= '2020-05-26 00:00:00' and cdate <= '2020-05-26 23:59:59' ) LIMIT 1 [ RunTime:0.000434s ]
[ sql ] [ SQL ] SELECT COUNT(*) AS tp_count FROM `tk_user` WHERE  (   cdate >= '2020-05-26 00:00:00' and cdate <= '2020-05-26 23:59:59' ) LIMIT 1 [ RunTime:0.000402s ]
[ sql ] [ SQL ] SELECT COUNT(*) AS tp_count FROM `tk_houses` WHERE  (   cdate >= '2020-05-27 00:00:00' and cdate <= '2020-05-27 23:59:59' ) LIMIT 1 [ RunTime:0.000464s ]
[ sql ] [ SQL ] SELECT COUNT(*) AS tp_count FROM `tk_user` WHERE  (   cdate >= '2020-05-27 00:00:00' and cdate <= '2020-05-27 23:59:59' ) LIMIT 1 [ RunTime:0.000483s ]
[ sql ] [ SQL ] SELECT COUNT(*) AS tp_count FROM `tk_houses` WHERE  (   cdate >= '2020-05-28 00:00:00' and cdate <= '2020-05-28 23:59:59' ) LIMIT 1 [ RunTime:0.000797s ]
[ sql ] [ SQL ] SELECT COUNT(*) AS tp_count FROM `tk_user` WHERE  (   cdate >= '2020-05-28 00:00:00' and cdate <= '2020-05-28 23:59:59' ) LIMIT 1 [ RunTime:0.001032s ]
[ sql ] [ SQL ] SELECT COUNT(*) AS tp_count FROM `tk_houses` WHERE  (   cdate >= '2020-05-29 00:00:00' and cdate <= '2020-05-29 23:59:59' ) LIMIT 1 [ RunTime:0.000744s ]
[ sql ] [ SQL ] SELECT COUNT(*) AS tp_count FROM `tk_user` WHERE  (   cdate >= '2020-05-29 00:00:00' and cdate <= '2020-05-29 23:59:59' ) LIMIT 1 [ RunTime:0.000746s ]
[ sql ] [ SQL ] SELECT COUNT(*) AS tp_count FROM `tk_houses` WHERE  (   cdate >= '2020-05-30 00:00:00' and cdate <= '2020-05-30 23:59:59' ) LIMIT 1 [ RunTime:0.000737s ]
[ sql ] [ SQL ] SELECT COUNT(*) AS tp_count FROM `tk_user` WHERE  (   cdate >= '2020-05-30 00:00:00' and cdate <= '2020-05-30 23:59:59' ) LIMIT 1 [ RunTime:0.000531s ]
[ sql ] [ SQL ] SELECT COUNT(*) AS tp_count FROM `tk_houses` WHERE  (   cdate >= '2020-05-31 00:00:00' and cdate <= '2020-05-31 23:59:59' ) LIMIT 1 [ RunTime:0.000532s ]
[ sql ] [ SQL ] SELECT COUNT(*) AS tp_count FROM `tk_user` WHERE  (   cdate >= '2020-05-31 00:00:00' and cdate <= '2020-05-31 23:59:59' ) LIMIT 1 [ RunTime:0.000414s ]
[ sql ] [ SQL ] SELECT COUNT(*) AS tp_count FROM `tk_houses` WHERE  (   cdate >= '2020-06-01 00:00:00' and cdate <= '2020-06-01 23:59:59' ) LIMIT 1 [ RunTime:0.000440s ]
[ sql ] [ SQL ] SELECT COUNT(*) AS tp_count FROM `tk_user` WHERE  (   cdate >= '2020-06-01 00:00:00' and cdate <= '2020-06-01 23:59:59' ) LIMIT 1 [ RunTime:0.000407s ]
[ sql ] [ SQL ] SELECT COUNT(*) AS tp_count FROM `tk_houses` WHERE  (   cdate >= '2020-06-02 00:00:00' and cdate <= '2020-06-02 23:59:59' ) LIMIT 1 [ RunTime:0.000437s ]
[ sql ] [ SQL ] SELECT COUNT(*) AS tp_count FROM `tk_user` WHERE  (   cdate >= '2020-06-02 00:00:00' and cdate <= '2020-06-02 23:59:59' ) LIMIT 1 [ RunTime:0.000461s ]
[ sql ] [ SQL ] SELECT COUNT(*) AS tp_count FROM `tk_houses` WHERE  (   cdate >= '2020-06-03 00:00:00' and cdate <= '2020-06-03 23:59:59' ) LIMIT 1 [ RunTime:0.000483s ]
[ sql ] [ SQL ] SELECT COUNT(*) AS tp_count FROM `tk_user` WHERE  (   cdate >= '2020-06-03 00:00:00' and cdate <= '2020-06-03 23:59:59' ) LIMIT 1 [ RunTime:0.000930s ]
---------------------------------------------------------------
[ 2020-06-03T09:27:36+08:00 ] 127.0.0.1 POST www.huaxiang.com/xcx/index/gethousepie.html
[运行时间：0.101940s] [吞吐率：9.81req/s] [内存消耗：3,008.61kb] [文件加载：56]
[ info ] [ LANG ] D:\phpStudy\PHPTutorial\WWW\newxcx\huaxiang\thinkphp\lang\zh-cn.php
[ info ] [ ROUTE ] array (
  'type' => 'module',
  'module' => 
  array (
    0 => 'xcx',
    1 => 'index',
    2 => 'gethousepie',
  ),
)
[ info ] [ HEADER ] array (
  'host' => 'www.huaxiang.com',
  'connection' => 'keep-alive',
  'content-length' => '0',
  'accept' => 'application/json, text/javascript, */*; q=0.01',
  'origin' => 'http://www.huaxiang.com',
  'x-requested-with' => 'XMLHttpRequest',
  'user-agent' => 'Mozilla/5.0 (Windows NT 10.0; Win64; x64) AppleWebKit/537.36 (KHTML, like Gecko) Chrome/78.0.3904.70 Safari/537.36',
  'referer' => 'http://www.huaxiang.com/xcx/index/welcome.html',
  'accept-encoding' => 'gzip, deflate',
  'accept-language' => 'zh-CN,zh;q=0.9',
  'cookie' => 'PHPSESSID=ru01iog52uk0c5sb87voqha6a2',
)
[ info ] [ PARAM ] array (
  '/xcx/index/gethousepie_html' => '',
)
[ info ] [ SESSION ] INIT array (
  'id' => '',
  'var_session_id' => '',
  'prefix' => 'think',
  'type' => '',
  'auto_start' => true,
)
[ info ] [ RUN ] app\xcx\controller\Index->getHousePie[ D:\phpStudy\PHPTutorial\WWW\newxcx\huaxiang\application\xcx\controller\Index.php ]
[ info ] [ DB ] INIT mysql
[ info ] [ LOG ] INIT File
[ sql ] [ DB ] CONNECT:[ UseTime:0.001512s ] mysql:host=127.0.0.1;port=3306;dbname=xcxnew;charset=utf8mb4
[ sql ] [ SQL ] SHOW COLUMNS FROM `tk_houses` [ RunTime:0.018780s ]
[ sql ] [ SQL ] SELECT COUNT(*) AS tp_count FROM `tk_houses` WHERE  (  city = '墨尔本' ) LIMIT 1 [ RunTime:0.001625s ]
[ sql ] [ SQL ] SELECT COUNT(*) AS tp_count FROM `tk_houses` WHERE  (  city = '悉尼' ) LIMIT 1 [ RunTime:0.001474s ]
[ sql ] [ SQL ] SELECT COUNT(*) AS tp_count FROM `tk_houses` WHERE  (  city = '塔州' ) LIMIT 1 [ RunTime:0.000788s ]
[ sql ] [ SQL ] SELECT COUNT(*) AS tp_count FROM `tk_houses` WHERE  (  city = '布里斯班' ) LIMIT 1 [ RunTime:0.000558s ]
---------------------------------------------------------------
[ 2020-06-03T09:38:45+08:00 ] 127.0.0.1 GET www.huaxiang.com/xcx/index/index.html
[运行时间：0.279729s] [吞吐率：3.57req/s] [内存消耗：3,325.36kb] [文件加载：57]
[ info ] [ LANG ] D:\phpStudy\PHPTutorial\WWW\newxcx\huaxiang\thinkphp\lang\zh-cn.php
[ info ] [ ROUTE ] array (
  'type' => 'module',
  'module' => 
  array (
    0 => 'xcx',
    1 => 'index',
    2 => 'index',
  ),
)
[ info ] [ HEADER ] array (
  'host' => 'www.huaxiang.com',
  'connection' => 'keep-alive',
  'cache-control' => 'max-age=0',
  'upgrade-insecure-requests' => '1',
  'user-agent' => 'Mozilla/5.0 (Windows NT 10.0; Win64; x64) AppleWebKit/537.36 (KHTML, like Gecko) Chrome/78.0.3904.70 Safari/537.36',
  'accept' => 'text/html,application/xhtml+xml,application/xml;q=0.9,image/webp,image/apng,*/*;q=0.8,application/signed-exchange;v=b3',
  'referer' => 'http://www.huaxiang.com/xcx/login/login.html',
  'accept-encoding' => 'gzip, deflate',
  'accept-language' => 'zh-CN,zh;q=0.9',
  'cookie' => 'PHPSESSID=ru01iog52uk0c5sb87voqha6a2',
)
[ info ] [ PARAM ] array (
  '/xcx/index/index_html' => '',
)
[ info ] [ SESSION ] INIT array (
  'id' => '',
  'var_session_id' => '',
  'prefix' => 'think',
  'type' => '',
  'auto_start' => true,
)
[ info ] [ RUN ] app\xcx\controller\Index->index[ D:\phpStudy\PHPTutorial\WWW\newxcx\huaxiang\application\xcx\controller\Index.php ]
[ info ] [ DB ] INIT mysql
[ info ] [ VIEW ] D:\phpStudy\PHPTutorial\WWW\newxcx\huaxiang\public/../application/xcx\view\index\index.html [ array (
  0 => 'admin',
  1 => 'menuList',
  2 => 'siteName',
  3 => 'ad_role',
) ]
[ info ] [ LOG ] INIT File
[ sql ] [ DB ] CONNECT:[ UseTime:0.001512s ] mysql:host=127.0.0.1;port=3306;dbname=xcxnew;charset=utf8mb4
[ sql ] [ SQL ] SHOW COLUMNS FROM `super_admin` [ RunTime:0.016292s ]
[ sql ] [ SQL ] SELECT * FROM `super_admin` `admin` WHERE  `admin`.`ad_id` = 1 LIMIT 1 [ RunTime:0.001277s ]
[ sql ] [ SQL ] SHOW COLUMNS FROM `super_role` [ RunTime:0.018198s ]
[ sql ] [ SQL ] SELECT `r_power` FROM `super_role` WHERE  `r_id` = 1 LIMIT 1 [ RunTime:0.001185s ]
[ sql ] [ SQL ] SELECT `r_power` FROM `super_role` WHERE  `r_id` = 43 LIMIT 1 [ RunTime:0.000531s ]
[ sql ] [ SQL ] SELECT `r_power` FROM `super_role` WHERE  `r_id` = 44 LIMIT 1 [ RunTime:0.000856s ]
[ sql ] [ SQL ] SHOW COLUMNS FROM `super_menu` [ RunTime:0.017274s ]
[ sql ] [ SQL ] SELECT * FROM `super_menu` WHERE  `m_id` = 10 LIMIT 1 [ RunTime:0.001082s ]
[ sql ] [ SQL ] SELECT * FROM `super_menu` WHERE  `m_id` = 11 LIMIT 1 [ RunTime:0.000721s ]
[ sql ] [ SQL ] SELECT * FROM `super_menu` WHERE  `m_id` = 87 LIMIT 1 [ RunTime:0.000476s ]
[ sql ] [ SQL ] SELECT * FROM `super_menu` WHERE  `m_id` = 1 LIMIT 1 [ RunTime:0.000762s ]
[ sql ] [ SQL ] SELECT * FROM `super_menu` WHERE  `m_id` = 2 LIMIT 1 [ RunTime:0.000635s ]
[ sql ] [ SQL ] SELECT * FROM `super_menu` WHERE  `m_id` = 247 LIMIT 1 [ RunTime:0.000498s ]
[ sql ] [ SQL ] SELECT * FROM `super_menu` WHERE  `m_id` = 248 LIMIT 1 [ RunTime:0.000791s ]
[ sql ] [ SQL ] SELECT * FROM `super_menu` WHERE  `m_id` = 249 LIMIT 1 [ RunTime:0.000846s ]
[ sql ] [ SQL ] SELECT * FROM `super_menu` WHERE  `m_id` = 250 LIMIT 1 [ RunTime:0.000832s ]
[ sql ] [ SQL ] SELECT * FROM `super_menu` WHERE  `m_id` = 251 LIMIT 1 [ RunTime:0.001041s ]
[ sql ] [ SQL ] SELECT * FROM `super_menu` WHERE  `m_id` = 4 LIMIT 1 [ RunTime:0.001234s ]
[ sql ] [ SQL ] SELECT * FROM `super_menu` WHERE  `m_id` = 252 LIMIT 1 [ RunTime:0.000798s ]
[ sql ] [ SQL ] SELECT * FROM `super_menu` WHERE  `m_id` = 253 LIMIT 1 [ RunTime:0.000434s ]
[ sql ] [ SQL ] SELECT * FROM `super_menu` WHERE  `m_id` = 254 LIMIT 1 [ RunTime:0.000650s ]
[ sql ] [ SQL ] SELECT * FROM `super_menu` WHERE  `m_id` = 214 LIMIT 1 [ RunTime:0.001707s ]
[ sql ] [ SQL ] SELECT * FROM `super_menu` WHERE  `m_id` = 215 LIMIT 1 [ RunTime:0.000662s ]
[ sql ] [ SQL ] SELECT * FROM `super_menu` WHERE  `m_id` = 268 LIMIT 1 [ RunTime:0.000917s ]
[ sql ] [ SQL ] SELECT * FROM `super_menu` WHERE  `m_id` = 269 LIMIT 1 [ RunTime:0.001241s ]
[ sql ] [ SQL ] SELECT * FROM `super_menu` WHERE  `m_id` = 270 LIMIT 1 [ RunTime:0.001250s ]
[ sql ] [ SQL ] SELECT * FROM `super_menu` WHERE  `m_id` = 216 LIMIT 1 [ RunTime:0.000949s ]
[ sql ] [ SQL ] SELECT * FROM `super_menu` WHERE  `m_id` = 271 LIMIT 1 [ RunTime:0.000887s ]
[ sql ] [ SQL ] SELECT * FROM `super_menu` WHERE  `m_id` = 272 LIMIT 1 [ RunTime:0.000860s ]
[ sql ] [ SQL ] SELECT * FROM `super_menu` WHERE  `m_id` = 273 LIMIT 1 [ RunTime:0.000693s ]
[ sql ] [ SQL ] SELECT * FROM `super_menu` WHERE  `m_id` = 217 LIMIT 1 [ RunTime:0.001041s ]
[ sql ] [ SQL ] SELECT * FROM `super_menu` WHERE  `m_id` = 218 LIMIT 1 [ RunTime:0.001177s ]
[ sql ] [ SQL ] SELECT * FROM `super_menu` WHERE  `m_id` = 201 LIMIT 1 [ RunTime:0.000507s ]
[ sql ] [ SQL ] SELECT * FROM `super_menu` WHERE  `m_id` = 210 LIMIT 1 [ RunTime:0.000578s ]
[ sql ] [ SQL ] SELECT * FROM `super_menu` WHERE  `m_id` = 274 LIMIT 1 [ RunTime:0.001346s ]
[ sql ] [ SQL ] SELECT * FROM `super_menu` WHERE  `m_id` = 275 LIMIT 1 [ RunTime:0.001213s ]
[ sql ] [ SQL ] SELECT * FROM `super_menu` WHERE  `m_id` = 222 LIMIT 1 [ RunTime:0.001572s ]
[ sql ] [ SQL ] SELECT * FROM `super_menu` WHERE  `m_id` = 256 LIMIT 1 [ RunTime:0.001749s ]
[ sql ] [ SQL ] SELECT * FROM `super_menu` WHERE  `m_id` = 223 LIMIT 1 [ RunTime:0.002261s ]
[ sql ] [ SQL ] SELECT * FROM `super_menu` WHERE  `m_id` = 277 LIMIT 1 [ RunTime:0.002095s ]
[ sql ] [ SQL ] SELECT * FROM `super_menu` WHERE  `m_id` = 278 LIMIT 1 [ RunTime:0.001187s ]
[ sql ] [ SQL ] SELECT * FROM `super_menu` WHERE  `m_id` = 202 LIMIT 1 [ RunTime:0.001086s ]
[ sql ] [ SQL ] SELECT * FROM `super_menu` WHERE  `m_id` = 209 LIMIT 1 [ RunTime:0.001049s ]
[ sql ] [ SQL ] SELECT * FROM `super_menu` WHERE  `m_id` = 240 LIMIT 1 [ RunTime:0.000755s ]
[ sql ] [ SQL ] SELECT * FROM `super_menu` WHERE  `m_id` = 230 LIMIT 1 [ RunTime:0.001846s ]
[ sql ] [ SQL ] SELECT * FROM `super_menu` WHERE  `m_id` = 232 LIMIT 1 [ RunTime:0.003429s ]
[ sql ] [ SQL ] SELECT * FROM `super_menu` WHERE  `m_id` = 233 LIMIT 1 [ RunTime:0.001160s ]
[ sql ] [ SQL ] SELECT * FROM `super_menu` WHERE  `m_id` = 241 LIMIT 1 [ RunTime:0.001156s ]
[ sql ] [ SQL ] SELECT * FROM `super_menu` WHERE  `m_id` = 229 LIMIT 1 [ RunTime:0.001334s ]
[ sql ] [ SQL ] SELECT * FROM `super_menu` WHERE  `m_id` = 242 LIMIT 1 [ RunTime:0.000765s ]
[ sql ] [ SQL ] SELECT * FROM `super_menu` WHERE  `m_id` = 243 LIMIT 1 [ RunTime:0.000778s ]
[ sql ] [ SQL ] SELECT * FROM `super_menu` WHERE  `m_id` = 244 LIMIT 1 [ RunTime:0.000461s ]
[ sql ] [ SQL ] SELECT * FROM `super_menu` WHERE  `m_id` = 203 LIMIT 1 [ RunTime:0.001154s ]
[ sql ] [ SQL ] SELECT * FROM `super_menu` WHERE  `m_id` = 208 LIMIT 1 [ RunTime:0.000614s ]
[ sql ] [ SQL ] SELECT * FROM `super_menu` WHERE  `m_id` = 245 LIMIT 1 [ RunTime:0.000524s ]
[ sql ] [ SQL ] SELECT * FROM `super_menu` WHERE  `m_id` = 246 LIMIT 1 [ RunTime:0.001384s ]
[ sql ] [ SQL ] SELECT * FROM `super_menu` WHERE  `m_id` = 204 LIMIT 1 [ RunTime:0.001254s ]
[ sql ] [ SQL ] SELECT * FROM `super_menu` WHERE  `m_id` = 207 LIMIT 1 [ RunTime:0.002511s ]
[ sql ] [ SQL ] SELECT * FROM `super_menu` WHERE  `m_id` = 205 LIMIT 1 [ RunTime:0.000984s ]
[ sql ] [ SQL ] SELECT * FROM `super_menu` WHERE  `m_id` = 206 LIMIT 1 [ RunTime:0.001099s ]
[ sql ] [ SQL ] SELECT * FROM `super_menu` WHERE  `m_id` = 219 LIMIT 1 [ RunTime:0.000623s ]
[ sql ] [ SQL ] SELECT * FROM `super_menu` WHERE  `m_id` = 220 LIMIT 1 [ RunTime:0.000540s ]
[ sql ] [ SQL ] SELECT * FROM `super_menu` WHERE  `m_id` = 221 LIMIT 1 [ RunTime:0.001412s ]
[ sql ] [ SQL ] SELECT * FROM `super_menu` WHERE  `m_id` = 225 LIMIT 1 [ RunTime:0.000877s ]
[ sql ] [ SQL ] SELECT * FROM `super_menu` WHERE  `m_id` = 226 LIMIT 1 [ RunTime:0.000534s ]
[ sql ] [ SQL ] SELECT * FROM `super_menu` WHERE  `m_id` = 227 LIMIT 1 [ RunTime:0.001103s ]
[ sql ] [ SQL ] SELECT * FROM `super_menu` WHERE  `m_id` = 228 LIMIT 1 [ RunTime:0.000941s ]
[ sql ] [ SQL ] SELECT * FROM `super_menu` WHERE  `m_id` = 234 LIMIT 1 [ RunTime:0.001081s ]
[ sql ] [ SQL ] SELECT * FROM `super_menu` WHERE  `m_id` = 235 LIMIT 1 [ RunTime:0.001183s ]
[ sql ] [ SQL ] SELECT * FROM `super_menu` WHERE  `m_id` = 237 LIMIT 1 [ RunTime:0.000694s ]
[ sql ] [ SQL ] SELECT * FROM `super_menu` WHERE  `m_id` = 238 LIMIT 1 [ RunTime:0.000590s ]
[ sql ] [ SQL ] SELECT * FROM `super_menu` WHERE  `m_id` = 239 LIMIT 1 [ RunTime:0.000651s ]
[ sql ] [ SQL ] SELECT * FROM `super_menu` WHERE  `m_id` = 236 LIMIT 1 [ RunTime:0.000518s ]
[ sql ] [ SQL ] SELECT * FROM `super_menu` WHERE  `m_id` = 211 LIMIT 1 [ RunTime:0.000786s ]
[ sql ] [ SQL ] SELECT * FROM `super_admin` INNER JOIN `super_role` ON `super_admin`.`ad_role`=`super_role`.`r_id` WHERE  `ad_id` = 1 LIMIT 1 [ RunTime:0.001208s ]
[ sql ] [ SQL ] SHOW COLUMNS FROM `super_setinfo` [ RunTime:0.018189s ]
[ sql ] [ SQL ] SELECT `s_value` FROM `super_setinfo` WHERE  `s_key` = 'webname' [ RunTime:0.000645s ]
---------------------------------------------------------------
[ 2020-06-03T09:38:46+08:00 ] 127.0.0.1 GET www.huaxiang.com/xcx/index/welcome.html
[运行时间：0.192995s] [吞吐率：5.18req/s] [内存消耗：3,084.91kb] [文件加载：58]
[ info ] [ LANG ] D:\phpStudy\PHPTutorial\WWW\newxcx\huaxiang\thinkphp\lang\zh-cn.php
[ info ] [ ROUTE ] array (
  'type' => 'module',
  'module' => 
  array (
    0 => 'xcx',
    1 => 'index',
    2 => 'welcome',
  ),
)
[ info ] [ HEADER ] array (
  'host' => 'www.huaxiang.com',
  'connection' => 'keep-alive',
  'upgrade-insecure-requests' => '1',
  'user-agent' => 'Mozilla/5.0 (Windows NT 10.0; Win64; x64) AppleWebKit/537.36 (KHTML, like Gecko) Chrome/78.0.3904.70 Safari/537.36',
  'accept' => 'text/html,application/xhtml+xml,application/xml;q=0.9,image/webp,image/apng,*/*;q=0.8,application/signed-exchange;v=b3',
  'referer' => 'http://www.huaxiang.com/xcx/index/index.html',
  'accept-encoding' => 'gzip, deflate',
  'accept-language' => 'zh-CN,zh;q=0.9',
  'cookie' => 'PHPSESSID=ru01iog52uk0c5sb87voqha6a2',
)
[ info ] [ PARAM ] array (
  '/xcx/index/welcome_html' => '',
)
[ info ] [ SESSION ] INIT array (
  'id' => '',
  'var_session_id' => '',
  'prefix' => 'think',
  'type' => '',
  'auto_start' => true,
)
[ info ] [ RUN ] app\xcx\controller\Index->welcome[ D:\phpStudy\PHPTutorial\WWW\newxcx\huaxiang\application\xcx\controller\Index.php ]
[ info ] [ DB ] INIT mysql
[ info ] [ VIEW ] D:\phpStudy\PHPTutorial\WWW\newxcx\huaxiang\public/../application/xcx\view\index\welcome.html [ array (
  0 => 'allHouse',
  1 => 'allUser',
  2 => 'todayHouse',
  3 => 'todayUser',
) ]
[ info ] [ LOG ] INIT File
[ sql ] [ DB ] CONNECT:[ UseTime:0.002014s ] mysql:host=127.0.0.1;port=3306;dbname=xcxnew;charset=utf8mb4
[ sql ] [ SQL ] SHOW COLUMNS FROM `tk_houses` [ RunTime:0.022238s ]
[ sql ] [ SQL ] SELECT COUNT(*) AS tp_count FROM `tk_houses` WHERE  (  1 = 1 ) LIMIT 1 [ RunTime:0.001095s ]
[ sql ] [ SQL ] SHOW COLUMNS FROM `tk_user` [ RunTime:0.018624s ]
[ sql ] [ SQL ] SELECT COUNT(*) AS tp_count FROM `tk_user` WHERE  (  1 = 1 ) LIMIT 1 [ RunTime:0.000863s ]
[ sql ] [ SQL ] SELECT COUNT(*) AS tp_count FROM `tk_user` WHERE  (  (cdate >= '2020-06-03 00:00:00' and cdate <= '2020-06-03 23:59:59') ) LIMIT 1 [ RunTime:0.001031s ]
[ sql ] [ SQL ] SELECT COUNT(*) AS tp_count FROM `tk_houses` WHERE  (  (cdate >= '2020-06-03 00:00:00' and cdate <= '2020-06-03 23:59:59') ) LIMIT 1 [ RunTime:0.000785s ]
[ sql ] [ SQL ] UPDATE `tk_houses`  SET `status`=2  WHERE  (  cdate <= '2020-05-03 09:38:46' ) [ RunTime:0.001234s ]
---------------------------------------------------------------
[ 2020-06-03T09:38:46+08:00 ] 127.0.0.1 POST www.huaxiang.com/xcx/index/gethouse.html
[运行时间：0.195321s] [吞吐率：5.12req/s] [内存消耗：3,220.66kb] [文件加载：56]
[ info ] [ LANG ] D:\phpStudy\PHPTutorial\WWW\newxcx\huaxiang\thinkphp\lang\zh-cn.php
[ info ] [ ROUTE ] array (
  'type' => 'module',
  'module' => 
  array (
    0 => 'xcx',
    1 => 'index',
    2 => 'gethouse',
  ),
)
[ info ] [ HEADER ] array (
  'host' => 'www.huaxiang.com',
  'connection' => 'keep-alive',
  'content-length' => '0',
  'accept' => 'application/json, text/javascript, */*; q=0.01',
  'origin' => 'http://www.huaxiang.com',
  'x-requested-with' => 'XMLHttpRequest',
  'user-agent' => 'Mozilla/5.0 (Windows NT 10.0; Win64; x64) AppleWebKit/537.36 (KHTML, like Gecko) Chrome/78.0.3904.70 Safari/537.36',
  'referer' => 'http://www.huaxiang.com/xcx/index/welcome.html',
  'accept-encoding' => 'gzip, deflate',
  'accept-language' => 'zh-CN,zh;q=0.9',
  'cookie' => 'PHPSESSID=ru01iog52uk0c5sb87voqha6a2',
)
[ info ] [ PARAM ] array (
  '/xcx/index/gethouse_html' => '',
)
[ info ] [ SESSION ] INIT array (
  'id' => '',
  'var_session_id' => '',
  'prefix' => 'think',
  'type' => '',
  'auto_start' => true,
)
[ info ] [ RUN ] app\xcx\controller\Index->getHouse[ D:\phpStudy\PHPTutorial\WWW\newxcx\huaxiang\application\xcx\controller\Index.php ]
[ info ] [ DB ] INIT mysql
[ info ] [ LOG ] INIT File
[ sql ] [ DB ] CONNECT:[ UseTime:0.001836s ] mysql:host=127.0.0.1;port=3306;dbname=xcxnew;charset=utf8mb4
[ sql ] [ SQL ] SHOW COLUMNS FROM `tk_houses` [ RunTime:0.017304s ]
[ sql ] [ SQL ] SELECT COUNT(*) AS tp_count FROM `tk_houses` WHERE  (   cdate >= '2020-05-04 00:00:00' and cdate <= '2020-05-04 23:59:59' ) LIMIT 1 [ RunTime:0.000894s ]
[ sql ] [ SQL ] SHOW COLUMNS FROM `tk_user` [ RunTime:0.016840s ]
[ sql ] [ SQL ] SELECT COUNT(*) AS tp_count FROM `tk_user` WHERE  (   cdate >= '2020-05-04 00:00:00' and cdate <= '2020-05-04 23:59:59' ) LIMIT 1 [ RunTime:0.000707s ]
[ sql ] [ SQL ] SELECT COUNT(*) AS tp_count FROM `tk_houses` WHERE  (   cdate >= '2020-05-05 00:00:00' and cdate <= '2020-05-05 23:59:59' ) LIMIT 1 [ RunTime:0.000809s ]
[ sql ] [ SQL ] SELECT COUNT(*) AS tp_count FROM `tk_user` WHERE  (   cdate >= '2020-05-05 00:00:00' and cdate <= '2020-05-05 23:59:59' ) LIMIT 1 [ RunTime:0.000577s ]
[ sql ] [ SQL ] SELECT COUNT(*) AS tp_count FROM `tk_houses` WHERE  (   cdate >= '2020-05-06 00:00:00' and cdate <= '2020-05-06 23:59:59' ) LIMIT 1 [ RunTime:0.000481s ]
[ sql ] [ SQL ] SELECT COUNT(*) AS tp_count FROM `tk_user` WHERE  (   cdate >= '2020-05-06 00:00:00' and cdate <= '2020-05-06 23:59:59' ) LIMIT 1 [ RunTime:0.000401s ]
[ sql ] [ SQL ] SELECT COUNT(*) AS tp_count FROM `tk_houses` WHERE  (   cdate >= '2020-05-07 00:00:00' and cdate <= '2020-05-07 23:59:59' ) LIMIT 1 [ RunTime:0.000575s ]
[ sql ] [ SQL ] SELECT COUNT(*) AS tp_count FROM `tk_user` WHERE  (   cdate >= '2020-05-07 00:00:00' and cdate <= '2020-05-07 23:59:59' ) LIMIT 1 [ RunTime:0.000419s ]
[ sql ] [ SQL ] SELECT COUNT(*) AS tp_count FROM `tk_houses` WHERE  (   cdate >= '2020-05-08 00:00:00' and cdate <= '2020-05-08 23:59:59' ) LIMIT 1 [ RunTime:0.001031s ]
[ sql ] [ SQL ] SELECT COUNT(*) AS tp_count FROM `tk_user` WHERE  (   cdate >= '2020-05-08 00:00:00' and cdate <= '2020-05-08 23:59:59' ) LIMIT 1 [ RunTime:0.000785s ]
[ sql ] [ SQL ] SELECT COUNT(*) AS tp_count FROM `tk_houses` WHERE  (   cdate >= '2020-05-09 00:00:00' and cdate <= '2020-05-09 23:59:59' ) LIMIT 1 [ RunTime:0.000597s ]
[ sql ] [ SQL ] SELECT COUNT(*) AS tp_count FROM `tk_user` WHERE  (   cdate >= '2020-05-09 00:00:00' and cdate <= '2020-05-09 23:59:59' ) LIMIT 1 [ RunTime:0.000407s ]
[ sql ] [ SQL ] SELECT COUNT(*) AS tp_count FROM `tk_houses` WHERE  (   cdate >= '2020-05-10 00:00:00' and cdate <= '2020-05-10 23:59:59' ) LIMIT 1 [ RunTime:0.000774s ]
[ sql ] [ SQL ] SELECT COUNT(*) AS tp_count FROM `tk_user` WHERE  (   cdate >= '2020-05-10 00:00:00' and cdate <= '2020-05-10 23:59:59' ) LIMIT 1 [ RunTime:0.000492s ]
[ sql ] [ SQL ] SELECT COUNT(*) AS tp_count FROM `tk_houses` WHERE  (   cdate >= '2020-05-11 00:00:00' and cdate <= '2020-05-11 23:59:59' ) LIMIT 1 [ RunTime:0.000450s ]
[ sql ] [ SQL ] SELECT COUNT(*) AS tp_count FROM `tk_user` WHERE  (   cdate >= '2020-05-11 00:00:00' and cdate <= '2020-05-11 23:59:59' ) LIMIT 1 [ RunTime:0.000484s ]
[ sql ] [ SQL ] SELECT COUNT(*) AS tp_count FROM `tk_houses` WHERE  (   cdate >= '2020-05-12 00:00:00' and cdate <= '2020-05-12 23:59:59' ) LIMIT 1 [ RunTime:0.000565s ]
[ sql ] [ SQL ] SELECT COUNT(*) AS tp_count FROM `tk_user` WHERE  (   cdate >= '2020-05-12 00:00:00' and cdate <= '2020-05-12 23:59:59' ) LIMIT 1 [ RunTime:0.000546s ]
[ sql ] [ SQL ] SELECT COUNT(*) AS tp_count FROM `tk_houses` WHERE  (   cdate >= '2020-05-13 00:00:00' and cdate <= '2020-05-13 23:59:59' ) LIMIT 1 [ RunTime:0.000697s ]
[ sql ] [ SQL ] SELECT COUNT(*) AS tp_count FROM `tk_user` WHERE  (   cdate >= '2020-05-13 00:00:00' and cdate <= '2020-05-13 23:59:59' ) LIMIT 1 [ RunTime:0.000694s ]
[ sql ] [ SQL ] SELECT COUNT(*) AS tp_count FROM `tk_houses` WHERE  (   cdate >= '2020-05-14 00:00:00' and cdate <= '2020-05-14 23:59:59' ) LIMIT 1 [ RunTime:0.000551s ]
[ sql ] [ SQL ] SELECT COUNT(*) AS tp_count FROM `tk_user` WHERE  (   cdate >= '2020-05-14 00:00:00' and cdate <= '2020-05-14 23:59:59' ) LIMIT 1 [ RunTime:0.000452s ]
[ sql ] [ SQL ] SELECT COUNT(*) AS tp_count FROM `tk_houses` WHERE  (   cdate >= '2020-05-15 00:00:00' and cdate <= '2020-05-15 23:59:59' ) LIMIT 1 [ RunTime:0.000888s ]
[ sql ] [ SQL ] SELECT COUNT(*) AS tp_count FROM `tk_user` WHERE  (   cdate >= '2020-05-15 00:00:00' and cdate <= '2020-05-15 23:59:59' ) LIMIT 1 [ RunTime:0.000649s ]
[ sql ] [ SQL ] SELECT COUNT(*) AS tp_count FROM `tk_houses` WHERE  (   cdate >= '2020-05-16 00:00:00' and cdate <= '2020-05-16 23:59:59' ) LIMIT 1 [ RunTime:0.001026s ]
[ sql ] [ SQL ] SELECT COUNT(*) AS tp_count FROM `tk_user` WHERE  (   cdate >= '2020-05-16 00:00:00' and cdate <= '2020-05-16 23:59:59' ) LIMIT 1 [ RunTime:0.000755s ]
[ sql ] [ SQL ] SELECT COUNT(*) AS tp_count FROM `tk_houses` WHERE  (   cdate >= '2020-05-17 00:00:00' and cdate <= '2020-05-17 23:59:59' ) LIMIT 1 [ RunTime:0.000731s ]
[ sql ] [ SQL ] SELECT COUNT(*) AS tp_count FROM `tk_user` WHERE  (   cdate >= '2020-05-17 00:00:00' and cdate <= '2020-05-17 23:59:59' ) LIMIT 1 [ RunTime:0.000725s ]
[ sql ] [ SQL ] SELECT COUNT(*) AS tp_count FROM `tk_houses` WHERE  (   cdate >= '2020-05-18 00:00:00' and cdate <= '2020-05-18 23:59:59' ) LIMIT 1 [ RunTime:0.001078s ]
[ sql ] [ SQL ] SELECT COUNT(*) AS tp_count FROM `tk_user` WHERE  (   cdate >= '2020-05-18 00:00:00' and cdate <= '2020-05-18 23:59:59' ) LIMIT 1 [ RunTime:0.000538s ]
[ sql ] [ SQL ] SELECT COUNT(*) AS tp_count FROM `tk_houses` WHERE  (   cdate >= '2020-05-19 00:00:00' and cdate <= '2020-05-19 23:59:59' ) LIMIT 1 [ RunTime:0.001000s ]
[ sql ] [ SQL ] SELECT COUNT(*) AS tp_count FROM `tk_user` WHERE  (   cdate >= '2020-05-19 00:00:00' and cdate <= '2020-05-19 23:59:59' ) LIMIT 1 [ RunTime:0.000692s ]
[ sql ] [ SQL ] SELECT COUNT(*) AS tp_count FROM `tk_houses` WHERE  (   cdate >= '2020-05-20 00:00:00' and cdate <= '2020-05-20 23:59:59' ) LIMIT 1 [ RunTime:0.000795s ]
[ sql ] [ SQL ] SELECT COUNT(*) AS tp_count FROM `tk_user` WHERE  (   cdate >= '2020-05-20 00:00:00' and cdate <= '2020-05-20 23:59:59' ) LIMIT 1 [ RunTime:0.000660s ]
[ sql ] [ SQL ] SELECT COUNT(*) AS tp_count FROM `tk_houses` WHERE  (   cdate >= '2020-05-21 00:00:00' and cdate <= '2020-05-21 23:59:59' ) LIMIT 1 [ RunTime:0.000606s ]
[ sql ] [ SQL ] SELECT COUNT(*) AS tp_count FROM `tk_user` WHERE  (   cdate >= '2020-05-21 00:00:00' and cdate <= '2020-05-21 23:59:59' ) LIMIT 1 [ RunTime:0.000983s ]
[ sql ] [ SQL ] SELECT COUNT(*) AS tp_count FROM `tk_houses` WHERE  (   cdate >= '2020-05-22 00:00:00' and cdate <= '2020-05-22 23:59:59' ) LIMIT 1 [ RunTime:0.000582s ]
[ sql ] [ SQL ] SELECT COUNT(*) AS tp_count FROM `tk_user` WHERE  (   cdate >= '2020-05-22 00:00:00' and cdate <= '2020-05-22 23:59:59' ) LIMIT 1 [ RunTime:0.000635s ]
[ sql ] [ SQL ] SELECT COUNT(*) AS tp_count FROM `tk_houses` WHERE  (   cdate >= '2020-05-23 00:00:00' and cdate <= '2020-05-23 23:59:59' ) LIMIT 1 [ RunTime:0.000829s ]
[ sql ] [ SQL ] SELECT COUNT(*) AS tp_count FROM `tk_user` WHERE  (   cdate >= '2020-05-23 00:00:00' and cdate <= '2020-05-23 23:59:59' ) LIMIT 1 [ RunTime:0.000481s ]
[ sql ] [ SQL ] SELECT COUNT(*) AS tp_count FROM `tk_houses` WHERE  (   cdate >= '2020-05-24 00:00:00' and cdate <= '2020-05-24 23:59:59' ) LIMIT 1 [ RunTime:0.000446s ]
[ sql ] [ SQL ] SELECT COUNT(*) AS tp_count FROM `tk_user` WHERE  (   cdate >= '2020-05-24 00:00:00' and cdate <= '2020-05-24 23:59:59' ) LIMIT 1 [ RunTime:0.000395s ]
[ sql ] [ SQL ] SELECT COUNT(*) AS tp_count FROM `tk_houses` WHERE  (   cdate >= '2020-05-25 00:00:00' and cdate <= '2020-05-25 23:59:59' ) LIMIT 1 [ RunTime:0.000758s ]
[ sql ] [ SQL ] SELECT COUNT(*) AS tp_count FROM `tk_user` WHERE  (   cdate >= '2020-05-25 00:00:00' and cdate <= '2020-05-25 23:59:59' ) LIMIT 1 [ RunTime:0.000399s ]
[ sql ] [ SQL ] SELECT COUNT(*) AS tp_count FROM `tk_houses` WHERE  (   cdate >= '2020-05-26 00:00:00' and cdate <= '2020-05-26 23:59:59' ) LIMIT 1 [ RunTime:0.000383s ]
[ sql ] [ SQL ] SELECT COUNT(*) AS tp_count FROM `tk_user` WHERE  (   cdate >= '2020-05-26 00:00:00' and cdate <= '2020-05-26 23:59:59' ) LIMIT 1 [ RunTime:0.000332s ]
[ sql ] [ SQL ] SELECT COUNT(*) AS tp_count FROM `tk_houses` WHERE  (   cdate >= '2020-05-27 00:00:00' and cdate <= '2020-05-27 23:59:59' ) LIMIT 1 [ RunTime:0.000479s ]
[ sql ] [ SQL ] SELECT COUNT(*) AS tp_count FROM `tk_user` WHERE  (   cdate >= '2020-05-27 00:00:00' and cdate <= '2020-05-27 23:59:59' ) LIMIT 1 [ RunTime:0.000819s ]
[ sql ] [ SQL ] SELECT COUNT(*) AS tp_count FROM `tk_houses` WHERE  (   cdate >= '2020-05-28 00:00:00' and cdate <= '2020-05-28 23:59:59' ) LIMIT 1 [ RunTime:0.001415s ]
[ sql ] [ SQL ] SELECT COUNT(*) AS tp_count FROM `tk_user` WHERE  (   cdate >= '2020-05-28 00:00:00' and cdate <= '2020-05-28 23:59:59' ) LIMIT 1 [ RunTime:0.000613s ]
[ sql ] [ SQL ] SELECT COUNT(*) AS tp_count FROM `tk_houses` WHERE  (   cdate >= '2020-05-29 00:00:00' and cdate <= '2020-05-29 23:59:59' ) LIMIT 1 [ RunTime:0.000467s ]
[ sql ] [ SQL ] SELECT COUNT(*) AS tp_count FROM `tk_user` WHERE  (   cdate >= '2020-05-29 00:00:00' and cdate <= '2020-05-29 23:59:59' ) LIMIT 1 [ RunTime:0.000408s ]
[ sql ] [ SQL ] SELECT COUNT(*) AS tp_count FROM `tk_houses` WHERE  (   cdate >= '2020-05-30 00:00:00' and cdate <= '2020-05-30 23:59:59' ) LIMIT 1 [ RunTime:0.000582s ]
[ sql ] [ SQL ] SELECT COUNT(*) AS tp_count FROM `tk_user` WHERE  (   cdate >= '2020-05-30 00:00:00' and cdate <= '2020-05-30 23:59:59' ) LIMIT 1 [ RunTime:0.000599s ]
[ sql ] [ SQL ] SELECT COUNT(*) AS tp_count FROM `tk_houses` WHERE  (   cdate >= '2020-05-31 00:00:00' and cdate <= '2020-05-31 23:59:59' ) LIMIT 1 [ RunTime:0.000770s ]
[ sql ] [ SQL ] SELECT COUNT(*) AS tp_count FROM `tk_user` WHERE  (   cdate >= '2020-05-31 00:00:00' and cdate <= '2020-05-31 23:59:59' ) LIMIT 1 [ RunTime:0.000617s ]
[ sql ] [ SQL ] SELECT COUNT(*) AS tp_count FROM `tk_houses` WHERE  (   cdate >= '2020-06-01 00:00:00' and cdate <= '2020-06-01 23:59:59' ) LIMIT 1 [ RunTime:0.000441s ]
[ sql ] [ SQL ] SELECT COUNT(*) AS tp_count FROM `tk_user` WHERE  (   cdate >= '2020-06-01 00:00:00' and cdate <= '2020-06-01 23:59:59' ) LIMIT 1 [ RunTime:0.000333s ]
[ sql ] [ SQL ] SELECT COUNT(*) AS tp_count FROM `tk_houses` WHERE  (   cdate >= '2020-06-02 00:00:00' and cdate <= '2020-06-02 23:59:59' ) LIMIT 1 [ RunTime:0.000361s ]
[ sql ] [ SQL ] SELECT COUNT(*) AS tp_count FROM `tk_user` WHERE  (   cdate >= '2020-06-02 00:00:00' and cdate <= '2020-06-02 23:59:59' ) LIMIT 1 [ RunTime:0.000923s ]
[ sql ] [ SQL ] SELECT COUNT(*) AS tp_count FROM `tk_houses` WHERE  (   cdate >= '2020-06-03 00:00:00' and cdate <= '2020-06-03 23:59:59' ) LIMIT 1 [ RunTime:0.000806s ]
[ sql ] [ SQL ] SELECT COUNT(*) AS tp_count FROM `tk_user` WHERE  (   cdate >= '2020-06-03 00:00:00' and cdate <= '2020-06-03 23:59:59' ) LIMIT 1 [ RunTime:0.001026s ]
---------------------------------------------------------------
[ 2020-06-03T09:38:46+08:00 ] 127.0.0.1 POST www.huaxiang.com/xcx/index/gethousepie.html
[运行时间：0.103319s] [吞吐率：9.68req/s] [内存消耗：3,008.61kb] [文件加载：56]
[ info ] [ LANG ] D:\phpStudy\PHPTutorial\WWW\newxcx\huaxiang\thinkphp\lang\zh-cn.php
[ info ] [ ROUTE ] array (
  'type' => 'module',
  'module' => 
  array (
    0 => 'xcx',
    1 => 'index',
    2 => 'gethousepie',
  ),
)
[ info ] [ HEADER ] array (
  'host' => 'www.huaxiang.com',
  'connection' => 'keep-alive',
  'content-length' => '0',
  'accept' => 'application/json, text/javascript, */*; q=0.01',
  'origin' => 'http://www.huaxiang.com',
  'x-requested-with' => 'XMLHttpRequest',
  'user-agent' => 'Mozilla/5.0 (Windows NT 10.0; Win64; x64) AppleWebKit/537.36 (KHTML, like Gecko) Chrome/78.0.3904.70 Safari/537.36',
  'referer' => 'http://www.huaxiang.com/xcx/index/welcome.html',
  'accept-encoding' => 'gzip, deflate',
  'accept-language' => 'zh-CN,zh;q=0.9',
  'cookie' => 'PHPSESSID=ru01iog52uk0c5sb87voqha6a2',
)
[ info ] [ PARAM ] array (
  '/xcx/index/gethousepie_html' => '',
)
[ info ] [ SESSION ] INIT array (
  'id' => '',
  'var_session_id' => '',
  'prefix' => 'think',
  'type' => '',
  'auto_start' => true,
)
[ info ] [ RUN ] app\xcx\controller\Index->getHousePie[ D:\phpStudy\PHPTutorial\WWW\newxcx\huaxiang\application\xcx\controller\Index.php ]
[ info ] [ DB ] INIT mysql
[ info ] [ LOG ] INIT File
[ sql ] [ DB ] CONNECT:[ UseTime:0.001088s ] mysql:host=127.0.0.1;port=3306;dbname=xcxnew;charset=utf8mb4
[ sql ] [ SQL ] SHOW COLUMNS FROM `tk_houses` [ RunTime:0.019734s ]
[ sql ] [ SQL ] SELECT COUNT(*) AS tp_count FROM `tk_houses` WHERE  (  city = '墨尔本' ) LIMIT 1 [ RunTime:0.000913s ]
[ sql ] [ SQL ] SELECT COUNT(*) AS tp_count FROM `tk_houses` WHERE  (  city = '悉尼' ) LIMIT 1 [ RunTime:0.000667s ]
[ sql ] [ SQL ] SELECT COUNT(*) AS tp_count FROM `tk_houses` WHERE  (  city = '塔州' ) LIMIT 1 [ RunTime:0.000769s ]
[ sql ] [ SQL ] SELECT COUNT(*) AS tp_count FROM `tk_houses` WHERE  (  city = '布里斯班' ) LIMIT 1 [ RunTime:0.000571s ]
